#
# A fatal error has been detected by the Java Runtime Environment:
#
#  SIGSEGV (0xb) at pc=0x00007fd6446d9ebd, pid=13930, tid=140558259664640
#
# JRE version: Java(TM) SE Runtime Environment (8.0_60-b27) (build 1.8.0_60-b27)
# Java VM: Java HotSpot(TM) 64-Bit Server VM (25.60-b23 mixed mode linux-amd64 compressed oops)
# Problematic frame:
# C  [libc.so.6+0x7eebd]  cfree+0x1d
#
# Core dump written. Default location: /gscuser/idas/genome-strip-test/q-Hello/core or core.13930
#
# If you would like to submit a bug report, please visit:
#   http://bugreport.java.com/bugreport/crash.jsp
# The crash happened outside the Java Virtual Machine in native code.
# See problematic frame for where to report the bug.
#

---------------  T H R E A D  ---------------

Current thread (0x0000000001c63800):  JavaThread "main" [_thread_in_native, id=13931, stack(0x00007fd645133000,0x00007fd645234000)]

siginfo: si_signo: 11 (SIGSEGV), si_code: 128 (SI_KERNEL), si_addr: 0x0000000000000000

Registers:
RAX=0x0000000000000000, RBX=0x0000000000002723, RCX=0x000000000000002e, RDX=0x0000000000000000
RSP=0x00007fd64522cd80, RBP=0x00007fd64522e280, RSI=0x0000000000000000, RDI=0x7473756c6366736c
R8 =0x0000000000000041, R9 =0x0101010101010101, R10=0x00007fd644786c30, R11=0x00007fd6446e1dba
R12=0x0000000000000001, R13=0x0000000000000000, R14=0x0000000000000005, R15=0x0000000002db8900
RIP=0x00007fd6446d9ebd, EFLAGS=0x0000000000010206, CSGSFS=0x0000000000000033, ERR=0x0000000000000000
  TRAPNO=0x000000000000000d

Top of Stack: (sp=0x00007fd64522cd80)
0x00007fd64522cd80:   313336372c24ac58 00007fd62f86c330
0x00007fd64522cd90:   000000002f86c470 00007fd62f86c490
0x00007fd64522cda0:   0000000000002723 00007fd626d3ae4a
0x00007fd64522cdb0:   000000302ced1180 00007fd62cea3750
0x00007fd64522cdc0:   00007fd62cea3790 000000002f86c470
0x00007fd64522cdd0:   00007fd62f86c490 00007fd62f7c7758
0x00007fd64522cde0:   000000002f86c490 00007fd62f86c410
0x00007fd64522cdf0:   000000002c24abb8 00007fd64522cea0
0x00007fd64522ce00:   0000000b2f86c490 00007fd62f7c7758
0x00007fd64522ce10:   0000000002b0c9d3 00007fd62f7c7608
0x00007fd64522ce20:   000000002f86c410 000000002cea37b0
0x00007fd64522ce30:   000000002f86c410 000000002f86c490
0x00007fd64522ce40:   000000002f7c7758 00007fd62761b568
0x00007fd64522ce50:   00007fd62f7c7608 00000000276085b0
0x00007fd64522ce60:   00007fd62cea3710 000000002f86c430
0x00007fd64522ce70:   00007fd62c24abb8 00007fd62ced10e0
0x00007fd64522ce80:   00007fd62f7c7608 00007fd62f86c410
0x00007fd64522ce90:   00007fd62f86c4b0 000000002761b568
0x00007fd64522cea0:   00007fd62f86c430 00007fd627608590
0x00007fd64522ceb0:   0000000027608590 000000002f7c7608
0x00007fd64522cec0:   000000002f86c2f0 000000002f86c4b0
0x00007fd64522ced0:   0000000027614330 00000000276143f0
0x00007fd64522cee0:   00007fd6276143f0 00007fd62f86c2d0
0x00007fd64522cef0:   00007fd6276085b0 000000052f86c4b0
0x00007fd64522cf00:   0000000127608590 00007fd62f86c3f0
0x00007fd64522cf10:   ffffffff27608590 0000000027658760
0x00007fd64522cf20:   00007fd62f86c3d0 000000002f86c2f0
0x00007fd64522cf30:   00007fd62f86c4b0 000000002c25a9e0
0x00007fd64522cf40:   0000000027608590 00007fd62f86c250
0x00007fd64522cf50:   0000000000000000 000000002f86c250
0x00007fd64522cf60:   0000000027614350 000000002f86c230
0x00007fd64522cf70:   0000000027658760 00000000276085b0 

Instructions: (pc=0x00007fd6446d9ebd)
0x00007fd6446d9e9d:   1f 40 00 53 48 83 ec 20 48 8b 05 b4 40 30 00 48
0x00007fd6446d9ead:   8b 00 48 85 c0 0f 85 68 01 00 00 48 85 ff 74 72
0x00007fd6446d9ebd:   48 8b 77 f8 4c 8d 47 f0 40 f6 c6 02 75 6d 83 e6
0x00007fd6446d9ecd:   04 48 8d 1d 4b 5f 30 00 74 0c 4c 89 c0 48 25 00 

Register to memory mapping:

RAX=0x0000000000000000 is an unknown value
RBX=0x0000000000002723 is an unknown value
RCX=0x000000000000002e is an unknown value
RDX=0x0000000000000000 is an unknown value
RSP=0x00007fd64522cd80 is pointing into the stack for thread: 0x0000000001c63800
RBP=0x00007fd64522e280 is pointing into the stack for thread: 0x0000000001c63800
RSI=0x0000000000000000 is an unknown value
RDI=0x7473756c6366736c is an unknown value
R8 =0x0000000000000041 is an unknown value
R9 =0x0101010101010101 is an unknown value
R10=0x00007fd644786c30: <offset 0x12bc30> in /lib/libc.so.6 at 0x00007fd64465b000
R11=0x00007fd6446e1dba: memset+0x7a in /lib/libc.so.6 at 0x00007fd64465b000
R12=0x0000000000000001 is an unknown value
R13=0x0000000000000000 is an unknown value
R14=0x0000000000000005 is an unknown value
R15=0x0000000002db8900 is an unknown value


Stack: [0x00007fd645133000,0x00007fd645234000],  sp=0x00007fd64522cd80,  free space=999k
Native frames: (J=compiled Java code, j=interpreted, Vv=VM code, C=native code)
C  [libc.so.6+0x7eebd]  cfree+0x1d
C  [libbat.so+0x7104b]  modifyJobInformation+0x1d63
C  [libbat.so+0x50e17]  lsb_submit2+0x656
C  [libbat.so+0x760ba]  lsb_submit_withretry+0x38
C  [libbat.so+0x507b1]  lsb_submit+0x183
C  [libdrmaa.so+0xade7]  lsfdrmaa_session_run_bulk+0x237

Java frames: (J=compiled Java code, j=interpreted, Vv=VM code)
j  org.broadinstitute.gatk.utils.jna.drmaa.v1_0.LibDrmaa.drmaa_run_job(Lcom/sun/jna/Pointer;Lcom/sun/jna/NativeLong;Lcom/sun/jna/Pointer;Lcom/sun/jna/Pointer;Lcom/sun/jna/NativeLong;)I+0
j  org.broadinstitute.gatk.utils.jna.drmaa.v1_0.JnaSession.runJob(Lorg/ggf/drmaa/JobTemplate;)Ljava/lang/String;+473
j  org.broadinstitute.gatk.queue.engine.drmaa.DrmaaJobRunner$$anonfun$start$1.apply$mcV$sp()V+23
j  org.broadinstitute.gatk.queue.engine.drmaa.DrmaaJobRunner$$anonfun$start$1.apply()V+1
j  org.broadinstitute.gatk.queue.engine.drmaa.DrmaaJobRunner$$anonfun$start$1.apply()Ljava/lang/Object;+1
j  org.broadinstitute.gatk.queue.util.Retry$.attempt(Lscala/Function0;Lscala/collection/Seq;)Ljava/lang/Object;+182
j  org.broadinstitute.gatk.queue.engine.drmaa.DrmaaJobRunner.start()V+299
j  org.broadinstitute.gatk.queue.engine.FunctionEdge.start()V+219
j  org.broadinstitute.gatk.queue.engine.QGraph.runJobs()V+366
j  org.broadinstitute.gatk.queue.engine.QGraph.run()V+160
j  org.broadinstitute.gatk.queue.QCommandLine.execute()I+336
j  org.broadinstitute.gatk.utils.commandline.CommandLineProgram.start(Lorg/broadinstitute/gatk/utils/commandline/CommandLineProgram;[Ljava/lang/String;Z)V+312
j  org.broadinstitute.gatk.utils.commandline.CommandLineProgram.start(Lorg/broadinstitute/gatk/utils/commandline/CommandLineProgram;[Ljava/lang/String;)V+3
j  org.broadinstitute.gatk.queue.QCommandLine$.main([Ljava/lang/String;)V+26
j  org.broadinstitute.gatk.queue.QCommandLine.main([Ljava/lang/String;)V+4
v  ~StubRoutines::call_stub

---------------  P R O C E S S  ---------------

Java Threads: ( => current thread )
  0x00007fd62800c000 JavaThread "Service Thread" daemon [_thread_blocked, id=13943, stack(0x00007fd62da97000,0x00007fd62db98000)]
  0x0000000001d26000 JavaThread "C1 CompilerThread2" daemon [_thread_blocked, id=13942, stack(0x00007fd62db98000,0x00007fd62dc99000)]
  0x0000000001d23800 JavaThread "C2 CompilerThread1" daemon [_thread_blocked, id=13941, stack(0x00007fd62dc99000,0x00007fd62dd9a000)]
  0x0000000001d20800 JavaThread "C2 CompilerThread0" daemon [_thread_blocked, id=13940, stack(0x00007fd62dd9a000,0x00007fd62de9b000)]
  0x0000000001d1f000 JavaThread "Signal Dispatcher" daemon [_thread_blocked, id=13939, stack(0x00007fd62de9b000,0x00007fd62df9c000)]
  0x0000000001cde000 JavaThread "Finalizer" daemon [_thread_blocked, id=13938, stack(0x00007fd62dfdb000,0x00007fd62e0dc000)]
  0x0000000001cd6800 JavaThread "Reference Handler" daemon [_thread_blocked, id=13937, stack(0x00007fd62e0dc000,0x00007fd62e1dd000)]
=>0x0000000001c63800 JavaThread "main" [_thread_in_native, id=13931, stack(0x00007fd645133000,0x00007fd645234000)]

Other Threads:
  0x0000000001cd1000 VMThread [stack: 0x00007fd62e1dd000,0x00007fd62e2de000] [id=13936]
  0x00007fd62800f000 WatcherThread [stack: 0x00007fd62d996000,0x00007fd62da97000] [id=13944]

VM state:not at safepoint (normal execution)

VM Mutex/Monitor currently owned by a thread: None

Heap:
 PSYoungGen      total 459776K, used 145702K [0x00000000e0e00000, 0x0000000100000000, 0x0000000100000000)
  eden space 409600K, 35% used [0x00000000e0e00000,0x00000000e9c49ab0,0x00000000f9e00000)
  from space 50176K, 0% used [0x00000000f9e00000,0x00000000f9e00000,0x00000000fcf00000)
  to   space 50176K, 0% used [0x00000000fcf00000,0x00000000fcf00000,0x0000000100000000)
 ParOldGen       total 104960K, used 60440K [0x00000000a2a00000, 0x00000000a9080000, 0x00000000e0e00000)
  object space 104960K, 57% used [0x00000000a2a00000,0x00000000a6506098,0x00000000a9080000)
 Metaspace       used 34605K, capacity 34741K, committed 34944K, reserved 1079296K
  class space    used 5656K, capacity 5688K, committed 5760K, reserved 1048576K

Card table byte_map: [0x00007fd6334f4000,0x00007fd6337e0000] byte_map_base: 0x00007fd632fdf000

Marking Bits: (ParMarkBitMap*) 0x00007fd64462fde0
 Begin Bits: [0x00007fd63004e000, 0x00007fd6317a6000)
 End Bits:   [0x00007fd6317a6000, 0x00007fd632efe000)

Polling page: 0x00007fd645132000

CodeCache: size=245760Kb used=15159Kb max_used=15159Kb free=230600Kb
 bounds [0x00007fd633ba0000, 0x00007fd634a80000, 0x00007fd642ba0000]
 total_blobs=4899 nmethods=4502 adapters=307
 compilation: enabled

Compilation events (10 events):
Event: 26.109 Thread 0x0000000001d26000 4901       3       com.sun.jna.Memory::getPointer (15 bytes)
Event: 26.110 Thread 0x0000000001d26000 nmethod 4901 0x00007fd634a547d0 code [0x00007fd634a54960, 0x00007fd634a54c38]
Event: 26.110 Thread 0x0000000001d26000 4902       3       com.sun.jna.Pointer::getPointer (10 bytes)
Event: 26.110 Thread 0x0000000001d26000 nmethod 4902 0x00007fd634a54450 code [0x00007fd634a545c0, 0x00007fd634a54748]
Event: 26.110 Thread 0x0000000001d26000 4905   !   3       com.sun.jna.Pointer::getString (94 bytes)
Event: 26.111 Thread 0x0000000001d26000 nmethod 4905 0x00007fd634a52210 code [0x00007fd634a524c0, 0x00007fd634a539f8]
Event: 26.111 Thread 0x0000000001d26000 4906       3       com.sun.jna.Memory::getString (13 bytes)
Event: 26.112 Thread 0x0000000001d26000 nmethod 4906 0x00007fd634a51c90 code [0x00007fd634a51e20, 0x00007fd634a520f8]
Event: 26.112 Thread 0x0000000001d26000 4907       3       com.sun.jna.Pointer::getString (11 bytes)
Event: 26.112 Thread 0x0000000001d26000 nmethod 4907 0x00007fd634a51910 code [0x00007fd634a51a80, 0x00007fd634a51c08]

GC Heap History (10 events):
Event: 3.577 GC heap before
{Heap before GC invocations=10 (full 0):
 PSYoungGen      total 207360K, used 207354K [0x00000000e0e00000, 0x00000000f6900000, 0x0000000100000000)
  eden space 189952K, 100% used [0x00000000e0e00000,0x00000000ec780000,0x00000000ec780000)
  from space 17408K, 99% used [0x00000000ec780000,0x00000000ed87ebe0,0x00000000ed880000)
  to   space 25600K, 0% used [0x00000000f5000000,0x00000000f5000000,0x00000000f6900000)
 ParOldGen       total 64512K, used 22841K [0x00000000a2a00000, 0x00000000a6900000, 0x00000000e0e00000)
  object space 64512K, 35% used [0x00000000a2a00000,0x00000000a404e690,0x00000000a6900000)
 Metaspace       used 9445K, capacity 9514K, committed 9600K, reserved 1056768K
  class space    used 1348K, capacity 1361K, committed 1408K, reserved 1048576K
Event: 3.603 GC heap after
Heap after GC invocations=10 (full 0):
 PSYoungGen      total 324096K, used 25572K [0x00000000e0e00000, 0x00000000f7400000, 0x0000000100000000)
  eden space 298496K, 0% used [0x00000000e0e00000,0x00000000e0e00000,0x00000000f3180000)
  from space 25600K, 99% used [0x00000000f5000000,0x00000000f68f9040,0x00000000f6900000)
  to   space 31232K, 0% used [0x00000000f3180000,0x00000000f3180000,0x00000000f5000000)
 ParOldGen       total 64512K, used 25846K [0x00000000a2a00000, 0x00000000a6900000, 0x00000000e0e00000)
  object space 64512K, 40% used [0x00000000a2a00000,0x00000000a433dae8,0x00000000a6900000)
 Metaspace       used 9445K, capacity 9514K, committed 9600K, reserved 1056768K
  class space    used 1348K, capacity 1361K, committed 1408K, reserved 1048576K
}
Event: 4.526 GC heap before
{Heap before GC invocations=11 (full 0):
 PSYoungGen      total 324096K, used 324068K [0x00000000e0e00000, 0x00000000f7400000, 0x0000000100000000)
  eden space 298496K, 100% used [0x00000000e0e00000,0x00000000f3180000,0x00000000f3180000)
  from space 25600K, 99% used [0x00000000f5000000,0x00000000f68f9040,0x00000000f6900000)
  to   space 31232K, 0% used [0x00000000f3180000,0x00000000f3180000,0x00000000f5000000)
 ParOldGen       total 64512K, used 25846K [0x00000000a2a00000, 0x00000000a6900000, 0x00000000e0e00000)
  object space 64512K, 40% used [0x00000000a2a00000,0x00000000a433dae8,0x00000000a6900000)
 Metaspace       used 9456K, capacity 9514K, committed 9600K, reserved 1056768K
  class space    used 1348K, capacity 1361K, committed 1408K, reserved 1048576K
Event: 4.566 GC heap after
Heap after GC invocations=11 (full 0):
 PSYoungGen      total 329728K, used 31209K [0x00000000e0e00000, 0x0000000100000000, 0x0000000100000000)
  eden space 298496K, 0% used [0x00000000e0e00000,0x00000000e0e00000,0x00000000f3180000)
  from space 31232K, 99% used [0x00000000f3180000,0x00000000f4ffa6e0,0x00000000f5000000)
  to   space 40960K, 0% used [0x00000000fd800000,0x00000000fd800000,0x0000000100000000)
 ParOldGen       total 64512K, used 37265K [0x00000000a2a00000, 0x00000000a6900000, 0x00000000e0e00000)
  object space 64512K, 57% used [0x00000000a2a00000,0x00000000a4e64530,0x00000000a6900000)
 Metaspace       used 9456K, capacity 9514K, committed 9600K, reserved 1056768K
  class space    used 1348K, capacity 1361K, committed 1408K, reserved 1048576K
}
Event: 5.374 GC heap before
{Heap before GC invocations=12 (full 0):
 PSYoungGen      total 329728K, used 329705K [0x00000000e0e00000, 0x0000000100000000, 0x0000000100000000)
  eden space 298496K, 100% used [0x00000000e0e00000,0x00000000f3180000,0x00000000f3180000)
  from space 31232K, 99% used [0x00000000f3180000,0x00000000f4ffa6e0,0x00000000f5000000)
  to   space 40960K, 0% used [0x00000000fd800000,0x00000000fd800000,0x0000000100000000)
 ParOldGen       total 64512K, used 37265K [0x00000000a2a00000, 0x00000000a6900000, 0x00000000e0e00000)
  object space 64512K, 57% used [0x00000000a2a00000,0x00000000a4e64530,0x00000000a6900000)
 Metaspace       used 9459K, capacity 9514K, committed 9600K, reserved 1056768K
  class space    used 1348K, capacity 1361K, committed 1408K, reserved 1048576K
Event: 5.416 GC heap after
Heap after GC invocations=12 (full 0):
 PSYoungGen      total 450560K, used 40939K [0x00000000e0e00000, 0x0000000100000000, 0x0000000100000000)
  eden space 409600K, 0% used [0x00000000e0e00000,0x00000000e0e00000,0x00000000f9e00000)
  from space 40960K, 99% used [0x00000000fd800000,0x00000000ffffae20,0x0000000100000000)
  to   space 50176K, 0% used [0x00000000f9e00000,0x00000000f9e00000,0x00000000fcf00000)
 ParOldGen       total 64512K, used 42125K [0x00000000a2a00000, 0x00000000a6900000, 0x00000000e0e00000)
  object space 64512K, 65% used [0x00000000a2a00000,0x00000000a5323778,0x00000000a6900000)
 Metaspace       used 9459K, capacity 9514K, committed 9600K, reserved 1056768K
  class space    used 1348K, capacity 1361K, committed 1408K, reserved 1048576K
}
Event: 6.947 GC heap before
{Heap before GC invocations=13 (full 0):
 PSYoungGen      total 450560K, used 230213K [0x00000000e0e00000, 0x0000000100000000, 0x0000000100000000)
  eden space 409600K, 46% used [0x00000000e0e00000,0x00000000ec6d6660,0x00000000f9e00000)
  from space 40960K, 99% used [0x00000000fd800000,0x00000000ffffae20,0x0000000100000000)
  to   space 50176K, 0% used [0x00000000f9e00000,0x00000000f9e00000,0x00000000fcf00000)
 ParOldGen       total 64512K, used 42125K [0x00000000a2a00000, 0x00000000a6900000, 0x00000000e0e00000)
  object space 64512K, 65% used [0x00000000a2a00000,0x00000000a5323778,0x00000000a6900000)
 Metaspace       used 20994K, capacity 21077K, committed 21248K, reserved 1067008K
  class space    used 3259K, capacity 3288K, committed 3328K, reserved 1048576K
Event: 6.996 GC heap after
Heap after GC invocations=13 (full 0):
 PSYoungGen      total 459776K, used 50162K [0x00000000e0e00000, 0x0000000100000000, 0x0000000100000000)
  eden space 409600K, 0% used [0x00000000e0e00000,0x00000000e0e00000,0x00000000f9e00000)
  from space 50176K, 99% used [0x00000000f9e00000,0x00000000fcefc8c8,0x00000000fcf00000)
  to   space 50176K, 0% used [0x00000000fcf00000,0x00000000fcf00000,0x0000000100000000)
 ParOldGen       total 64512K, used 47100K [0x00000000a2a00000, 0x00000000a6900000, 0x00000000e0e00000)
  object space 64512K, 73% used [0x00000000a2a00000,0x00000000a57ff328,0x00000000a6900000)
 Metaspace       used 20994K, capacity 21077K, committed 21248K, reserved 1067008K
  class space    used 3259K, capacity 3288K, committed 3328K, reserved 1048576K
}
Event: 6.996 GC heap before
{Heap before GC invocations=14 (full 1):
 PSYoungGen      total 459776K, used 50162K [0x00000000e0e00000, 0x0000000100000000, 0x0000000100000000)
  eden space 409600K, 0% used [0x00000000e0e00000,0x00000000e0e00000,0x00000000f9e00000)
  from space 50176K, 99% used [0x00000000f9e00000,0x00000000fcefc8c8,0x00000000fcf00000)
  to   space 50176K, 0% used [0x00000000fcf00000,0x00000000fcf00000,0x0000000100000000)
 ParOldGen       total 64512K, used 47100K [0x00000000a2a00000, 0x00000000a6900000, 0x00000000e0e00000)
  object space 64512K, 73% used [0x00000000a2a00000,0x00000000a57ff328,0x00000000a6900000)
 Metaspace       used 20994K, capacity 21077K, committed 21248K, reserved 1067008K
  class space    used 3259K, capacity 3288K, committed 3328K, reserved 1048576K
Event: 7.133 GC heap after
Heap after GC invocations=14 (full 1):
 PSYoungGen      total 459776K, used 0K [0x00000000e0e00000, 0x0000000100000000, 0x0000000100000000)
  eden space 409600K, 0% used [0x00000000e0e00000,0x00000000e0e00000,0x00000000f9e00000)
  from space 50176K, 0% used [0x00000000f9e00000,0x00000000f9e00000,0x00000000fcf00000)
  to   space 50176K, 0% used [0x00000000fcf00000,0x00000000fcf00000,0x0000000100000000)
 ParOldGen       total 104960K, used 60440K [0x00000000a2a00000, 0x00000000a9080000, 0x00000000e0e00000)
  object space 104960K, 57% used [0x00000000a2a00000,0x00000000a6506098,0x00000000a9080000)
 Metaspace       used 20994K, capacity 21077K, committed 21248K, reserved 1067008K
  class space    used 3259K, capacity 3288K, committed 3328K, reserved 1048576K
}

Deoptimization events (10 events):
Event: 10.514 Thread 0x0000000001c63800 Uncommon trap: reason=unstable_if action=reinterpret pc=0x00007fd633fcb7cc method=java.lang.CharacterDataLatin1.toUpperCase(I)I @ 12
Event: 10.514 Thread 0x0000000001c63800 Uncommon trap: reason=unstable_if action=reinterpret pc=0x00007fd633f9b3bc method=java.lang.CharacterDataLatin1.toUpperCase(I)I @ 12
Event: 10.515 Thread 0x0000000001c63800 Uncommon trap: reason=class_check action=maybe_recompile pc=0x00007fd633d3b078 method=sun.misc.URLClassPath.getLoader(I)Lsun/misc/URLClassPath$Loader; @ 193
Event: 10.543 Thread 0x0000000001c63800 Uncommon trap: reason=unstable_if action=reinterpret pc=0x00007fd634a1f840 method=java.util.Properties.loadConvert([CII[C)Ljava/lang/String; @ 417
Event: 10.547 Thread 0x0000000001c63800 Uncommon trap: reason=unstable_if action=reinterpret pc=0x00007fd634a204c8 method=java.util.Properties$LineReader.readLine()I @ 206
Event: 10.587 Thread 0x0000000001c63800 Uncommon trap: reason=unstable_if action=reinterpret pc=0x00007fd634a2eeb0 method=java.util.Properties$LineReader.readLine()I @ 377
Event: 10.628 Thread 0x0000000001c63800 Uncommon trap: reason=unstable_if action=reinterpret pc=0x00007fd634a32c84 method=java.util.Properties$LineReader.readLine()I @ 77
Event: 10.628 Thread 0x0000000001c63800 Uncommon trap: reason=unstable_if action=reinterpret pc=0x00007fd634a2219c method=java.util.Properties.load0(Ljava/util/Properties$LineReader;)V @ 12
Event: 10.651 Thread 0x0000000001c63800 Uncommon trap: reason=class_check action=maybe_recompile pc=0x00007fd633d3b078 method=sun.misc.URLClassPath.getLoader(I)Lsun/misc/URLClassPath$Loader; @ 193
Event: 10.658 Thread 0x0000000001c63800 Uncommon trap: reason=class_check action=maybe_recompile pc=0x00007fd633d3b078 method=sun.misc.URLClassPath.getLoader(I)Lsun/misc/URLClassPath$Loader; @ 193

Internal exceptions (10 events):
Event: 0.203 Thread 0x0000000001c63800 Exception <a 'java/security/PrivilegedActionException'> (0x00000000e10fb6f0) thrown at [/HUDSON/workspace/8-2-build-linux-amd64/jdk8u60/4407/hotspot/src/share/vm/prims/jvm.cpp, line 1386]
Event: 0.203 Thread 0x0000000001c63800 Exception <a 'java/security/PrivilegedActionException'> (0x00000000e10fe030) thrown at [/HUDSON/workspace/8-2-build-linux-amd64/jdk8u60/4407/hotspot/src/share/vm/prims/jvm.cpp, line 1386]
Event: 0.203 Thread 0x0000000001c63800 Exception <a 'java/security/PrivilegedActionException'> (0x00000000e10fe240) thrown at [/HUDSON/workspace/8-2-build-linux-amd64/jdk8u60/4407/hotspot/src/share/vm/prims/jvm.cpp, line 1386]
Event: 1.200 Thread 0x0000000001c63800 Implicit null exception at 0x00007fd633e5da83 to 0x00007fd633e5e4cd
Event: 5.683 Thread 0x0000000001c63800 Implicit null exception at 0x00007fd633ec9ee7 to 0x00007fd633eca0c9
Event: 5.683 Thread 0x0000000001c63800 Implicit null exception at 0x00007fd633eae57f to 0x00007fd633eae689
Event: 5.757 Thread 0x0000000001c63800 Exception <a 'java/lang/ArrayIndexOutOfBoundsException'> (0x00000000e6428e08) thrown at [/HUDSON/workspace/8-2-build-linux-amd64/jdk8u60/4407/hotspot/src/share/vm/runtime/sharedRuntime.cpp, line 605]
Event: 5.757 Thread 0x0000000001c63800 Exception <a 'java/lang/ArrayIndexOutOfBoundsException'> (0x00000000e6429d10) thrown at [/HUDSON/workspace/8-2-build-linux-amd64/jdk8u60/4407/hotspot/src/share/vm/runtime/sharedRuntime.cpp, line 605]
Event: 5.800 Thread 0x0000000001c63800 Exception <a 'java/lang/ArrayIndexOutOfBoundsException': 286> (0x00000000e652afd0) thrown at [/HUDSON/workspace/8-2-build-linux-amd64/jdk8u60/4407/hotspot/src/share/vm/interpreter/interpreterRuntime.cpp, line 366]
Event: 10.504 Thread 0x0000000001c63800 Implicit null exception at 0x00007fd633efc016 to 0x00007fd633eff8b1

Events (10 events):
Event: 10.798 loading class scala/Console$
Event: 10.798 loading class scala/Console$ done
Event: 10.799 loading class scala/util/DynamicVariable
Event: 10.799 loading class scala/util/DynamicVariable done
Event: 10.799 loading class scala/util/DynamicVariable$$anon$1
Event: 10.799 loading class scala/util/DynamicVariable$$anon$1 done
Event: 15.800 loading class java/util/StringJoiner
Event: 15.801 loading class java/util/StringJoiner done
Event: 25.973 loading class org/broadinstitute/gatk/queue/engine/QGraph$$anonfun$runJobs$2
Event: 25.973 loading class org/broadinstitute/gatk/queue/engine/QGraph$$anonfun$runJobs$2 done


Dynamic libraries:
00400000-00401000 r-xp 00000000 00:1f 8232201                            /gapp/x64linux/opt/java/jdk/jdk1.8.0_60/bin/java
00600000-00601000 rw-p 00000000 00:1f 8232201                            /gapp/x64linux/opt/java/jdk/jdk1.8.0_60/bin/java
01c5a000-06b1e000 rw-p 00000000 00:00 0                                  [heap]
a2a00000-a9080000 rw-p 00000000 00:00 0 
a9080000-e0e00000 ---p 00000000 00:00 0 
e0e00000-100000000 rw-p 00000000 00:00 0 
100000000-1005a0000 rw-p 00000000 00:00 0 
1005a0000-140000000 ---p 00000000 00:00 0 
7fd625e73000-7fd625e89000 r-xp 00000000 08:03 26169480                   /lib/libresolv-2.11.1.so
7fd625e89000-7fd626088000 ---p 00016000 08:03 26169480                   /lib/libresolv-2.11.1.so
7fd626088000-7fd626089000 r--p 00015000 08:03 26169480                   /lib/libresolv-2.11.1.so
7fd626089000-7fd62608a000 rw-p 00016000 08:03 26169480                   /lib/libresolv-2.11.1.so
7fd62608a000-7fd62608c000 rw-p 00000000 00:00 0 
7fd62608c000-7fd626091000 r-xp 00000000 08:03 26169472                   /lib/libnss_dns-2.11.1.so
7fd626091000-7fd626290000 ---p 00005000 08:03 26169472                   /lib/libnss_dns-2.11.1.so
7fd626290000-7fd626291000 r--p 00004000 08:03 26169472                   /lib/libnss_dns-2.11.1.so
7fd626291000-7fd626292000 rw-p 00005000 08:03 26169472                   /lib/libnss_dns-2.11.1.so
7fd626292000-7fd626293000 ---p 00000000 00:00 0 
7fd626293000-7fd626a93000 rw-p 00000000 00:00 0 
7fd626a93000-7fd626aaa000 r-xp 00000000 08:03 26171005                   /lib/libnsl-2.11.1.so
7fd626aaa000-7fd626ca9000 ---p 00017000 08:03 26171005                   /lib/libnsl-2.11.1.so
7fd626ca9000-7fd626caa000 r--p 00016000 08:03 26171005                   /lib/libnsl-2.11.1.so
7fd626caa000-7fd626cab000 rw-p 00017000 08:03 26171005                   /lib/libnsl-2.11.1.so
7fd626cab000-7fd626cad000 rw-p 00000000 00:00 0 
7fd626cad000-7fd626db6000 r-xp 00000000 08:03 18383236                   /opt/lsf9/9.1/linux2.6-glibc2.3-x86_64/lib/liblsf.so
7fd626db6000-7fd626eb6000 ---p 00109000 08:03 18383236                   /opt/lsf9/9.1/linux2.6-glibc2.3-x86_64/lib/liblsf.so
7fd626eb6000-7fd626ed4000 rw-p 00109000 08:03 18383236                   /opt/lsf9/9.1/linux2.6-glibc2.3-x86_64/lib/liblsf.so
7fd626ed4000-7fd62701a000 rw-p 00000000 00:00 0 
7fd62701a000-7fd627269000 r-xp 00000000 08:03 18383227                   /opt/lsf9/9.1/linux2.6-glibc2.3-x86_64/lib/libbat.so
7fd627269000-7fd627369000 ---p 0024f000 08:03 18383227                   /opt/lsf9/9.1/linux2.6-glibc2.3-x86_64/lib/libbat.so
7fd627369000-7fd62738e000 rw-p 0024f000 08:03 18383227                   /opt/lsf9/9.1/linux2.6-glibc2.3-x86_64/lib/libbat.so
7fd62738e000-7fd6273c5000 rw-p 00000000 00:00 0 
7fd6273c5000-7fd6273ed000 r-xp 00000000 08:03 966685                     /tmp/idas-local/lib/libdrmaa.so.0.1.1
7fd6273ed000-7fd6275ed000 ---p 00028000 08:03 966685                     /tmp/idas-local/lib/libdrmaa.so.0.1.1
7fd6275ed000-7fd6275ee000 r--p 00028000 08:03 966685                     /tmp/idas-local/lib/libdrmaa.so.0.1.1
7fd6275ee000-7fd6275ef000 rw-p 00029000 08:03 966685                     /tmp/idas-local/lib/libdrmaa.so.0.1.1
7fd6275ef000-7fd62766f000 rw-p 00000000 00:00 0 
7fd62766f000-7fd6277ef000 ---p 00000000 00:00 0 
7fd6277ef000-7fd6279ef000 rw-p 00000000 00:00 0 
7fd6279ef000-7fd627bef000 rw-p 00000000 00:00 0 
7fd627bef000-7fd627def000 rw-p 00000000 00:00 0 
7fd627def000-7fd627e00000 r-xp 00000000 00:1f 8232090                    /gapp/x64linux/opt/java/jdk/jdk1.8.0_60/jre/lib/amd64/libnio.so
7fd627e00000-7fd627fff000 ---p 00011000 00:1f 8232090                    /gapp/x64linux/opt/java/jdk/jdk1.8.0_60/jre/lib/amd64/libnio.so
7fd627fff000-7fd628000000 rw-p 00010000 00:1f 8232090                    /gapp/x64linux/opt/java/jdk/jdk1.8.0_60/jre/lib/amd64/libnio.so
7fd628000000-7fd62a8ec000 rw-p 00000000 00:00 0 
7fd62a8ec000-7fd62c000000 ---p 00000000 00:00 0 
7fd62c099000-7fd62c09d000 rw-p 00000000 00:00 0 
7fd62c09d000-7fd62c0d2000 r--s 00000000 08:03 31114242                   /var/cache/nscd/group
7fd62c0d2000-7fd62c0d3000 rw-s 00000000 08:03 180751                     /tmp/ffiZmMlxc (deleted)
7fd62c0d3000-7fd62c0e8000 r-xp 00000000 08:03 180750                     /tmp/jna3382495467430435285.tmp
7fd62c0e8000-7fd62c1e7000 ---p 00015000 08:03 180750                     /tmp/jna3382495467430435285.tmp
7fd62c1e7000-7fd62c1e9000 rw-p 00014000 08:03 180750                     /tmp/jna3382495467430435285.tmp
7fd62c1e9000-7fd62c3e9000 rw-p 00000000 00:00 0 
7fd62c3e9000-7fd62c5e9000 rw-p 00000000 00:00 0 
7fd62c5e9000-7fd62c7e9000 rw-p 00000000 00:00 0 
7fd62c7e9000-7fd62c7fc000 r--s 00344000 00:1f 8232138                    /gapp/x64linux/opt/java/jdk/jdk1.8.0_60/jre/lib/resources.jar
7fd62c7fc000-7fd62c9fc000 rw-p 00000000 00:00 0 
7fd62c9fc000-7fd62cbfc000 rw-p 00000000 00:00 0 
7fd62cbfc000-7fd62cc18000 r--s 00393000 00:1f 8232124                    /gapp/x64linux/opt/java/jdk/jdk1.8.0_60/jre/lib/ext/cldrdata.jar
7fd62cc18000-7fd62cc32000 r--s 001d2000 00:1f 8232120                    /gapp/x64linux/opt/java/jdk/jdk1.8.0_60/jre/lib/ext/nashorn.jar
7fd62cc32000-7fd62ce32000 rw-p 00000000 00:00 0 
7fd62ce32000-7fd62d032000 rw-p 00000000 00:00 0 
7fd62d032000-7fd62d0c8000 r--s 01107000 00:1f 8232123                    /gapp/x64linux/opt/java/jdk/jdk1.8.0_60/jre/lib/ext/jfxrt.jar
7fd62d0c8000-7fd62d0d4000 r-xp 00000000 08:03 26171009                   /lib/libnss_files-2.11.1.so
7fd62d0d4000-7fd62d2d3000 ---p 0000c000 08:03 26171009                   /lib/libnss_files-2.11.1.so
7fd62d2d3000-7fd62d2d4000 r--p 0000b000 08:03 26171009                   /lib/libnss_files-2.11.1.so
7fd62d2d4000-7fd62d2d5000 rw-p 0000c000 08:03 26171009                   /lib/libnss_files-2.11.1.so
7fd62d2d5000-7fd62d2eb000 r-xp 00000000 00:1f 8232063                    /gapp/x64linux/opt/java/jdk/jdk1.8.0_60/jre/lib/amd64/libnet.so
7fd62d2eb000-7fd62d4eb000 ---p 00016000 00:1f 8232063                    /gapp/x64linux/opt/java/jdk/jdk1.8.0_60/jre/lib/amd64/libnet.so
7fd62d4eb000-7fd62d4ec000 rw-p 00016000 00:1f 8232063                    /gapp/x64linux/opt/java/jdk/jdk1.8.0_60/jre/lib/amd64/libnet.so
7fd62d4ec000-7fd62d559000 rw-p 00000000 00:00 0 
7fd62d559000-7fd62d81f000 r--s 02918000 00:24 5474121646                 /gscmnt/gc2802/halllab/idas/jira/BIO-1662/vendor/github/gatk-protected/protected/gatk-queue-package-distribution/target/gatk-queue-package-distribution-3.5.jar
7fd62d81f000-7fd62d8e3000 r--s 00bca000 00:24 5474121653                 /gscmnt/gc2802/halllab/idas/jira/BIO-1662/vendor/local/jars/GenomeAnalysisTK-3.5-idas-experimental-dba6464-2016.03.31.jar
7fd62d8e3000-7fd62d996000 r--s 006a9000 00:24 4308981248                 /gscmnt/gc2801/analytics/jeldred/GenomeSTRiP/svtoolkit/lib/depend/aws-java-sdk-1.3.23.jar
7fd62d996000-7fd62d997000 ---p 00000000 00:00 0 
7fd62d997000-7fd62da97000 rw-p 00000000 00:00 0 
7fd62da97000-7fd62da9a000 ---p 00000000 00:00 0 
7fd62da9a000-7fd62db98000 rw-p 00000000 00:00 0 
7fd62db98000-7fd62db9b000 ---p 00000000 00:00 0 
7fd62db9b000-7fd62dc99000 rw-p 00000000 00:00 0 
7fd62dc99000-7fd62dc9c000 ---p 00000000 00:00 0 
7fd62dc9c000-7fd62dd9a000 rw-p 00000000 00:00 0 
7fd62dd9a000-7fd62dd9d000 ---p 00000000 00:00 0 
7fd62dd9d000-7fd62de9b000 rw-p 00000000 00:00 0 
7fd62de9b000-7fd62de9e000 ---p 00000000 00:00 0 
7fd62de9e000-7fd62df9c000 rw-p 00000000 00:00 0 
7fd62df9c000-7fd62dfdb000 r--p 00000000 08:03 13914187                   /usr/lib/locale/en_US.utf8/LC_CTYPE
7fd62dfdb000-7fd62dfde000 ---p 00000000 00:00 0 
7fd62dfde000-7fd62e0dc000 rw-p 00000000 00:00 0 
7fd62e0dc000-7fd62e0df000 ---p 00000000 00:00 0 
7fd62e0df000-7fd62e1dd000 rw-p 00000000 00:00 0 
7fd62e1dd000-7fd62e1de000 ---p 00000000 00:00 0 
7fd62e1de000-7fd62f292000 rw-p 00000000 00:00 0 
7fd62f292000-7fd62f46a000 r--s 03d17000 00:1f 8232108                    /gapp/x64linux/opt/java/jdk/jdk1.8.0_60/jre/lib/rt.jar
7fd62f46a000-7fd632efe000 rw-p 00000000 00:00 0 
7fd632efe000-7fd632eff000 ---p 00000000 00:00 0 
7fd632eff000-7fd632fff000 rw-p 00000000 00:00 0 
7fd632fff000-7fd633000000 ---p 00000000 00:00 0 
7fd633000000-7fd633100000 rw-p 00000000 00:00 0 
7fd633100000-7fd633101000 ---p 00000000 00:00 0 
7fd633101000-7fd633201000 rw-p 00000000 00:00 0 
7fd633201000-7fd633202000 ---p 00000000 00:00 0 
7fd633202000-7fd633336000 rw-p 00000000 00:00 0 
7fd633336000-7fd6334f4000 ---p 00000000 00:00 0 
7fd6334f4000-7fd633528000 rw-p 00000000 00:00 0 
7fd633528000-7fd6336e6000 ---p 00000000 00:00 0 
7fd6336e6000-7fd6337df000 rw-p 00000000 00:00 0 
7fd6337df000-7fd63381c000 rw-p 00000000 00:00 0 
7fd63381c000-7fd633ba0000 ---p 00000000 00:00 0 
7fd633ba0000-7fd634a80000 rwxp 00000000 00:00 0 
7fd634a80000-7fd642ba0000 ---p 00000000 00:00 0 
7fd642ba0000-7fd642bba000 r-xp 00000000 00:1f 8232058                    /gapp/x64linux/opt/java/jdk/jdk1.8.0_60/jre/lib/amd64/libzip.so
7fd642bba000-7fd642dba000 ---p 0001a000 00:1f 8232058                    /gapp/x64linux/opt/java/jdk/jdk1.8.0_60/jre/lib/amd64/libzip.so
7fd642dba000-7fd642dbb000 rw-p 0001a000 00:1f 8232058                    /gapp/x64linux/opt/java/jdk/jdk1.8.0_60/jre/lib/amd64/libzip.so
7fd642dbb000-7fd642de5000 r-xp 00000000 00:1f 8232036                    /gapp/x64linux/opt/java/jdk/jdk1.8.0_60/jre/lib/amd64/libjava.so
7fd642de5000-7fd642fe5000 ---p 0002a000 00:1f 8232036                    /gapp/x64linux/opt/java/jdk/jdk1.8.0_60/jre/lib/amd64/libjava.so
7fd642fe5000-7fd642fe7000 rw-p 0002a000 00:1f 8232036                    /gapp/x64linux/opt/java/jdk/jdk1.8.0_60/jre/lib/amd64/libjava.so
7fd642fe7000-7fd642ff4000 r-xp 00000000 00:1f 8232052                    /gapp/x64linux/opt/java/jdk/jdk1.8.0_60/jre/lib/amd64/libverify.so
7fd642ff4000-7fd6431f4000 ---p 0000d000 00:1f 8232052                    /gapp/x64linux/opt/java/jdk/jdk1.8.0_60/jre/lib/amd64/libverify.so
7fd6431f4000-7fd6431f6000 rw-p 0000d000 00:1f 8232052                    /gapp/x64linux/opt/java/jdk/jdk1.8.0_60/jre/lib/amd64/libverify.so
7fd6431f6000-7fd6431fd000 r-xp 00000000 08:03 26169478                   /lib/librt-2.11.1.so
7fd6431fd000-7fd6433fc000 ---p 00007000 08:03 26169478                   /lib/librt-2.11.1.so
7fd6433fc000-7fd6433fd000 r--p 00006000 08:03 26169478                   /lib/librt-2.11.1.so
7fd6433fd000-7fd6433fe000 rw-p 00007000 08:03 26169478                   /lib/librt-2.11.1.so
7fd6433fe000-7fd643480000 r-xp 00000000 08:03 26169471                   /lib/libm-2.11.1.so
7fd643480000-7fd64367f000 ---p 00082000 08:03 26169471                   /lib/libm-2.11.1.so
7fd64367f000-7fd643680000 r--p 00081000 08:03 26169471                   /lib/libm-2.11.1.so
7fd643680000-7fd643681000 rw-p 00082000 08:03 26169471                   /lib/libm-2.11.1.so
7fd643681000-7fd64433f000 r-xp 00000000 00:1f 8232074                    /gapp/x64linux/opt/java/jdk/jdk1.8.0_60/jre/lib/amd64/server/libjvm.so
7fd64433f000-7fd64453e000 ---p 00cbe000 00:1f 8232074                    /gapp/x64linux/opt/java/jdk/jdk1.8.0_60/jre/lib/amd64/server/libjvm.so
7fd64453e000-7fd644616000 rw-p 00cbd000 00:1f 8232074                    /gapp/x64linux/opt/java/jdk/jdk1.8.0_60/jre/lib/amd64/server/libjvm.so
7fd644616000-7fd64465b000 rw-p 00000000 00:00 0 
7fd64465b000-7fd6447da000 r-xp 00000000 08:03 26171010                   /lib/libc-2.11.1.so
7fd6447da000-7fd6449da000 ---p 0017f000 08:03 26171010                   /lib/libc-2.11.1.so
7fd6449da000-7fd6449de000 r--p 0017f000 08:03 26171010                   /lib/libc-2.11.1.so
7fd6449de000-7fd6449df000 rw-p 00183000 08:03 26171010                   /lib/libc-2.11.1.so
7fd6449df000-7fd6449e4000 rw-p 00000000 00:00 0 
7fd6449e4000-7fd6449e6000 r-xp 00000000 08:03 26171008                   /lib/libdl-2.11.1.so
7fd6449e6000-7fd644be6000 ---p 00002000 08:03 26171008                   /lib/libdl-2.11.1.so
7fd644be6000-7fd644be7000 r--p 00002000 08:03 26171008                   /lib/libdl-2.11.1.so
7fd644be7000-7fd644be8000 rw-p 00003000 08:03 26171008                   /lib/libdl-2.11.1.so
7fd644be8000-7fd644bfd000 r-xp 00000000 00:1f 8231119                    /gapp/x64linux/opt/java/jdk/jdk1.8.0_60/lib/amd64/jli/libjli.so
7fd644bfd000-7fd644dfd000 ---p 00015000 00:1f 8231119                    /gapp/x64linux/opt/java/jdk/jdk1.8.0_60/lib/amd64/jli/libjli.so
7fd644dfd000-7fd644dfe000 rw-p 00015000 00:1f 8231119                    /gapp/x64linux/opt/java/jdk/jdk1.8.0_60/lib/amd64/jli/libjli.so
7fd644dfe000-7fd644e16000 r-xp 00000000 08:03 26171004                   /lib/libpthread-2.11.1.so
7fd644e16000-7fd645015000 ---p 00018000 08:03 26171004                   /lib/libpthread-2.11.1.so
7fd645015000-7fd645016000 r--p 00017000 08:03 26171004                   /lib/libpthread-2.11.1.so
7fd645016000-7fd645017000 rw-p 00018000 08:03 26171004                   /lib/libpthread-2.11.1.so
7fd645017000-7fd64501b000 rw-p 00000000 00:00 0 
7fd64501b000-7fd64503b000 r-xp 00000000 08:03 26169483                   /lib/ld-2.11.1.so
7fd64503b000-7fd64503c000 r-xs 00000000 08:03 180751                     /tmp/ffiZmMlxc (deleted)
7fd64503c000-7fd645041000 r--s 00083000 00:1f 8232109                    /gapp/x64linux/opt/java/jdk/jdk1.8.0_60/jre/lib/jfr.jar
7fd645041000-7fd645047000 r--s 002f8000 00:1f 8232024                    /gapp/x64linux/opt/java/jdk/jdk1.8.0_60/jre/lib/charsets.jar
7fd645047000-7fd645048000 r--s 0000a000 00:1f 8232121                    /gapp/x64linux/opt/java/jdk/jdk1.8.0_60/jre/lib/ext/jaccess.jar
7fd645048000-7fd645052000 r--s 00116000 00:1f 8232117                    /gapp/x64linux/opt/java/jdk/jdk1.8.0_60/jre/lib/ext/localedata.jar
7fd645052000-7fd645056000 r--s 0003a000 00:1f 8232126                    /gapp/x64linux/opt/java/jdk/jdk1.8.0_60/jre/lib/ext/sunpkcs11.jar
7fd645056000-7fd64505c000 r--s 0003f000 00:1f 8232119                    /gapp/x64linux/opt/java/jdk/jdk1.8.0_60/jre/lib/ext/sunjce_provider.jar
7fd64505c000-7fd64505f000 r--s 0001a000 00:1f 8232025                    /gapp/x64linux/opt/java/jdk/jdk1.8.0_60/jre/lib/jce.jar
7fd64505f000-7fd645063000 r--s 00095000 00:1f 8232111                    /gapp/x64linux/opt/java/jdk/jdk1.8.0_60/jre/lib/jsse.jar
7fd645063000-7fd645064000 r--s 00009000 00:1f 8232118                    /gapp/x64linux/opt/java/jdk/jdk1.8.0_60/jre/lib/ext/sunec.jar
7fd645064000-7fd645066000 r--s 00001000 00:1f 8232125                    /gapp/x64linux/opt/java/jdk/jdk1.8.0_60/jre/lib/ext/dnsns.jar
7fd645066000-7fd645067000 r--s 00010000 00:1f 8232122                    /gapp/x64linux/opt/java/jdk/jdk1.8.0_60/jre/lib/ext/zipfs.jar
7fd645067000-7fd645076000 r--s 00141000 00:24 4301113855                 /gscmnt/gc2801/analytics/jeldred/GenomeSTRiP/svtoolkit/lib/SVToolkit.jar
7fd645076000-7fd645077000 r--p 00000000 08:03 13914192                   /usr/lib/locale/en_US.utf8/LC_NUMERIC
7fd645077000-7fd645078000 r--p 00000000 08:03 13914195                   /usr/lib/locale/en_US.utf8/LC_TIME
7fd645078000-7fd645079000 r--p 00000000 08:03 13914190                   /usr/lib/locale/en_US.utf8/LC_MONETARY
7fd645079000-7fd64507a000 r--p 00000000 08:03 13914196                   /usr/lib/locale/en_US.utf8/LC_MESSAGES/SYS_LC_MESSAGES
7fd64507a000-7fd64507b000 r--p 00000000 08:03 13914193                   /usr/lib/locale/en_US.utf8/LC_PAPER
7fd64507b000-7fd64507c000 r--p 00000000 08:03 13914191                   /usr/lib/locale/en_US.utf8/LC_NAME
7fd64507c000-7fd64507d000 r--p 00000000 08:03 13914185                   /usr/lib/locale/en_US.utf8/LC_ADDRESS
7fd64507d000-7fd64507e000 r--p 00000000 08:03 13914194                   /usr/lib/locale/en_US.utf8/LC_TELEPHONE
7fd64507e000-7fd64507f000 r--p 00000000 08:03 13914189                   /usr/lib/locale/en_US.utf8/LC_MEASUREMENT
7fd64507f000-7fd645086000 r--s 00000000 08:03 30588971                   /usr/lib/gconv/gconv-modules.cache
7fd645086000-7fd645087000 r--p 00000000 08:03 13914188                   /usr/lib/locale/en_US.utf8/LC_IDENTIFICATION
7fd645087000-7fd6450f4000 rw-p 00000000 00:00 0 
7fd6450f4000-7fd6450fc000 rw-s 00000000 08:03 907469                     /tmp/hsperfdata_idas/13930
7fd6450fc000-7fd645131000 r--s 00000000 08:03 31114243                   /var/cache/nscd/passwd
7fd645131000-7fd645132000 rw-p 00000000 00:00 0 
7fd645132000-7fd645133000 r--p 00000000 00:00 0 
7fd645133000-7fd645136000 ---p 00000000 00:00 0 
7fd645136000-7fd64523a000 rw-p 00000000 00:00 0 
7fd64523a000-7fd64523b000 r--p 0001f000 08:03 26169483                   /lib/ld-2.11.1.so
7fd64523b000-7fd64523c000 rw-p 00020000 08:03 26169483                   /lib/ld-2.11.1.so
7fd64523c000-7fd64523d000 rw-p 00000000 00:00 0 
7fffbde55000-7fffbde78000 rw-p 00000000 00:00 0                          [stack]
7fffbdefd000-7fffbdefe000 r-xp 00000000 00:00 0                          [vdso]
ffffffffff600000-ffffffffff601000 r-xp 00000000 00:00 0                  [vsyscall]

VM Arguments:
java_command: org.broadinstitute.gatk.queue.QCommandLine -S /gscmnt/gc2801/analytics/jeldred/scripts/Hello.q -disableJobReport -l DEBUG -jobRunner Drmaa -jobQueue short -run
java_class_path (initial): /gscmnt/gc2801/analytics/jeldred/GenomeSTRiP/svtoolkit/lib/SVToolkit.jar:/gscmnt/gc2802/halllab/idas/jira/BIO-1662/vendor/local/jars/GenomeAnalysisTK-3.5-idas-experimental-dba6464-2016.03.31.jar:/gscmnt/gc2802/halllab/idas/jira/BIO-1662/vendor/github/gatk-protected/protected/gatk-queue-package-distribution/target/gatk-queue-package-distribution-3.5.jar
Launcher Type: SUN_STANDARD

Environment Variables:
JAVA_HOME=/gapp/x64linux/opt/java/jdk/jdk1.8.0_60
PATH=/gapp/x64linux/opt/java/jdk/jdk1.8.0_60/bin:/gscmnt/gc2801/analytics/jeldred/GenomeSTRiP/bin:/gscuser/idas/software/scala/scala-2.11.8/bin:/gapp/x64linux/opt/java/jdk/jdk1.8.0_60/bin:/gscuser/idas/.goenv/shims:/gscuser/idas/.Renv/shims:/gscuser/idas/.plenv/shims:/gscuser/idas/.pyenv/plugins/pyenv-virtualenv/shims:/gscuser/idas/.pyenv/libexec:/gscuser/idas/.pyenv/plugins/python-build/bin:/gscuser/idas/.pyenv/plugins/pyenv-virtualenv/bin:/gscuser/idas/.pyenv/shims:/gscuser/idas/.rbenv/shims:/gscuser/idas/.goenv/bin:/gscuser/idas/.Renv/bin:/gscuser/idas/.pyenv/bin:/gscuser/idas/.rbenv/bin:/gscuser/idas/.plenv/bin:/gscuser/idas/vim74/bin:/gscuser/idas/software/cmake/bin:/bin:/gscuser/idas/bin:/gapp/noarch/bin:/gapp/x64linux/bin:/gapp/ia32linux/bin:/gsc/scripts/opt/genome/current/user/bin:/gsc/scripts/bin:/gsc/scripts/opt/lims/snapshots/current/bin:/gsc/bin:/gsc/java/bin:/opt/lsf9/9.1/linux2.6-glibc2.3-x86_64/etc:/opt/lsf9/9.1/linux2.6-glibc2.3-x86_64/bin:/usr/local/bin:/usr/bin:/bin:/usr/sbin:/gsc/scripts/gsc/info:/gsc/scripts/opt/lims/snapshots/current/bin:/gsc/pkg/oracle/10gR2/db_1/bin
LD_LIBRARY_PATH=/tmp/idas-local/lib:/gapp/x64linux/lib:/gapp/ia32linux/lib:/gsc/lib:/usr/local/lib:/usr/lib:/lib:/gapp/x64linux/lib:/gapp/ia32linux/lib:/gsc/lib:/usr/local/lib:/usr/lib:/lib:/opt/lsf9/9.1/linux2.6-glibc2.3-x86_64/lib:/gsc/pkg/oracle/10gR2/db_1/lib:/gsc/pkg/oracle/10gR2/db_1/lib
SHELL=/bin/bash
DISPLAY=linus261.gsc.wustl.edu:10.0

Signal Handlers:
SIGSEGV: [libjvm.so+0xaba070], sa_mask[0]=11111111011111111101111111111110, sa_flags=SA_RESTART|SA_SIGINFO
SIGBUS: [libjvm.so+0xaba070], sa_mask[0]=11111111011111111101111111111110, sa_flags=SA_RESTART|SA_SIGINFO
SIGFPE: [libjvm.so+0x917630], sa_mask[0]=11111111011111111101111111111110, sa_flags=SA_RESTART|SA_SIGINFO
SIGPIPE: [libjvm.so+0x917630], sa_mask[0]=11111111011111111101111111111110, sa_flags=SA_RESTART|SA_SIGINFO
SIGXFSZ: [libjvm.so+0x917630], sa_mask[0]=11111111011111111101111111111110, sa_flags=SA_RESTART|SA_SIGINFO
SIGILL: [libjvm.so+0x917630], sa_mask[0]=11111111011111111101111111111110, sa_flags=SA_RESTART|SA_SIGINFO
SIGUSR1: SIG_DFL, sa_mask[0]=00000000000000000000000000000000, sa_flags=none
SIGUSR2: [libjvm.so+0x918c60], sa_mask[0]=00000000000000000000000000000000, sa_flags=SA_RESTART|SA_SIGINFO
SIGHUP: [libjvm.so+0x91a060], sa_mask[0]=11111111011111111101111111111110, sa_flags=SA_RESTART|SA_SIGINFO
SIGINT: [libjvm.so+0x91a060], sa_mask[0]=11111111011111111101111111111110, sa_flags=SA_RESTART|SA_SIGINFO
SIGTERM: [libjvm.so+0x91a060], sa_mask[0]=11111111011111111101111111111110, sa_flags=SA_RESTART|SA_SIGINFO
SIGQUIT: [libjvm.so+0x91a060], sa_mask[0]=11111111011111111101111111111110, sa_flags=SA_RESTART|SA_SIGINFO


---------------  S Y S T E M  ---------------

OS:DISTRIB_ID=Ubuntu
DISTRIB_RELEASE=10.04
DISTRIB_CODENAME=lucid
DISTRIB_DESCRIPTION="Ubuntu 10.04.1 LTS"

uname:Linux 2.6.35-31-generic #62~lucid1-Ubuntu SMP Thu Nov 10 18:44:56 UTC 2011 x86_64
libc:glibc 2.11.1 NPTL 2.11.1 
rlimit: STACK 8192k, CORE infinity, NPROC infinity, NOFILE 1024, AS infinity
load average:0.15 0.49 0.67

/proc/meminfo:
MemTotal:        6117920 kB
MemFree:         1804104 kB
Buffers:          474620 kB
Cached:          2288916 kB
SwapCached:         1708 kB
Active:          2485572 kB
Inactive:        1168140 kB
Active(anon):     737256 kB
Inactive(anon):   154320 kB
Active(file):    1748316 kB
Inactive(file):  1013820 kB
Unevictable:          72 kB
Mlocked:              72 kB
SwapTotal:       1775176 kB
SwapFree:        1761440 kB
Dirty:               304 kB
Writeback:             0 kB
AnonPages:        888272 kB
Mapped:            38988 kB
Shmem:              1560 kB
Slab:             472896 kB
SReclaimable:     347972 kB
SUnreclaim:       124924 kB
KernelStack:        2336 kB
PageTables:         9192 kB
NFS_Unstable:          0 kB
Bounce:                0 kB
WritebackTmp:          0 kB
CommitLimit:     4834136 kB
Committed_AS:    1306804 kB
VmallocTotal:   34359738367 kB
VmallocUsed:      144276 kB
VmallocChunk:   34359590396 kB
HardwareCorrupted:     0 kB
HugePages_Total:       0
HugePages_Free:        0
HugePages_Rsvd:        0
HugePages_Surp:        0
Hugepagesize:       2048 kB
DirectMap4k:       28644 kB
DirectMap2M:     6260736 kB


CPU:total 4 (4 cores per cpu, 1 threads per core) family 6 model 26 stepping 5, cmov, cx8, fxsr, mmx, sse, sse2, sse3, ssse3, sse4.1, sse4.2, popcnt, tsc, tscinvbit, tscinv

/proc/cpuinfo:
processor	: 0
vendor_id	: GenuineIntel
cpu family	: 6
model		: 26
model name	: Intel(R) Xeon(R) CPU           E5504  @ 2.00GHz
stepping	: 5
cpu MHz		: 1994.937
cache size	: 4096 KB
physical id	: 0
siblings	: 4
core id		: 0
cpu cores	: 4
apicid		: 0
initial apicid	: 0
fpu		: yes
fpu_exception	: yes
cpuid level	: 11
wp		: yes
flags		: fpu vme de pse tsc msr pae mce cx8 apic sep mtrr pge mca cmov pat pse36 clflush dts acpi mmx fxsr sse sse2 ss ht tm pbe syscall nx rdtscp lm constant_tsc arch_perfmon pebs bts rep_good xtopology nonstop_tsc aperfmperf pni dtes64 monitor ds_cpl vmx est tm2 ssse3 cx16 xtpr pdcm dca sse4_1 sse4_2 popcnt lahf_lm dts tpr_shadow vnmi flexpriority ept vpid
bogomips	: 3989.87
clflush size	: 64
cache_alignment	: 64
address sizes	: 40 bits physical, 48 bits virtual
power management:

processor	: 1
vendor_id	: GenuineIntel
cpu family	: 6
model		: 26
model name	: Intel(R) Xeon(R) CPU           E5504  @ 2.00GHz
stepping	: 5
cpu MHz		: 1994.937
cache size	: 4096 KB
physical id	: 0
siblings	: 4
core id		: 1
cpu cores	: 4
apicid		: 2
initial apicid	: 2
fpu		: yes
fpu_exception	: yes
cpuid level	: 11
wp		: yes
flags		: fpu vme de pse tsc msr pae mce cx8 apic sep mtrr pge mca cmov pat pse36 clflush dts acpi mmx fxsr sse sse2 ss ht tm pbe syscall nx rdtscp lm constant_tsc arch_perfmon pebs bts rep_good xtopology nonstop_tsc aperfmperf pni dtes64 monitor ds_cpl vmx est tm2 ssse3 cx16 xtpr pdcm dca sse4_1 sse4_2 popcnt lahf_lm dts tpr_shadow vnmi flexpriority ept vpid
bogomips	: 3989.94
clflush size	: 64
cache_alignment	: 64
address sizes	: 40 bits physical, 48 bits virtual
power management:

processor	: 2
vendor_id	: GenuineIntel
cpu family	: 6
model		: 26
model name	: Intel(R) Xeon(R) CPU           E5504  @ 2.00GHz
stepping	: 5
cpu MHz		: 1994.937
cache size	: 4096 KB
physical id	: 0
siblings	: 4
core id		: 2
cpu cores	: 4
apicid		: 4
initial apicid	: 4
fpu		: yes
fpu_exception	: yes
cpuid level	: 11
wp		: yes
flags		: fpu vme de pse tsc msr pae mce cx8 apic sep mtrr pge mca cmov pat pse36 clflush dts acpi mmx fxsr sse sse2 ss ht tm pbe syscall nx rdtscp lm constant_tsc arch_perfmon pebs bts rep_good xtopology nonstop_tsc aperfmperf pni dtes64 monitor ds_cpl vmx est tm2 ssse3 cx16 xtpr pdcm dca sse4_1 sse4_2 popcnt lahf_lm dts tpr_shadow vnmi flexpriority ept vpid
bogomips	: 3989.94
clflush size	: 64
cache_alignment	: 64
address sizes	: 40 bits physical, 48 bits virtual
power management:

processor	: 3
vendor_id	: GenuineIntel
cpu family	: 6
model		: 26
model name	: Intel(R) Xeon(R) CPU           E5504  @ 2.00GHz
stepping	: 5
cpu MHz		: 1994.937
cache size	: 4096 KB
physical id	: 0
siblings	: 4
core id		: 3
cpu cores	: 4
apicid		: 6
initial apicid	: 6
fpu		: yes
fpu_exception	: yes
cpuid level	: 11
wp		: yes
flags		: fpu vme de pse tsc msr pae mce cx8 apic sep mtrr pge mca cmov pat pse36 clflush dts acpi mmx fxsr sse sse2 ss ht tm pbe syscall nx rdtscp lm constant_tsc arch_perfmon pebs bts rep_good xtopology nonstop_tsc aperfmperf pni dtes64 monitor ds_cpl vmx est tm2 ssse3 cx16 xtpr pdcm dca sse4_1 sse4_2 popcnt lahf_lm dts tpr_shadow vnmi flexpriority ept vpid
bogomips	: 3989.94
clflush size	: 64
cache_alignment	: 64
address sizes	: 40 bits physical, 48 bits virtual
power management:



Memory: 4k page, physical 6117920k(1804104k free), swap 1775176k(1761440k free)

vm_info: Java HotSpot(TM) 64-Bit Server VM (25.60-b23) for linux-amd64 JRE (1.8.0_60-b27), built on Aug  4 2015 12:19:40 by "java_re" with gcc 4.3.0 20080428 (Red Hat 4.3.0-8)

time: Thu Mar 31 10:02:33 2016
elapsed time: 42 seconds (0d 0h 0m 42s)

