#
# A fatal error has been detected by the Java Runtime Environment:
#
#  SIGSEGV (0xb) at pc=0x00007f381c51eee0, pid=31310, tid=139878981928704
#
# JRE version: Java(TM) SE Runtime Environment (8.0_60-b27) (build 1.8.0_60-b27)
# Java VM: Java HotSpot(TM) 64-Bit Server VM (25.60-b23 mixed mode linux-amd64 compressed oops)
# Problematic frame:
# C  [libc.so.6+0x7eee0]  cfree+0x40
#
# Failed to write core dump. Core dumps have been disabled. To enable core dumping, try "ulimit -c unlimited" before starting Java again
#
# If you would like to submit a bug report, please visit:
#   http://bugreport.java.com/bugreport/crash.jsp
# The crash happened outside the Java Virtual Machine in native code.
# See problematic frame for where to report the bug.
#

---------------  T H R E A D  ---------------

Current thread (0x000000000070c800):  JavaThread "main" [_thread_in_native, id=31311, stack(0x00007f381cf78000,0x00007f381d079000)]

siginfo: si_signo: 11 (SIGSEGV), si_code: 1 (SEGV_MAPERR), si_addr: 0x0000000000000000

Registers:
RAX=0x0000000000000000, RBX=0x00007f381c824e20, RCX=0x000000000000002e, RDX=0x0000000000000000
RSP=0x00007f381d071d90, RBP=0x00007f381d073290, RSI=0x0000000000000004, RDI=0x0000000000dc9080
R8 =0x0000000000dc9070, R9 =0x0101010101010101, R10=0x00007f381c5cbc30, R11=0x00007f381c526dba
R12=0x0000000000000001, R13=0x0000000000000000, R14=0x0000000000000005, R15=0x0000000001ad5d50
RIP=0x00007f381c51eee0, EFLAGS=0x0000000000010246, CSGSFS=0x0000000000000033, ERR=0x0000000000000004
  TRAPNO=0x000000000000000e

Top of Stack: (sp=0x00007f381d071d90)
0x00007f381d071d90:   36393237076b1330 00007f38076b1490
0x00007f381d071da0:   000000000760b6e0 00007f381d0720f0
0x00007f381d071db0:   0000000000002723 00007f37fec24e4a
0x00007f381d071dc0:   0000003000000010 00007f38076b1430
0x00007f381d071dd0:   00007f38076b1470 00000000076b1490
0x00007f381d071de0:   00007f380760b6e0 00007f38076b1410
0x00007f381d071df0:   000000000408e358 00007f381ce69af4
0x00007f381d071e00:   00000000076b1490 00007f380760b6e0
0x00007f381d071e10:   0000000b1d071e50 00007f380760b590
0x00007f381d071e20:   0000000004083008 00007f38076b1410
0x00007f381d071e30:   00000000076b1410 000000000760bdb0
0x00007f381d071e40:   00000000076b1490 000000000760b6e0
0x00007f381d071e50:   00000000ff63ac28 00007f380760b590
0x00007f381d071e60:   00007f38ff627c38 00000000076b1430
0x00007f381d071e70:   00007f370408e358 0000000004d92b78
0x00007f381d071e80:   00007f380760b590 00007f38076b12f0
0x00007f381d071e90:   00007f37076b1410 00007f37075364a8
0x00007f381d071ea0:   00007f37ff63ac28 00000000076b1430
0x00007f381d071eb0:   00007f37ff627c18 00007f38ff627c18
0x00007f381d071ec0:   000000000760b590 00000000076b12f0
0x00007f381d071ed0:   00000000076b14b0 00000000ff683630
0x00007f381d071ee0:   00000000ff63a9e8 00000000ff63a9e8
0x00007f381d071ef0:   00007f37076b12d0 00007f37ff627c38
0x00007f381d071f00:   00007f3704082fe8 00000005ff627c18
0x00007f381d071f10:   00000001076b13f0 00007f38ff627c18
0x00007f381d071f20:   ffffffffff677d40 00000000076b13d0
0x00007f381d071f30:   00007f38076b12f0 00000000076b14b0
0x00007f381d071f40:   00007f38ff677dc0 00000000ff683490
0x00007f381d071f50:   00000000076b1250 00007f3800000000
0x00007f381d071f60:   00000000076b1250 00000000ff63a948
0x00007f381d071f70:   00000000076b1230 00000000ff677d40
0x00007f381d071f80:   00000000ff627c38 00000000ff627c38 

Instructions: (pc=0x00007f381c51eee0)
0x00007f381c51eec0:   f8 4c 8d 47 f0 40 f6 c6 02 75 6d 83 e6 04 48 8d
0x00007f381c51eed0:   1d 4b 5f 30 00 74 0c 4c 89 c0 48 25 00 00 00 fc
0x00007f381c51eee0:   48 8b 18 be 01 00 00 00 31 c0 83 3d d7 96 30 00
0x00007f381c51eef0:   00 74 0c f0 0f b1 33 0f 85 df 18 00 00 eb 09 0f 

Register to memory mapping:

RAX=0x0000000000000000 is an unknown value
RBX=0x00007f381c824e20: <offset 0x384e20> in /lib/libc.so.6 at 0x00007f381c4a0000
RCX=0x000000000000002e is an unknown value
RDX=0x0000000000000000 is an unknown value
RSP=0x00007f381d071d90 is pointing into the stack for thread: 0x000000000070c800
RBP=0x00007f381d073290 is pointing into the stack for thread: 0x000000000070c800
RSI=0x0000000000000004 is an unknown value
RDI=0x0000000000dc9080 is an unknown value
R8 =0x0000000000dc9070 is an unknown value
R9 =0x0101010101010101 is an unknown value
R10=0x00007f381c5cbc30: <offset 0x12bc30> in /lib/libc.so.6 at 0x00007f381c4a0000
R11=0x00007f381c526dba: memset+0x7a in /lib/libc.so.6 at 0x00007f381c4a0000
R12=0x0000000000000001 is an unknown value
R13=0x0000000000000000 is an unknown value
R14=0x0000000000000005 is an unknown value
R15=0x0000000001ad5d50 is an unknown value


Stack: [0x00007f381cf78000,0x00007f381d079000],  sp=0x00007f381d071d90,  free space=999k
Native frames: (J=compiled Java code, j=interpreted, Vv=VM code, C=native code)
C  [libc.so.6+0x7eee0]  cfree+0x40
C  [libbat.so+0x7104b]  modifyJobInformation+0x1d63
C  [libbat.so+0x50e17]  lsb_submit2+0x656
C  [libbat.so+0x760ba]  lsb_submit_withretry+0x38
C  [libbat.so+0x507b1]  lsb_submit+0x183
C  [libdrmaa.so+0xade7]  lsfdrmaa_session_run_bulk+0x237

Java frames: (J=compiled Java code, j=interpreted, Vv=VM code)
j  org.broadinstitute.gatk.utils.jna.drmaa.v1_0.LibDrmaa.drmaa_run_job(Lcom/sun/jna/Pointer;Lcom/sun/jna/NativeLong;Lcom/sun/jna/Pointer;Lcom/sun/jna/Pointer;Lcom/sun/jna/NativeLong;)I+0
j  org.broadinstitute.gatk.utils.jna.drmaa.v1_0.JnaSession.runJob(Lorg/ggf/drmaa/JobTemplate;)Ljava/lang/String;+440
j  org.broadinstitute.gatk.queue.engine.drmaa.DrmaaJobRunner$$anonfun$start$1.apply$mcV$sp()V+23
j  org.broadinstitute.gatk.queue.engine.drmaa.DrmaaJobRunner$$anonfun$start$1.apply()V+1
j  org.broadinstitute.gatk.queue.engine.drmaa.DrmaaJobRunner$$anonfun$start$1.apply()Ljava/lang/Object;+1
j  org.broadinstitute.gatk.queue.util.Retry$.attempt(Lscala/Function0;Lscala/collection/Seq;)Ljava/lang/Object;+182
j  org.broadinstitute.gatk.queue.engine.drmaa.DrmaaJobRunner.start()V+299
j  org.broadinstitute.gatk.queue.engine.FunctionEdge.start()V+219
j  org.broadinstitute.gatk.queue.engine.QGraph.runJobs()V+366
j  org.broadinstitute.gatk.queue.engine.QGraph.run()V+160
j  org.broadinstitute.gatk.queue.QCommandLine.execute()I+336
j  org.broadinstitute.gatk.utils.commandline.CommandLineProgram.start(Lorg/broadinstitute/gatk/utils/commandline/CommandLineProgram;[Ljava/lang/String;Z)V+312
j  org.broadinstitute.gatk.utils.commandline.CommandLineProgram.start(Lorg/broadinstitute/gatk/utils/commandline/CommandLineProgram;[Ljava/lang/String;)V+3
j  org.broadinstitute.gatk.queue.QCommandLine$.main([Ljava/lang/String;)V+26
j  org.broadinstitute.gatk.queue.QCommandLine.main([Ljava/lang/String;)V+4
v  ~StubRoutines::call_stub

---------------  P R O C E S S  ---------------

Java Threads: ( => current thread )
  0x00007f37f800c000 JavaThread "Service Thread" daemon [_thread_blocked, id=31329, stack(0x00007f38058dc000,0x00007f38059dd000)]
  0x00000000007ce000 JavaThread "C1 CompilerThread2" daemon [_thread_blocked, id=31328, stack(0x00007f38059dd000,0x00007f3805ade000)]
  0x00000000007cc800 JavaThread "C2 CompilerThread1" daemon [_thread_blocked, id=31327, stack(0x00007f3805ade000,0x00007f3805bdf000)]
  0x00000000007c9800 JavaThread "C2 CompilerThread0" daemon [_thread_blocked, id=31326, stack(0x00007f3805bdf000,0x00007f3805ce0000)]
  0x00000000007c8000 JavaThread "Signal Dispatcher" daemon [_thread_blocked, id=31325, stack(0x00007f3805ce0000,0x00007f3805de1000)]
  0x0000000000787000 JavaThread "Finalizer" daemon [_thread_blocked, id=31318, stack(0x00007f3805e20000,0x00007f3805f21000)]
  0x000000000077f800 JavaThread "Reference Handler" daemon [_thread_blocked, id=31317, stack(0x00007f3805f21000,0x00007f3806022000)]
=>0x000000000070c800 JavaThread "main" [_thread_in_native, id=31311, stack(0x00007f381cf78000,0x00007f381d079000)]

Other Threads:
  0x000000000077a000 VMThread [stack: 0x00007f3806022000,0x00007f3806123000] [id=31316]
  0x00007f37f800f000 WatcherThread [stack: 0x00007f38057db000,0x00007f38058dc000] [id=31330]

VM state:not at safepoint (normal execution)

VM Mutex/Monitor currently owned by a thread: None

Heap:
 PSYoungGen      total 461824K, used 154499K [0x00000000e0e00000, 0x0000000100000000, 0x0000000100000000)
  eden space 413696K, 37% used [0x00000000e0e00000,0x00000000ea4e0d00,0x00000000fa200000)
  from space 48128K, 0% used [0x00000000fa200000,0x00000000fa200000,0x00000000fd100000)
  to   space 48128K, 0% used [0x00000000fd100000,0x00000000fd100000,0x0000000100000000)
 ParOldGen       total 107008K, used 62899K [0x00000000a2a00000, 0x00000000a9280000, 0x00000000e0e00000)
  object space 107008K, 58% used [0x00000000a2a00000,0x00000000a676cea8,0x00000000a9280000)
 Metaspace       used 34731K, capacity 34869K, committed 35200K, reserved 1079296K
  class space    used 5656K, capacity 5688K, committed 5760K, reserved 1048576K

Card table byte_map: [0x00007f380b339000,0x00007f380b625000] byte_map_base: 0x00007f380ae24000

Marking Bits: (ParMarkBitMap*) 0x00007f381c474de0
 Begin Bits: [0x00007f3807e93000, 0x00007f38095eb000)
 End Bits:   [0x00007f38095eb000, 0x00007f380ad43000)

Polling page: 0x00007f381cf77000

CodeCache: size=245760Kb used=15659Kb max_used=15671Kb free=230100Kb
 bounds [0x00007f380b9e5000, 0x00007f380c9b5000, 0x00007f381a9e5000]
 total_blobs=4949 nmethods=4553 adapters=307
 compilation: enabled

Compilation events (10 events):
Event: 16.091 Thread 0x00000000007ce000 4968       3       com.sun.jna.Pointer::getPointer (10 bytes)
Event: 16.091 Thread 0x00000000007ce000 nmethod 4968 0x00007f380c20be50 code [0x00007f380c20bfc0, 0x00007f380c20c148]
Event: 16.091 Thread 0x00000000007ce000 4970       3       org.broadinstitute.gatk.utils.jna.drmaa.v1_0.JnaSession::checkError (365 bytes)
Event: 16.094 Thread 0x00000000007ce000 nmethod 4970 0x00007f380bd0fe90 code [0x00007f380bd10340, 0x00007f380bd12708]
Event: 16.094 Thread 0x00000000007ce000 4972       3       com.sun.jna.Memory::getString (13 bytes)
Event: 16.094 Thread 0x00000000007ce000 nmethod 4972 0x00007f380c20b190 code [0x00007f380c20b320, 0x00007f380c20b5f8]
Event: 16.094 Thread 0x00000000007ce000 4973       3       com.sun.jna.Pointer::getString (11 bytes)
Event: 16.094 Thread 0x00000000007ce000 nmethod 4973 0x00007f380bd0fb10 code [0x00007f380bd0fc80, 0x00007f380bd0fe08]
Event: 16.094 Thread 0x00000000007ce000 4971   !   3       com.sun.jna.Pointer::getString (94 bytes)
Event: 16.096 Thread 0x00000000007ce000 nmethod 4971 0x00007f380bd39c50 code [0x00007f380bd39f00, 0x00007f380bd3b438]

GC Heap History (10 events):
Event: 5.066 GC heap before
{Heap before GC invocations=10 (full 0):
 PSYoungGen      total 206848K, used 206823K [0x00000000e0e00000, 0x00000000f6780000, 0x0000000100000000)
  eden space 188928K, 100% used [0x00000000e0e00000,0x00000000ec680000,0x00000000ec680000)
  from space 17920K, 99% used [0x00000000ec680000,0x00000000ed7f9df0,0x00000000ed800000)
  to   space 25600K, 0% used [0x00000000f4e80000,0x00000000f4e80000,0x00000000f6780000)
 ParOldGen       total 64512K, used 22600K [0x00000000a2a00000, 0x00000000a6900000, 0x00000000e0e00000)
  object space 64512K, 35% used [0x00000000a2a00000,0x00000000a40120c0,0x00000000a6900000)
 Metaspace       used 9445K, capacity 9514K, committed 9600K, reserved 1056768K
  class space    used 1348K, capacity 1361K, committed 1408K, reserved 1048576K
Event: 5.093 GC heap after
Heap after GC invocations=10 (full 0):
 PSYoungGen      total 322560K, used 25568K [0x00000000e0e00000, 0x00000000f7280000, 0x0000000100000000)
  eden space 296960K, 0% used [0x00000000e0e00000,0x00000000e0e00000,0x00000000f3000000)
  from space 25600K, 99% used [0x00000000f4e80000,0x00000000f6778390,0x00000000f6780000)
  to   space 31232K, 0% used [0x00000000f3000000,0x00000000f3000000,0x00000000f4e80000)
 ParOldGen       total 64512K, used 25354K [0x00000000a2a00000, 0x00000000a6900000, 0x00000000e0e00000)
  object space 64512K, 39% used [0x00000000a2a00000,0x00000000a42c28b8,0x00000000a6900000)
 Metaspace       used 9445K, capacity 9514K, committed 9600K, reserved 1056768K
  class space    used 1348K, capacity 1361K, committed 1408K, reserved 1048576K
}
Event: 5.904 GC heap before
{Heap before GC invocations=11 (full 0):
 PSYoungGen      total 322560K, used 322528K [0x00000000e0e00000, 0x00000000f7280000, 0x0000000100000000)
  eden space 296960K, 100% used [0x00000000e0e00000,0x00000000f3000000,0x00000000f3000000)
  from space 25600K, 99% used [0x00000000f4e80000,0x00000000f6778390,0x00000000f6780000)
  to   space 31232K, 0% used [0x00000000f3000000,0x00000000f3000000,0x00000000f4e80000)
 ParOldGen       total 64512K, used 25354K [0x00000000a2a00000, 0x00000000a6900000, 0x00000000e0e00000)
  object space 64512K, 39% used [0x00000000a2a00000,0x00000000a42c28b8,0x00000000a6900000)
 Metaspace       used 9450K, capacity 9514K, committed 9600K, reserved 1056768K
  class space    used 1348K, capacity 1361K, committed 1408K, reserved 1048576K
Event: 5.944 GC heap after
Heap after GC invocations=11 (full 0):
 PSYoungGen      total 328192K, used 31208K [0x00000000e0e00000, 0x0000000100000000, 0x0000000100000000)
  eden space 296960K, 0% used [0x00000000e0e00000,0x00000000e0e00000,0x00000000f3000000)
  from space 31232K, 99% used [0x00000000f3000000,0x00000000f4e7a268,0x00000000f4e80000)
  to   space 40960K, 0% used [0x00000000fd800000,0x00000000fd800000,0x0000000100000000)
 ParOldGen       total 64512K, used 37664K [0x00000000a2a00000, 0x00000000a6900000, 0x00000000e0e00000)
  object space 64512K, 58% used [0x00000000a2a00000,0x00000000a4ec8200,0x00000000a6900000)
 Metaspace       used 9450K, capacity 9514K, committed 9600K, reserved 1056768K
  class space    used 1348K, capacity 1361K, committed 1408K, reserved 1048576K
}
Event: 6.717 GC heap before
{Heap before GC invocations=12 (full 0):
 PSYoungGen      total 328192K, used 328168K [0x00000000e0e00000, 0x0000000100000000, 0x0000000100000000)
  eden space 296960K, 100% used [0x00000000e0e00000,0x00000000f3000000,0x00000000f3000000)
  from space 31232K, 99% used [0x00000000f3000000,0x00000000f4e7a268,0x00000000f4e80000)
  to   space 40960K, 0% used [0x00000000fd800000,0x00000000fd800000,0x0000000100000000)
 ParOldGen       total 64512K, used 37664K [0x00000000a2a00000, 0x00000000a6900000, 0x00000000e0e00000)
  object space 64512K, 58% used [0x00000000a2a00000,0x00000000a4ec8200,0x00000000a6900000)
 Metaspace       used 9460K, capacity 9514K, committed 9600K, reserved 1056768K
  class space    used 1348K, capacity 1361K, committed 1408K, reserved 1048576K
Event: 6.757 GC heap after
Heap after GC invocations=12 (full 0):
 PSYoungGen      total 454656K, used 40481K [0x00000000e0e00000, 0x0000000100000000, 0x0000000100000000)
  eden space 413696K, 0% used [0x00000000e0e00000,0x00000000e0e00000,0x00000000fa200000)
  from space 40960K, 98% used [0x00000000fd800000,0x00000000fff887a8,0x0000000100000000)
  to   space 48128K, 0% used [0x00000000fa200000,0x00000000fa200000,0x00000000fd100000)
 ParOldGen       total 64512K, used 39224K [0x00000000a2a00000, 0x00000000a6900000, 0x00000000e0e00000)
  object space 64512K, 60% used [0x00000000a2a00000,0x00000000a504e0a8,0x00000000a6900000)
 Metaspace       used 9460K, capacity 9514K, committed 9600K, reserved 1056768K
  class space    used 1348K, capacity 1361K, committed 1408K, reserved 1048576K
}
Event: 8.380 GC heap before
{Heap before GC invocations=13 (full 0):
 PSYoungGen      total 454656K, used 239686K [0x00000000e0e00000, 0x0000000100000000, 0x0000000100000000)
  eden space 413696K, 48% used [0x00000000e0e00000,0x00000000ed0891a8,0x00000000fa200000)
  from space 40960K, 98% used [0x00000000fd800000,0x00000000fff887a8,0x0000000100000000)
  to   space 48128K, 0% used [0x00000000fa200000,0x00000000fa200000,0x00000000fd100000)
 ParOldGen       total 64512K, used 39224K [0x00000000a2a00000, 0x00000000a6900000, 0x00000000e0e00000)
  object space 64512K, 60% used [0x00000000a2a00000,0x00000000a504e0a8,0x00000000a6900000)
 Metaspace       used 21011K, capacity 21077K, committed 21248K, reserved 1067008K
  class space    used 3260K, capacity 3288K, committed 3328K, reserved 1048576K
Event: 8.428 GC heap after
Heap after GC invocations=13 (full 0):
 PSYoungGen      total 461824K, used 48122K [0x00000000e0e00000, 0x0000000100000000, 0x0000000100000000)
  eden space 413696K, 0% used [0x00000000e0e00000,0x00000000e0e00000,0x00000000fa200000)
  from space 48128K, 99% used [0x00000000fa200000,0x00000000fd0fe9c8,0x00000000fd100000)
  to   space 48128K, 0% used [0x00000000fd100000,0x00000000fd100000,0x0000000100000000)
 ParOldGen       total 64512K, used 48779K [0x00000000a2a00000, 0x00000000a6900000, 0x00000000e0e00000)
  object space 64512K, 75% used [0x00000000a2a00000,0x00000000a59a2d00,0x00000000a6900000)
 Metaspace       used 21011K, capacity 21077K, committed 21248K, reserved 1067008K
  class space    used 3260K, capacity 3288K, committed 3328K, reserved 1048576K
}
Event: 8.428 GC heap before
{Heap before GC invocations=14 (full 1):
 PSYoungGen      total 461824K, used 48122K [0x00000000e0e00000, 0x0000000100000000, 0x0000000100000000)
  eden space 413696K, 0% used [0x00000000e0e00000,0x00000000e0e00000,0x00000000fa200000)
  from space 48128K, 99% used [0x00000000fa200000,0x00000000fd0fe9c8,0x00000000fd100000)
  to   space 48128K, 0% used [0x00000000fd100000,0x00000000fd100000,0x0000000100000000)
 ParOldGen       total 64512K, used 48779K [0x00000000a2a00000, 0x00000000a6900000, 0x00000000e0e00000)
  object space 64512K, 75% used [0x00000000a2a00000,0x00000000a59a2d00,0x00000000a6900000)
 Metaspace       used 21011K, capacity 21077K, committed 21248K, reserved 1067008K
  class space    used 3260K, capacity 3288K, committed 3328K, reserved 1048576K
Event: 8.565 GC heap after
Heap after GC invocations=14 (full 1):
 PSYoungGen      total 461824K, used 0K [0x00000000e0e00000, 0x0000000100000000, 0x0000000100000000)
  eden space 413696K, 0% used [0x00000000e0e00000,0x00000000e0e00000,0x00000000fa200000)
  from space 48128K, 0% used [0x00000000fa200000,0x00000000fa200000,0x00000000fd100000)
  to   space 48128K, 0% used [0x00000000fd100000,0x00000000fd100000,0x0000000100000000)
 ParOldGen       total 107008K, used 62899K [0x00000000a2a00000, 0x00000000a9280000, 0x00000000e0e00000)
  object space 107008K, 58% used [0x00000000a2a00000,0x00000000a676cea8,0x00000000a9280000)
 Metaspace       used 21011K, capacity 21077K, committed 21248K, reserved 1067008K
  class space    used 3260K, capacity 3288K, committed 3328K, reserved 1048576K
}

Deoptimization events (10 events):
Event: 12.199 Thread 0x000000000070c800 Uncommon trap: reason=class_check action=maybe_recompile pc=0x00007f380bb7b3c4 method=sun.misc.URLClassPath.getLoader(I)Lsun/misc/URLClassPath$Loader; @ 94
Event: 12.199 Thread 0x000000000070c800 Uncommon trap: reason=class_check action=maybe_recompile pc=0x00007f380c294f10 method=sun.misc.URLClassPath.getResource(Ljava/lang/String;Z)Lsun/misc/Resource; @ 62
Event: 12.207 Thread 0x000000000070c800 Uncommon trap: reason=unstable_if action=reinterpret pc=0x00007f380be035cc method=java.lang.CharacterDataLatin1.toUpperCase(I)I @ 12
Event: 12.207 Thread 0x000000000070c800 Uncommon trap: reason=unstable_if action=reinterpret pc=0x00007f380bdcb240 method=java.lang.CharacterDataLatin1.toUpperCase(I)I @ 12
Event: 12.208 Thread 0x000000000070c800 Uncommon trap: reason=class_check action=maybe_recompile pc=0x00007f380bb7b3f8 method=sun.misc.URLClassPath.getLoader(I)Lsun/misc/URLClassPath$Loader; @ 193
Event: 12.237 Thread 0x000000000070c800 Uncommon trap: reason=unstable_if action=reinterpret pc=0x00007f380bf7be00 method=java.util.Properties.loadConvert([CII[C)Ljava/lang/String; @ 417
Event: 12.342 Thread 0x000000000070c800 Uncommon trap: reason=unstable_if action=reinterpret pc=0x00007f380bce1ac4 method=java.util.Properties$LineReader.readLine()I @ 77
Event: 12.342 Thread 0x000000000070c800 Uncommon trap: reason=unstable_if action=reinterpret pc=0x00007f380be59d94 method=java.util.Properties.load0(Ljava/util/Properties$LineReader;)V @ 12
Event: 12.365 Thread 0x000000000070c800 Uncommon trap: reason=class_check action=maybe_recompile pc=0x00007f380bb7b3f8 method=sun.misc.URLClassPath.getLoader(I)Lsun/misc/URLClassPath$Loader; @ 193
Event: 12.373 Thread 0x000000000070c800 Uncommon trap: reason=class_check action=maybe_recompile pc=0x00007f380bb7b3f8 method=sun.misc.URLClassPath.getLoader(I)Lsun/misc/URLClassPath$Loader; @ 193

Internal exceptions (10 events):
Event: 1.756 Thread 0x000000000070c800 Exception <a 'java/security/PrivilegedActionException'> (0x00000000e10ff700) thrown at [/HUDSON/workspace/8-2-build-linux-amd64/jdk8u60/4407/hotspot/src/share/vm/prims/jvm.cpp, line 1386]
Event: 1.756 Thread 0x000000000070c800 Exception <a 'java/security/PrivilegedActionException'> (0x00000000e10ff910) thrown at [/HUDSON/workspace/8-2-build-linux-amd64/jdk8u60/4407/hotspot/src/share/vm/prims/jvm.cpp, line 1386]
Event: 2.757 Thread 0x000000000070c800 Implicit null exception at 0x00007f380bca3e03 to 0x00007f380bca484d
Event: 7.051 Thread 0x000000000070c800 Implicit null exception at 0x00007f380bcf7b67 to 0x00007f380bcf7d49
Event: 7.052 Thread 0x000000000070c800 Implicit null exception at 0x00007f380bce5013 to 0x00007f380bce5151
Event: 7.126 Thread 0x000000000070c800 Exception <a 'java/lang/ArrayIndexOutOfBoundsException'> (0x00000000e6a67238) thrown at [/HUDSON/workspace/8-2-build-linux-amd64/jdk8u60/4407/hotspot/src/share/vm/runtime/sharedRuntime.cpp, line 605]
Event: 7.126 Thread 0x000000000070c800 Exception <a 'java/lang/ArrayIndexOutOfBoundsException'> (0x00000000e6a68140) thrown at [/HUDSON/workspace/8-2-build-linux-amd64/jdk8u60/4407/hotspot/src/share/vm/runtime/sharedRuntime.cpp, line 605]
Event: 7.169 Thread 0x000000000070c800 Exception <a 'java/lang/ArrayIndexOutOfBoundsException': 286> (0x00000000e6b69478) thrown at [/HUDSON/workspace/8-2-build-linux-amd64/jdk8u60/4407/hotspot/src/share/vm/interpreter/interpreterRuntime.cpp, line 366]
Event: 9.723 Thread 0x000000000070c800 Implicit null exception at 0x00007f380c1f7823 to 0x00007f380c1f7abd
Event: 12.197 Thread 0x000000000070c800 Implicit null exception at 0x00007f380bd06075 to 0x00007f380bd06125

Events (10 events):
Event: 12.523 loading class scala/Console$
Event: 12.523 loading class scala/Console$ done
Event: 12.524 loading class scala/util/DynamicVariable
Event: 12.524 loading class scala/util/DynamicVariable done
Event: 12.524 loading class scala/util/DynamicVariable$$anon$1
Event: 12.524 loading class scala/util/DynamicVariable$$anon$1 done
Event: 12.525 loading class java/util/StringJoiner
Event: 12.525 loading class java/util/StringJoiner done
Event: 16.082 loading class org/broadinstitute/gatk/queue/engine/QGraph$$anonfun$runJobs$2
Event: 16.082 loading class org/broadinstitute/gatk/queue/engine/QGraph$$anonfun$runJobs$2 done


Dynamic libraries:
00400000-00401000 r-xp 00000000 00:1e 8232201                            /gapp/x64linux/opt/java/jdk/jdk1.8.0_60/bin/java
00600000-00601000 rw-p 00000000 00:1e 8232201                            /gapp/x64linux/opt/java/jdk/jdk1.8.0_60/bin/java
00703000-0304c000 rw-p 00000000 00:00 0                                  [heap]
a2a00000-a9280000 rw-p 00000000 00:00 0 
a9280000-e0e00000 ---p 00000000 00:00 0 
e0e00000-100000000 rw-p 00000000 00:00 0 
100000000-1005a0000 rw-p 00000000 00:00 0 
1005a0000-140000000 ---p 00000000 00:00 0 
7f37f8000000-7f37f9714000 rw-p 00000000 00:00 0 
7f37f9714000-7f37fc000000 ---p 00000000 00:00 0 
7f37fdd28000-7f37fdd5d000 r--s 00000000 08:03 31114242                   /var/cache/nscd/group
7f37fdd5d000-7f37fdd73000 r-xp 00000000 08:03 26169480                   /lib/libresolv-2.11.1.so
7f37fdd73000-7f37fdf72000 ---p 00016000 08:03 26169480                   /lib/libresolv-2.11.1.so
7f37fdf72000-7f37fdf73000 r--p 00015000 08:03 26169480                   /lib/libresolv-2.11.1.so
7f37fdf73000-7f37fdf74000 rw-p 00016000 08:03 26169480                   /lib/libresolv-2.11.1.so
7f37fdf74000-7f37fdf76000 rw-p 00000000 00:00 0 
7f37fdf76000-7f37fdf7b000 r-xp 00000000 08:03 26169472                   /lib/libnss_dns-2.11.1.so
7f37fdf7b000-7f37fe17a000 ---p 00005000 08:03 26169472                   /lib/libnss_dns-2.11.1.so
7f37fe17a000-7f37fe17b000 r--p 00004000 08:03 26169472                   /lib/libnss_dns-2.11.1.so
7f37fe17b000-7f37fe17c000 rw-p 00005000 08:03 26169472                   /lib/libnss_dns-2.11.1.so
7f37fe17c000-7f37fe17d000 ---p 00000000 00:00 0 
7f37fe17d000-7f37fe97d000 rw-p 00000000 00:00 0 
7f37fe97d000-7f37fe994000 r-xp 00000000 08:03 26171005                   /lib/libnsl-2.11.1.so
7f37fe994000-7f37feb93000 ---p 00017000 08:03 26171005                   /lib/libnsl-2.11.1.so
7f37feb93000-7f37feb94000 r--p 00016000 08:03 26171005                   /lib/libnsl-2.11.1.so
7f37feb94000-7f37feb95000 rw-p 00017000 08:03 26171005                   /lib/libnsl-2.11.1.so
7f37feb95000-7f37feb97000 rw-p 00000000 00:00 0 
7f37feb97000-7f37feca0000 r-xp 00000000 08:03 18383236                   /opt/lsf9/9.1/linux2.6-glibc2.3-x86_64/lib/liblsf.so
7f37feca0000-7f37feda0000 ---p 00109000 08:03 18383236                   /opt/lsf9/9.1/linux2.6-glibc2.3-x86_64/lib/liblsf.so
7f37feda0000-7f37fedbe000 rw-p 00109000 08:03 18383236                   /opt/lsf9/9.1/linux2.6-glibc2.3-x86_64/lib/liblsf.so
7f37fedbe000-7f37fef04000 rw-p 00000000 00:00 0 
7f37fef04000-7f37ff153000 r-xp 00000000 08:03 18383227                   /opt/lsf9/9.1/linux2.6-glibc2.3-x86_64/lib/libbat.so
7f37ff153000-7f37ff253000 ---p 0024f000 08:03 18383227                   /opt/lsf9/9.1/linux2.6-glibc2.3-x86_64/lib/libbat.so
7f37ff253000-7f37ff278000 rw-p 0024f000 08:03 18383227                   /opt/lsf9/9.1/linux2.6-glibc2.3-x86_64/lib/libbat.so
7f37ff278000-7f37ff2af000 rw-p 00000000 00:00 0 
7f37ff2af000-7f37ff2d7000 r-xp 00000000 08:03 966685                     /tmp/idas-local/lib/libdrmaa.so.0.1.1
7f37ff2d7000-7f37ff4d7000 ---p 00028000 08:03 966685                     /tmp/idas-local/lib/libdrmaa.so.0.1.1
7f37ff4d7000-7f37ff4d8000 r--p 00028000 08:03 966685                     /tmp/idas-local/lib/libdrmaa.so.0.1.1
7f37ff4d8000-7f37ff4d9000 rw-p 00029000 08:03 966685                     /tmp/idas-local/lib/libdrmaa.so.0.1.1
7f37ff4d9000-7f37ff4ee000 r-xp 00000000 08:03 180741                     /tmp/jna8500740024819285114.tmp
7f37ff4ee000-7f37ff5ed000 ---p 00015000 08:03 180741                     /tmp/jna8500740024819285114.tmp
7f37ff5ed000-7f37ff5ef000 rw-p 00014000 08:03 180741                     /tmp/jna8500740024819285114.tmp
7f37ff5ef000-7f37ff6af000 rw-p 00000000 00:00 0 
7f37ff6af000-7f37ff7ef000 ---p 00000000 00:00 0 
7f37ff7ef000-7f37ff9ef000 rw-p 00000000 00:00 0 
7f37ff9ef000-7f37ffbef000 rw-p 00000000 00:00 0 
7f37ffbef000-7f37ffdef000 rw-p 00000000 00:00 0 
7f37ffdef000-7f37ffe00000 r-xp 00000000 00:1e 8232090                    /gapp/x64linux/opt/java/jdk/jdk1.8.0_60/jre/lib/amd64/libnio.so
7f37ffe00000-7f37fffff000 ---p 00011000 00:1e 8232090                    /gapp/x64linux/opt/java/jdk/jdk1.8.0_60/jre/lib/amd64/libnio.so
7f37fffff000-7f3800000000 rw-p 00010000 00:1e 8232090                    /gapp/x64linux/opt/java/jdk/jdk1.8.0_60/jre/lib/amd64/libnio.so
7f3800000000-7f380139e000 rw-p 00000000 00:00 0 
7f380139e000-7f3804000000 ---p 00000000 00:00 0 
7f3804029000-7f3804229000 rw-p 00000000 00:00 0 
7f3804229000-7f3804429000 rw-p 00000000 00:00 0 
7f3804429000-7f3804629000 rw-p 00000000 00:00 0 
7f3804629000-7f380463c000 r--s 00344000 00:1e 8232138                    /gapp/x64linux/opt/java/jdk/jdk1.8.0_60/jre/lib/resources.jar
7f380463c000-7f380483c000 rw-p 00000000 00:00 0 
7f380483c000-7f3804a3c000 rw-p 00000000 00:00 0 
7f3804a3c000-7f3804a3d000 r--s 00009000 00:1e 8232118                    /gapp/x64linux/opt/java/jdk/jdk1.8.0_60/jre/lib/ext/sunec.jar
7f3804a3d000-7f3804a57000 r--s 001d2000 00:1e 8232120                    /gapp/x64linux/opt/java/jdk/jdk1.8.0_60/jre/lib/ext/nashorn.jar
7f3804a57000-7f3804a5b000 r--s 0003a000 00:1e 8232126                    /gapp/x64linux/opt/java/jdk/jdk1.8.0_60/jre/lib/ext/sunpkcs11.jar
7f3804a5b000-7f3804af1000 r--s 01107000 00:1e 8232123                    /gapp/x64linux/opt/java/jdk/jdk1.8.0_60/jre/lib/ext/jfxrt.jar
7f3804af1000-7f3804cf1000 rw-p 00000000 00:00 0 
7f3804cf1000-7f3804ef1000 rw-p 00000000 00:00 0 
7f3804ef1000-7f3804f0d000 r--s 00393000 00:1e 8232124                    /gapp/x64linux/opt/java/jdk/jdk1.8.0_60/jre/lib/ext/cldrdata.jar
7f3804f0d000-7f3804f19000 r-xp 00000000 08:03 26171009                   /lib/libnss_files-2.11.1.so
7f3804f19000-7f3805118000 ---p 0000c000 08:03 26171009                   /lib/libnss_files-2.11.1.so
7f3805118000-7f3805119000 r--p 0000b000 08:03 26171009                   /lib/libnss_files-2.11.1.so
7f3805119000-7f380511a000 rw-p 0000c000 08:03 26171009                   /lib/libnss_files-2.11.1.so
7f380511a000-7f3805130000 r-xp 00000000 00:1e 8232063                    /gapp/x64linux/opt/java/jdk/jdk1.8.0_60/jre/lib/amd64/libnet.so
7f3805130000-7f3805330000 ---p 00016000 00:1e 8232063                    /gapp/x64linux/opt/java/jdk/jdk1.8.0_60/jre/lib/amd64/libnet.so
7f3805330000-7f3805331000 rw-p 00016000 00:1e 8232063                    /gapp/x64linux/opt/java/jdk/jdk1.8.0_60/jre/lib/amd64/libnet.so
7f3805331000-7f380539e000 rw-p 00000000 00:00 0 
7f380539e000-7f3805664000 r--s 02918000 00:24 5373755008                 /gscmnt/gc2802/halllab/idas/jira/BIO-1662/vendor/github/gatk-protected/protected/gatk-queue-package-distribution/target/gatk-queue-package-distribution-3.5.jar
7f3805664000-7f3805728000 r--s 00bca000 00:24 5373755018                 /gscmnt/gc2802/halllab/idas/jira/BIO-1662/vendor/local/jars/GenomeAnalysisTK-3.5-idas-experimental-c2b8999-2016.03.30.jar
7f3805728000-7f38057db000 r--s 006a9000 00:26 4308981248                 /gscmnt/gc2801/analytics/jeldred/GenomeSTRiP/svtoolkit/lib/depend/aws-java-sdk-1.3.23.jar
7f38057db000-7f38057dc000 ---p 00000000 00:00 0 
7f38057dc000-7f38058dc000 rw-p 00000000 00:00 0 
7f38058dc000-7f38058df000 ---p 00000000 00:00 0 
7f38058df000-7f38059dd000 rw-p 00000000 00:00 0 
7f38059dd000-7f38059e0000 ---p 00000000 00:00 0 
7f38059e0000-7f3805ade000 rw-p 00000000 00:00 0 
7f3805ade000-7f3805ae1000 ---p 00000000 00:00 0 
7f3805ae1000-7f3805bdf000 rw-p 00000000 00:00 0 
7f3805bdf000-7f3805be2000 ---p 00000000 00:00 0 
7f3805be2000-7f3805ce0000 rw-p 00000000 00:00 0 
7f3805ce0000-7f3805ce3000 ---p 00000000 00:00 0 
7f3805ce3000-7f3805de1000 rw-p 00000000 00:00 0 
7f3805de1000-7f3805e20000 r--p 00000000 08:03 13914187                   /usr/lib/locale/en_US.utf8/LC_CTYPE
7f3805e20000-7f3805e23000 ---p 00000000 00:00 0 
7f3805e23000-7f3805f21000 rw-p 00000000 00:00 0 
7f3805f21000-7f3805f24000 ---p 00000000 00:00 0 
7f3805f24000-7f3806022000 rw-p 00000000 00:00 0 
7f3806022000-7f3806023000 ---p 00000000 00:00 0 
7f3806023000-7f38070d7000 rw-p 00000000 00:00 0 
7f38070d7000-7f38072af000 r--s 03d17000 00:1e 8232108                    /gapp/x64linux/opt/java/jdk/jdk1.8.0_60/jre/lib/rt.jar
7f38072af000-7f380ad43000 rw-p 00000000 00:00 0 
7f380ad43000-7f380ad44000 ---p 00000000 00:00 0 
7f380ad44000-7f380ae44000 rw-p 00000000 00:00 0 
7f380ae44000-7f380ae45000 ---p 00000000 00:00 0 
7f380ae45000-7f380af45000 rw-p 00000000 00:00 0 
7f380af45000-7f380af46000 ---p 00000000 00:00 0 
7f380af46000-7f380b046000 rw-p 00000000 00:00 0 
7f380b046000-7f380b047000 ---p 00000000 00:00 0 
7f380b047000-7f380b17c000 rw-p 00000000 00:00 0 
7f380b17c000-7f380b339000 ---p 00000000 00:00 0 
7f380b339000-7f380b36e000 rw-p 00000000 00:00 0 
7f380b36e000-7f380b52b000 ---p 00000000 00:00 0 
7f380b52b000-7f380b624000 rw-p 00000000 00:00 0 
7f380b624000-7f380b665000 rw-p 00000000 00:00 0 
7f380b665000-7f380b9e5000 ---p 00000000 00:00 0 
7f380b9e5000-7f380c9b5000 rwxp 00000000 00:00 0 
7f380c9b5000-7f381a9e5000 ---p 00000000 00:00 0 
7f381a9e5000-7f381a9ff000 r-xp 00000000 00:1e 8232058                    /gapp/x64linux/opt/java/jdk/jdk1.8.0_60/jre/lib/amd64/libzip.so
7f381a9ff000-7f381abff000 ---p 0001a000 00:1e 8232058                    /gapp/x64linux/opt/java/jdk/jdk1.8.0_60/jre/lib/amd64/libzip.so
7f381abff000-7f381ac00000 rw-p 0001a000 00:1e 8232058                    /gapp/x64linux/opt/java/jdk/jdk1.8.0_60/jre/lib/amd64/libzip.so
7f381ac00000-7f381ac2a000 r-xp 00000000 00:1e 8232036                    /gapp/x64linux/opt/java/jdk/jdk1.8.0_60/jre/lib/amd64/libjava.so
7f381ac2a000-7f381ae2a000 ---p 0002a000 00:1e 8232036                    /gapp/x64linux/opt/java/jdk/jdk1.8.0_60/jre/lib/amd64/libjava.so
7f381ae2a000-7f381ae2c000 rw-p 0002a000 00:1e 8232036                    /gapp/x64linux/opt/java/jdk/jdk1.8.0_60/jre/lib/amd64/libjava.so
7f381ae2c000-7f381ae39000 r-xp 00000000 00:1e 8232052                    /gapp/x64linux/opt/java/jdk/jdk1.8.0_60/jre/lib/amd64/libverify.so
7f381ae39000-7f381b039000 ---p 0000d000 00:1e 8232052                    /gapp/x64linux/opt/java/jdk/jdk1.8.0_60/jre/lib/amd64/libverify.so
7f381b039000-7f381b03b000 rw-p 0000d000 00:1e 8232052                    /gapp/x64linux/opt/java/jdk/jdk1.8.0_60/jre/lib/amd64/libverify.so
7f381b03b000-7f381b042000 r-xp 00000000 08:03 26169478                   /lib/librt-2.11.1.so
7f381b042000-7f381b241000 ---p 00007000 08:03 26169478                   /lib/librt-2.11.1.so
7f381b241000-7f381b242000 r--p 00006000 08:03 26169478                   /lib/librt-2.11.1.so
7f381b242000-7f381b243000 rw-p 00007000 08:03 26169478                   /lib/librt-2.11.1.so
7f381b243000-7f381b2c5000 r-xp 00000000 08:03 26169471                   /lib/libm-2.11.1.so
7f381b2c5000-7f381b4c4000 ---p 00082000 08:03 26169471                   /lib/libm-2.11.1.so
7f381b4c4000-7f381b4c5000 r--p 00081000 08:03 26169471                   /lib/libm-2.11.1.so
7f381b4c5000-7f381b4c6000 rw-p 00082000 08:03 26169471                   /lib/libm-2.11.1.so
7f381b4c6000-7f381c184000 r-xp 00000000 00:1e 8232074                    /gapp/x64linux/opt/java/jdk/jdk1.8.0_60/jre/lib/amd64/server/libjvm.so
7f381c184000-7f381c383000 ---p 00cbe000 00:1e 8232074                    /gapp/x64linux/opt/java/jdk/jdk1.8.0_60/jre/lib/amd64/server/libjvm.so
7f381c383000-7f381c45b000 rw-p 00cbd000 00:1e 8232074                    /gapp/x64linux/opt/java/jdk/jdk1.8.0_60/jre/lib/amd64/server/libjvm.so
7f381c45b000-7f381c4a0000 rw-p 00000000 00:00 0 
7f381c4a0000-7f381c61f000 r-xp 00000000 08:03 26171010                   /lib/libc-2.11.1.so
7f381c61f000-7f381c81f000 ---p 0017f000 08:03 26171010                   /lib/libc-2.11.1.so
7f381c81f000-7f381c823000 r--p 0017f000 08:03 26171010                   /lib/libc-2.11.1.so
7f381c823000-7f381c824000 rw-p 00183000 08:03 26171010                   /lib/libc-2.11.1.so
7f381c824000-7f381c829000 rw-p 00000000 00:00 0 
7f381c829000-7f381c82b000 r-xp 00000000 08:03 26171008                   /lib/libdl-2.11.1.so
7f381c82b000-7f381ca2b000 ---p 00002000 08:03 26171008                   /lib/libdl-2.11.1.so
7f381ca2b000-7f381ca2c000 r--p 00002000 08:03 26171008                   /lib/libdl-2.11.1.so
7f381ca2c000-7f381ca2d000 rw-p 00003000 08:03 26171008                   /lib/libdl-2.11.1.so
7f381ca2d000-7f381ca42000 r-xp 00000000 00:1e 8231119                    /gapp/x64linux/opt/java/jdk/jdk1.8.0_60/lib/amd64/jli/libjli.so
7f381ca42000-7f381cc42000 ---p 00015000 00:1e 8231119                    /gapp/x64linux/opt/java/jdk/jdk1.8.0_60/lib/amd64/jli/libjli.so
7f381cc42000-7f381cc43000 rw-p 00015000 00:1e 8231119                    /gapp/x64linux/opt/java/jdk/jdk1.8.0_60/lib/amd64/jli/libjli.so
7f381cc43000-7f381cc5b000 r-xp 00000000 08:03 26171004                   /lib/libpthread-2.11.1.so
7f381cc5b000-7f381ce5a000 ---p 00018000 08:03 26171004                   /lib/libpthread-2.11.1.so
7f381ce5a000-7f381ce5b000 r--p 00017000 08:03 26171004                   /lib/libpthread-2.11.1.so
7f381ce5b000-7f381ce5c000 rw-p 00018000 08:03 26171004                   /lib/libpthread-2.11.1.so
7f381ce5c000-7f381ce60000 rw-p 00000000 00:00 0 
7f381ce60000-7f381ce80000 r-xp 00000000 08:03 26169483                   /lib/ld-2.11.1.so
7f381ce80000-7f381ce84000 rw-p 00000000 00:00 0 
7f381ce84000-7f381ce85000 rw-s 00000000 08:03 180742                     /tmp/ffigAEP38 (deleted)
7f381ce85000-7f381ce86000 r-xs 00000000 08:03 180742                     /tmp/ffigAEP38 (deleted)
7f381ce86000-7f381ce8b000 r--s 00083000 00:1e 8232109                    /gapp/x64linux/opt/java/jdk/jdk1.8.0_60/jre/lib/jfr.jar
7f381ce8b000-7f381ce91000 r--s 002f8000 00:1e 8232024                    /gapp/x64linux/opt/java/jdk/jdk1.8.0_60/jre/lib/charsets.jar
7f381ce91000-7f381ce97000 r--s 0003f000 00:1e 8232119                    /gapp/x64linux/opt/java/jdk/jdk1.8.0_60/jre/lib/ext/sunjce_provider.jar
7f381ce97000-7f381cea1000 r--s 00116000 00:1e 8232117                    /gapp/x64linux/opt/java/jdk/jdk1.8.0_60/jre/lib/ext/localedata.jar
7f381cea1000-7f381cea4000 r--s 0001a000 00:1e 8232025                    /gapp/x64linux/opt/java/jdk/jdk1.8.0_60/jre/lib/jce.jar
7f381cea4000-7f381cea8000 r--s 00095000 00:1e 8232111                    /gapp/x64linux/opt/java/jdk/jdk1.8.0_60/jre/lib/jsse.jar
7f381cea8000-7f381ceaa000 r--s 00001000 00:1e 8232125                    /gapp/x64linux/opt/java/jdk/jdk1.8.0_60/jre/lib/ext/dnsns.jar
7f381ceaa000-7f381ceab000 r--s 00010000 00:1e 8232122                    /gapp/x64linux/opt/java/jdk/jdk1.8.0_60/jre/lib/ext/zipfs.jar
7f381ceab000-7f381ceac000 r--s 0000a000 00:1e 8232121                    /gapp/x64linux/opt/java/jdk/jdk1.8.0_60/jre/lib/ext/jaccess.jar
7f381ceac000-7f381cebb000 r--s 00141000 00:26 4301113855                 /gscmnt/gc2801/analytics/jeldred/GenomeSTRiP/svtoolkit/lib/SVToolkit.jar
7f381cebb000-7f381cebc000 r--p 00000000 08:03 13914192                   /usr/lib/locale/en_US.utf8/LC_NUMERIC
7f381cebc000-7f381cebd000 r--p 00000000 08:03 13914195                   /usr/lib/locale/en_US.utf8/LC_TIME
7f381cebd000-7f381cebe000 r--p 00000000 08:03 13914190                   /usr/lib/locale/en_US.utf8/LC_MONETARY
7f381cebe000-7f381cebf000 r--p 00000000 08:03 13914196                   /usr/lib/locale/en_US.utf8/LC_MESSAGES/SYS_LC_MESSAGES
7f381cebf000-7f381cec0000 r--p 00000000 08:03 13914193                   /usr/lib/locale/en_US.utf8/LC_PAPER
7f381cec0000-7f381cec1000 r--p 00000000 08:03 13914191                   /usr/lib/locale/en_US.utf8/LC_NAME
7f381cec1000-7f381cec2000 r--p 00000000 08:03 13914185                   /usr/lib/locale/en_US.utf8/LC_ADDRESS
7f381cec2000-7f381cec3000 r--p 00000000 08:03 13914194                   /usr/lib/locale/en_US.utf8/LC_TELEPHONE
7f381cec3000-7f381cec4000 r--p 00000000 08:03 13914189                   /usr/lib/locale/en_US.utf8/LC_MEASUREMENT
7f381cec4000-7f381cecb000 r--s 00000000 08:03 30588971                   /usr/lib/gconv/gconv-modules.cache
7f381cecb000-7f381cecc000 r--p 00000000 08:03 13914188                   /usr/lib/locale/en_US.utf8/LC_IDENTIFICATION
7f381cecc000-7f381cf39000 rw-p 00000000 00:00 0 
7f381cf39000-7f381cf41000 rw-s 00000000 08:03 907469                     /tmp/hsperfdata_idas/31310
7f381cf41000-7f381cf76000 r--s 00000000 08:03 31114243                   /var/cache/nscd/passwd
7f381cf76000-7f381cf77000 rw-p 00000000 00:00 0 
7f381cf77000-7f381cf78000 r--p 00000000 00:00 0 
7f381cf78000-7f381cf7b000 ---p 00000000 00:00 0 
7f381cf7b000-7f381d07f000 rw-p 00000000 00:00 0 
7f381d07f000-7f381d080000 r--p 0001f000 08:03 26169483                   /lib/ld-2.11.1.so
7f381d080000-7f381d081000 rw-p 00020000 08:03 26169483                   /lib/ld-2.11.1.so
7f381d081000-7f381d082000 rw-p 00000000 00:00 0 
7fff7ec9f000-7fff7ecc2000 rw-p 00000000 00:00 0                          [stack]
7fff7ed5c000-7fff7ed5d000 r-xp 00000000 00:00 0                          [vdso]
ffffffffff600000-ffffffffff601000 r-xp 00000000 00:00 0                  [vsyscall]

VM Arguments:
java_command: org.broadinstitute.gatk.queue.QCommandLine -S /gscmnt/gc2801/analytics/jeldred/scripts/Hello.q -disableJobReport -l DEBUG -jobRunner Drmaa -jobQueue short -run
java_class_path (initial): /gscmnt/gc2801/analytics/jeldred/GenomeSTRiP/svtoolkit/lib/SVToolkit.jar:/gscmnt/gc2802/halllab/idas/jira/BIO-1662/vendor/local/jars/GenomeAnalysisTK-3.5-idas-experimental-c2b8999-2016.03.30.jar:/gscmnt/gc2802/halllab/idas/jira/BIO-1662/vendor/github/gatk-protected/protected/gatk-queue-package-distribution/target/gatk-queue-package-distribution-3.5.jar
Launcher Type: SUN_STANDARD

Environment Variables:
JAVA_HOME=/gapp/x64linux/opt/java/jdk/jdk1.8.0_60
PATH=/gapp/x64linux/opt/java/jdk/jdk1.8.0_60/bin:/gscmnt/gc2801/analytics/jeldred/GenomeSTRiP/bin:/gscuser/idas/software/scala/scala-2.11.8/bin:/gapp/x64linux/opt/java/jdk/jdk1.8.0_60/bin:/gscuser/idas/.goenv/shims:/gscuser/idas/.Renv/shims:/gscuser/idas/.plenv/shims:/gscuser/idas/.pyenv/plugins/pyenv-virtualenv/shims:/gscuser/idas/.pyenv/libexec:/gscuser/idas/.pyenv/plugins/python-build/bin:/gscuser/idas/.pyenv/plugins/pyenv-virtualenv/bin:/gscuser/idas/.pyenv/shims:/gscuser/idas/.rbenv/shims:/gscuser/idas/.goenv/bin:/gscuser/idas/.Renv/bin:/gscuser/idas/.pyenv/bin:/gscuser/idas/.rbenv/bin:/gscuser/idas/.plenv/bin:/gscuser/idas/vim74/bin:/gscuser/idas/software/cmake/bin:/bin:/gscuser/idas/bin:/gapp/noarch/bin:/gapp/x64linux/bin:/gapp/ia32linux/bin:/gsc/scripts/opt/genome/current/user/bin:/gsc/scripts/bin:/gsc/scripts/opt/lims/snapshots/current/bin:/gsc/bin:/gsc/java/bin:/opt/lsf9/9.1/linux2.6-glibc2.3-x86_64/etc:/opt/lsf9/9.1/linux2.6-glibc2.3-x86_64/bin:/usr/local/bin:/usr/bin:/bin:/usr/sbin:/gsc/scripts/gsc/info:/gsc/scripts/opt/lims/snapshots/current/bin:/gsc/pkg/oracle/10gR2/db_1/bin
LD_LIBRARY_PATH=/tmp/idas-local/lib:/gapp/x64linux/lib:/gapp/ia32linux/lib:/gsc/lib:/usr/local/lib:/usr/lib:/lib:/gapp/x64linux/lib:/gapp/ia32linux/lib:/gsc/lib:/usr/local/lib:/usr/lib:/lib:/opt/lsf9/9.1/linux2.6-glibc2.3-x86_64/lib:/gsc/pkg/oracle/10gR2/db_1/lib:/gsc/pkg/oracle/10gR2/db_1/lib
SHELL=/bin/bash
DISPLAY=linus261.gsc.wustl.edu:10.0

Signal Handlers:
SIGSEGV: [libjvm.so+0xaba070], sa_mask[0]=11111111011111111101111111111110, sa_flags=SA_RESTART|SA_SIGINFO
SIGBUS: [libjvm.so+0xaba070], sa_mask[0]=11111111011111111101111111111110, sa_flags=SA_RESTART|SA_SIGINFO
SIGFPE: [libjvm.so+0x917630], sa_mask[0]=11111111011111111101111111111110, sa_flags=SA_RESTART|SA_SIGINFO
SIGPIPE: [libjvm.so+0x917630], sa_mask[0]=11111111011111111101111111111110, sa_flags=SA_RESTART|SA_SIGINFO
SIGXFSZ: [libjvm.so+0x917630], sa_mask[0]=11111111011111111101111111111110, sa_flags=SA_RESTART|SA_SIGINFO
SIGILL: [libjvm.so+0x917630], sa_mask[0]=11111111011111111101111111111110, sa_flags=SA_RESTART|SA_SIGINFO
SIGUSR1: SIG_DFL, sa_mask[0]=00000000000000000000000000000000, sa_flags=none
SIGUSR2: [libjvm.so+0x918c60], sa_mask[0]=00000000000000000000000000000000, sa_flags=SA_RESTART|SA_SIGINFO
SIGHUP: [libjvm.so+0x91a060], sa_mask[0]=11111111011111111101111111111110, sa_flags=SA_RESTART|SA_SIGINFO
SIGINT: [libjvm.so+0x91a060], sa_mask[0]=11111111011111111101111111111110, sa_flags=SA_RESTART|SA_SIGINFO
SIGTERM: [libjvm.so+0x91a060], sa_mask[0]=11111111011111111101111111111110, sa_flags=SA_RESTART|SA_SIGINFO
SIGQUIT: [libjvm.so+0x91a060], sa_mask[0]=11111111011111111101111111111110, sa_flags=SA_RESTART|SA_SIGINFO


---------------  S Y S T E M  ---------------

OS:DISTRIB_ID=Ubuntu
DISTRIB_RELEASE=10.04
DISTRIB_CODENAME=lucid
DISTRIB_DESCRIPTION="Ubuntu 10.04.1 LTS"

uname:Linux 2.6.35-31-generic #62~lucid1-Ubuntu SMP Thu Nov 10 18:44:56 UTC 2011 x86_64
libc:glibc 2.11.1 NPTL 2.11.1 
rlimit: STACK 8192k, CORE 0k, NPROC infinity, NOFILE 1024, AS infinity
load average:0.62 0.94 0.90

/proc/meminfo:
MemTotal:        6117920 kB
MemFree:         1861184 kB
Buffers:          473024 kB
Cached:          2284608 kB
SwapCached:         1708 kB
Active:          2429992 kB
Inactive:        1170696 kB
Active(anon):     689916 kB
Inactive(anon):   154548 kB
Active(file):    1740076 kB
Inactive(file):  1016148 kB
Unevictable:          72 kB
Mlocked:              72 kB
SwapTotal:       1775176 kB
SwapFree:        1761440 kB
Dirty:               580 kB
Writeback:             0 kB
AnonPages:        841492 kB
Mapped:            39088 kB
Shmem:              1560 kB
Slab:             470300 kB
SReclaimable:     345848 kB
SUnreclaim:       124452 kB
KernelStack:        2376 kB
PageTables:         9012 kB
NFS_Unstable:          0 kB
Bounce:                0 kB
WritebackTmp:          0 kB
CommitLimit:     4834136 kB
Committed_AS:    1270192 kB
VmallocTotal:   34359738367 kB
VmallocUsed:      144276 kB
VmallocChunk:   34359590396 kB
HardwareCorrupted:     0 kB
HugePages_Total:       0
HugePages_Free:        0
HugePages_Rsvd:        0
HugePages_Surp:        0
Hugepagesize:       2048 kB
DirectMap4k:       28644 kB
DirectMap2M:     6260736 kB


CPU:total 4 (4 cores per cpu, 1 threads per core) family 6 model 26 stepping 5, cmov, cx8, fxsr, mmx, sse, sse2, sse3, ssse3, sse4.1, sse4.2, popcnt, tsc, tscinvbit, tscinv

/proc/cpuinfo:
processor	: 0
vendor_id	: GenuineIntel
cpu family	: 6
model		: 26
model name	: Intel(R) Xeon(R) CPU           E5504  @ 2.00GHz
stepping	: 5
cpu MHz		: 1994.937
cache size	: 4096 KB
physical id	: 0
siblings	: 4
core id		: 0
cpu cores	: 4
apicid		: 0
initial apicid	: 0
fpu		: yes
fpu_exception	: yes
cpuid level	: 11
wp		: yes
flags		: fpu vme de pse tsc msr pae mce cx8 apic sep mtrr pge mca cmov pat pse36 clflush dts acpi mmx fxsr sse sse2 ss ht tm pbe syscall nx rdtscp lm constant_tsc arch_perfmon pebs bts rep_good xtopology nonstop_tsc aperfmperf pni dtes64 monitor ds_cpl vmx est tm2 ssse3 cx16 xtpr pdcm dca sse4_1 sse4_2 popcnt lahf_lm dts tpr_shadow vnmi flexpriority ept vpid
bogomips	: 3989.87
clflush size	: 64
cache_alignment	: 64
address sizes	: 40 bits physical, 48 bits virtual
power management:

processor	: 1
vendor_id	: GenuineIntel
cpu family	: 6
model		: 26
model name	: Intel(R) Xeon(R) CPU           E5504  @ 2.00GHz
stepping	: 5
cpu MHz		: 1994.937
cache size	: 4096 KB
physical id	: 0
siblings	: 4
core id		: 1
cpu cores	: 4
apicid		: 2
initial apicid	: 2
fpu		: yes
fpu_exception	: yes
cpuid level	: 11
wp		: yes
flags		: fpu vme de pse tsc msr pae mce cx8 apic sep mtrr pge mca cmov pat pse36 clflush dts acpi mmx fxsr sse sse2 ss ht tm pbe syscall nx rdtscp lm constant_tsc arch_perfmon pebs bts rep_good xtopology nonstop_tsc aperfmperf pni dtes64 monitor ds_cpl vmx est tm2 ssse3 cx16 xtpr pdcm dca sse4_1 sse4_2 popcnt lahf_lm dts tpr_shadow vnmi flexpriority ept vpid
bogomips	: 3989.94
clflush size	: 64
cache_alignment	: 64
address sizes	: 40 bits physical, 48 bits virtual
power management:

processor	: 2
vendor_id	: GenuineIntel
cpu family	: 6
model		: 26
model name	: Intel(R) Xeon(R) CPU           E5504  @ 2.00GHz
stepping	: 5
cpu MHz		: 1994.937
cache size	: 4096 KB
physical id	: 0
siblings	: 4
core id		: 2
cpu cores	: 4
apicid		: 4
initial apicid	: 4
fpu		: yes
fpu_exception	: yes
cpuid level	: 11
wp		: yes
flags		: fpu vme de pse tsc msr pae mce cx8 apic sep mtrr pge mca cmov pat pse36 clflush dts acpi mmx fxsr sse sse2 ss ht tm pbe syscall nx rdtscp lm constant_tsc arch_perfmon pebs bts rep_good xtopology nonstop_tsc aperfmperf pni dtes64 monitor ds_cpl vmx est tm2 ssse3 cx16 xtpr pdcm dca sse4_1 sse4_2 popcnt lahf_lm dts tpr_shadow vnmi flexpriority ept vpid
bogomips	: 3989.94
clflush size	: 64
cache_alignment	: 64
address sizes	: 40 bits physical, 48 bits virtual
power management:

processor	: 3
vendor_id	: GenuineIntel
cpu family	: 6
model		: 26
model name	: Intel(R) Xeon(R) CPU           E5504  @ 2.00GHz
stepping	: 5
cpu MHz		: 1994.937
cache size	: 4096 KB
physical id	: 0
siblings	: 4
core id		: 3
cpu cores	: 4
apicid		: 6
initial apicid	: 6
fpu		: yes
fpu_exception	: yes
cpuid level	: 11
wp		: yes
flags		: fpu vme de pse tsc msr pae mce cx8 apic sep mtrr pge mca cmov pat pse36 clflush dts acpi mmx fxsr sse sse2 ss ht tm pbe syscall nx rdtscp lm constant_tsc arch_perfmon pebs bts rep_good xtopology nonstop_tsc aperfmperf pni dtes64 monitor ds_cpl vmx est tm2 ssse3 cx16 xtpr pdcm dca sse4_1 sse4_2 popcnt lahf_lm dts tpr_shadow vnmi flexpriority ept vpid
bogomips	: 3989.94
clflush size	: 64
cache_alignment	: 64
address sizes	: 40 bits physical, 48 bits virtual
power management:



Memory: 4k page, physical 6117920k(1861184k free), swap 1775176k(1761440k free)

vm_info: Java HotSpot(TM) 64-Bit Server VM (25.60-b23) for linux-amd64 JRE (1.8.0_60-b27), built on Aug  4 2015 12:19:40 by "java_re" with gcc 4.3.0 20080428 (Red Hat 4.3.0-8)

time: Wed Mar 30 22:00:41 2016
elapsed time: 16 seconds (0d 0h 0m 16s)

