#
# A fatal error has been detected by the Java Runtime Environment:
#
#  SIGSEGV (0xb) at pc=0x00007f302a793ee0, pid=18249, tid=139844859647744
#
# JRE version: Java(TM) SE Runtime Environment (8.0_60-b27) (build 1.8.0_60-b27)
# Java VM: Java HotSpot(TM) 64-Bit Server VM (25.60-b23 mixed mode linux-amd64 compressed oops)
# Problematic frame:
# C  [libc.so.6+0x7eee0]  cfree+0x40
#
# Core dump written. Default location: /gscuser/idas/genome-strip-test/core or core.18249
#
# If you would like to submit a bug report, please visit:
#   http://bugreport.java.com/bugreport/crash.jsp
# The crash happened outside the Java Virtual Machine in native code.
# See problematic frame for where to report the bug.
#

---------------  T H R E A D  ---------------

Current thread (0x000000000118b800):  JavaThread "main" [_thread_in_native, id=18250, stack(0x00007f302b1ed000,0x00007f302b2ee000)]

siginfo: si_signo: 11 (SIGSEGV), si_code: 1 (SEGV_MAPERR), si_addr: 0x0000000000000000

Registers:
RAX=0x0000000000000000, RBX=0x00007f302aa99e20, RCX=0x000000000000002e, RDX=0x0000000000000000
RSP=0x00007f302b2e6db0, RBP=0x00007f302b2e82b0, RSI=0x0000000000000004, RDI=0x0000000002059fd0
R8 =0x0000000002059fc0, R9 =0x0101010101010101, R10=0x00007f302a840c30, R11=0x00007f302a79bdba
R12=0x0000000000000001, R13=0x0000000000000000, R14=0x0000000000000005, R15=0x00007f300c23a580
RIP=0x00007f302a793ee0, EFLAGS=0x0000000000010246, CSGSFS=0x0000000000000033, ERR=0x0000000000000004
  TRAPNO=0x000000000000000e

Top of Stack: (sp=0x00007f302b2e6db0)
0x00007f302b2e6db0:   3734383012e71438 00007f30159e0968
0x00007f302b2e6dc0:   0000000000000005 00007f30121591a0
0x00007f302b2e6dd0:   0000000000002723 00007f3010d15e4a
0x00007f302b2e6de0:   00000030121591e0 00007f3012159200
0x00007f302b2e6df0:   00007f3015881b50 0000000000000000
0x00007f302b2e6e00:   00007f3012158180 00007f3012e71418
0x00007f302b2e6e10:   0000000000000000 00007f301591f818
0x00007f302b2e6e20:   000000001216f368 00007f3012e41b50
0x00007f302b2e6e30:   0000000b12159180 00007f3012159180
0x00007f302b2e6e40:   0000000012e71358 00007f30121591a0
0x00007f302b2e6e50:   0000000012159200 0000000015881b50
0x00007f302b2e6e60:   000000001216ed10 0000000015881a00
0x00007f302b2e6e70:   0000000012158160 00007f3012e71398
0x00007f302b2e6e80:   00007f3012e71378 0000000012e713b8
0x00007f302b2e6e90:   00007f301591f818 00000000157ab4a8
0x00007f302b2e6ea0:   00007f3012159180 00007f302b2e6ef0
0x00007f302b2e6eb0:   00007f3012159140 00007f30121591a0
0x00007f302b2e6ec0:   00007f3012159040 0000000015921068
0x00007f302b2e6ed0:   00007f3015881a00 00007f3012159040
0x00007f302b2e6ee0:   0000000012159220 00007f3012159020
0x00007f302b2e6ef0:   00007f3015915ce8 0000000012e71178
0x00007f302b2e6f00:   0000000012159020 00007f3012f34d88
0x00007f302b2e6f10:   00007f301591f7f8 00007f3011003fa0
0x00007f302b2e6f20:   00007f3012159140 0000000515921068
0x00007f302b2e6f30:   0000000115921048 00007f3012159120
0x00007f302b2e6f40:   ffffffff12159040 00007f3012159220
0x00007f302b2e6f50:   00007f3012f34e48 0000000012158100
0x00007f302b2e6f60:   00007f30116ee288 00007f3012159020
0x00007f302b2e6f70:   00000000116ee288 00007f3015915ce8
0x00007f302b2e6f80:   00000000116ee268 0000000015921068
0x00007f302b2e6f90:   0000000015921048 0000000015921028
0x00007f302b2e6fa0:   0000000012159120 00007f3012159100 

Instructions: (pc=0x00007f302a793ee0)
0x00007f302a793ec0:   f8 4c 8d 47 f0 40 f6 c6 02 75 6d 83 e6 04 48 8d
0x00007f302a793ed0:   1d 4b 5f 30 00 74 0c 4c 89 c0 48 25 00 00 00 fc
0x00007f302a793ee0:   48 8b 18 be 01 00 00 00 31 c0 83 3d d7 96 30 00
0x00007f302a793ef0:   00 74 0c f0 0f b1 33 0f 85 df 18 00 00 eb 09 0f 

Register to memory mapping:

RAX=0x0000000000000000 is an unknown value
RBX=0x00007f302aa99e20: <offset 0x384e20> in /lib/libc.so.6 at 0x00007f302a715000
RCX=0x000000000000002e is an unknown value
RDX=0x0000000000000000 is an unknown value
RSP=0x00007f302b2e6db0 is pointing into the stack for thread: 0x000000000118b800
RBP=0x00007f302b2e82b0 is pointing into the stack for thread: 0x000000000118b800
RSI=0x0000000000000004 is an unknown value
RDI=0x0000000002059fd0 is an unknown value
R8 =0x0000000002059fc0 is an unknown value
R9 =0x0101010101010101 is an unknown value
R10=0x00007f302a840c30: <offset 0x12bc30> in /lib/libc.so.6 at 0x00007f302a715000
R11=0x00007f302a79bdba: memset+0x7a in /lib/libc.so.6 at 0x00007f302a715000
R12=0x0000000000000001 is an unknown value
R13=0x0000000000000000 is an unknown value
R14=0x0000000000000005 is an unknown value
R15=0x00007f300c23a580 is an unknown value


Stack: [0x00007f302b1ed000,0x00007f302b2ee000],  sp=0x00007f302b2e6db0,  free space=999k
Native frames: (J=compiled Java code, j=interpreted, Vv=VM code, C=native code)
C  [libc.so.6+0x7eee0]  cfree+0x40
C  [libbat.so+0x7104b]  modifyJobInformation+0x1d63
C  [libbat.so+0x50e17]  lsb_submit2+0x656
C  [libbat.so+0x760ba]  lsb_submit_withretry+0x38
C  [libbat.so+0x507b1]  lsb_submit+0x183
C  [libdrmaa.so+0xade7]  lsfdrmaa_session_run_bulk+0x237

Java frames: (J=compiled Java code, j=interpreted, Vv=VM code)
j  org.broadinstitute.gatk.utils.jna.drmaa.v1_0.LibDrmaa.drmaa_run_job(Lcom/sun/jna/Pointer;Lcom/sun/jna/NativeLong;Lcom/sun/jna/Pointer;Lcom/sun/jna/Pointer;Lcom/sun/jna/NativeLong;)I+0
j  org.broadinstitute.gatk.utils.jna.drmaa.v1_0.JnaSession.runJob(Lorg/ggf/drmaa/JobTemplate;)Ljava/lang/String;+54
j  org.broadinstitute.gatk.queue.engine.drmaa.DrmaaJobRunner$$anonfun$start$1.apply$mcV$sp()V+15
j  org.broadinstitute.gatk.queue.engine.drmaa.DrmaaJobRunner$$anonfun$start$1.apply()V+1
j  org.broadinstitute.gatk.queue.engine.drmaa.DrmaaJobRunner$$anonfun$start$1.apply()Ljava/lang/Object;+1
j  org.broadinstitute.gatk.queue.util.Retry$.attempt(Lscala/Function0;Lscala/collection/Seq;)Ljava/lang/Object;+182
j  org.broadinstitute.gatk.queue.engine.drmaa.DrmaaJobRunner.start()V+299
j  org.broadinstitute.gatk.queue.engine.FunctionEdge.start()V+219
j  org.broadinstitute.gatk.queue.engine.QGraph.runJobs()V+366
j  org.broadinstitute.gatk.queue.engine.QGraph.run()V+160
j  org.broadinstitute.gatk.queue.QCommandLine.execute()I+336
j  org.broadinstitute.gatk.utils.commandline.CommandLineProgram.start(Lorg/broadinstitute/gatk/utils/commandline/CommandLineProgram;[Ljava/lang/String;Z)V+312
j  org.broadinstitute.gatk.utils.commandline.CommandLineProgram.start(Lorg/broadinstitute/gatk/utils/commandline/CommandLineProgram;[Ljava/lang/String;)V+3
j  org.broadinstitute.gatk.queue.QCommandLine$.main([Ljava/lang/String;)V+26
j  org.broadinstitute.gatk.queue.QCommandLine.main([Ljava/lang/String;)V+4
v  ~StubRoutines::call_stub

---------------  P R O C E S S  ---------------

Java Threads: ( => current thread )
  0x000000000125b000 JavaThread "Service Thread" daemon [_thread_blocked, id=18268, stack(0x00007f3013b51000,0x00007f3013c52000)]
  0x000000000124d000 JavaThread "C1 CompilerThread2" daemon [_thread_blocked, id=18267, stack(0x00007f3013c52000,0x00007f3013d53000)]
  0x000000000124b800 JavaThread "C2 CompilerThread1" daemon [_thread_blocked, id=18266, stack(0x00007f3013d53000,0x00007f3013e54000)]
  0x0000000001248800 JavaThread "C2 CompilerThread0" daemon [_thread_blocked, id=18265, stack(0x00007f3013e54000,0x00007f3013f55000)]
  0x0000000001247000 JavaThread "Signal Dispatcher" daemon [_thread_blocked, id=18264, stack(0x00007f3013f55000,0x00007f3014056000)]
  0x0000000001206000 JavaThread "Finalizer" daemon [_thread_blocked, id=18257, stack(0x00007f3014095000,0x00007f3014196000)]
  0x00000000011fe800 JavaThread "Reference Handler" daemon [_thread_blocked, id=18256, stack(0x00007f3014196000,0x00007f3014297000)]
=>0x000000000118b800 JavaThread "main" [_thread_in_native, id=18250, stack(0x00007f302b1ed000,0x00007f302b2ee000)]

Other Threads:
  0x00000000011f9000 VMThread [stack: 0x00007f3014297000,0x00007f3014398000] [id=18255]
  0x00007f300c076800 WatcherThread [stack: 0x00007f3013a50000,0x00007f3013b51000] [id=18269]

VM state:not at safepoint (normal execution)

VM Mutex/Monitor currently owned by a thread: None

Heap:
 PSYoungGen      total 415232K, used 183886K [0x00000000e0e00000, 0x0000000100000000, 0x0000000100000000)
  eden space 372736K, 49% used [0x00000000e0e00000,0x00000000ec193bc8,0x00000000f7a00000)
  from space 42496K, 0% used [0x00000000fd680000,0x00000000fd680000,0x0000000100000000)
  to   space 68608K, 0% used [0x00000000f7a00000,0x00000000f7a00000,0x00000000fbd00000)
 ParOldGen       total 133120K, used 72678K [0x00000000a2a00000, 0x00000000aac00000, 0x00000000e0e00000)
  object space 133120K, 54% used [0x00000000a2a00000,0x00000000a70f9900,0x00000000aac00000)
 Metaspace       used 34606K, capacity 34741K, committed 34944K, reserved 1079296K
  class space    used 5654K, capacity 5688K, committed 5760K, reserved 1048576K

Card table byte_map: [0x00007f30195ae000,0x00007f301989a000] byte_map_base: 0x00007f3019099000

Marking Bits: (ParMarkBitMap*) 0x00007f302a6e9de0
 Begin Bits: [0x00007f3016108000, 0x00007f3017860000)
 End Bits:   [0x00007f3017860000, 0x00007f3018fb8000)

Polling page: 0x00007f302b1ec000

CodeCache: size=245760Kb used=15214Kb max_used=15371Kb free=230545Kb
 bounds [0x00007f3019c5a000, 0x00007f301ab9a000, 0x00007f3028c5a000]
 total_blobs=4653 nmethods=4257 adapters=307
 compilation: enabled

Compilation events (10 events):
Event: 29.387 Thread 0x000000000124d000 4906       3       scala.math.Ordering$Int$::compare (7 bytes)
Event: 29.387 Thread 0x000000000124d000 nmethod 4906 0x00007f301a0bd4d0 code [0x00007f301a0bd640, 0x00007f301a0bd8b0]
Event: 29.388 Thread 0x000000000124b800 4907       4       java.lang.String::getBytes (27 bytes)
Event: 29.388 Thread 0x000000000124d000 4908       1       scala.collection.mutable.ArrayBuffer::initialSize (5 bytes)
Event: 29.388 Thread 0x000000000124d000 nmethod 4908 0x00007f301a0cad50 code [0x00007f301a0caea0, 0x00007f301a0cafb0]
Event: 29.389 Thread 0x000000000124b800 nmethod 4907 0x00007f301a0caa50 code [0x00007f301a0caba0, 0x00007f301a0cac68]
Event: 29.390 Thread 0x000000000124d000 4909       3       java.util.LinkedList$ListItr::hasNext (20 bytes)
Event: 29.390 Thread 0x000000000124d000 nmethod 4909 0x00007f301a0ca5d0 code [0x00007f301a0ca740, 0x00007f301a0ca910]
Event: 29.392 Thread 0x000000000124d000 4910       3       com.sun.jna.Memory::boundsCheck (90 bytes)
Event: 29.394 Thread 0x000000000124d000 nmethod 4910 0x00007f301a586610 code [0x00007f301a5868c0, 0x00007f301a5882b8]

GC Heap History (10 events):
Event: 17.666 GC heap before
{Heap before GC invocations=12 (full 0):
 PSYoungGen      total 330240K, used 330231K [0x00000000e0e00000, 0x0000000100000000, 0x0000000100000000)
  eden space 300032K, 100% used [0x00000000e0e00000,0x00000000f3300000,0x00000000f3300000)
  from space 30208K, 99% used [0x00000000f3300000,0x00000000f507dfe0,0x00000000f5080000)
  to   space 39936K, 0% used [0x00000000fd900000,0x00000000fd900000,0x0000000100000000)
 ParOldGen       total 64512K, used 46681K [0x00000000a2a00000, 0x00000000a6900000, 0x00000000e0e00000)
  object space 64512K, 72% used [0x00000000a2a00000,0x00000000a5796768,0x00000000a6900000)
 Metaspace       used 9470K, capacity 9514K, committed 9600K, reserved 1056768K
  class space    used 1348K, capacity 1361K, committed 1408K, reserved 1048576K
Event: 17.696 GC heap after
Heap after GC invocations=12 (full 0):
 PSYoungGen      total 464896K, used 29183K [0x00000000e0e00000, 0x0000000100000000, 0x0000000100000000)
  eden space 424960K, 0% used [0x00000000e0e00000,0x00000000e0e00000,0x00000000fad00000)
  from space 39936K, 73% used [0x00000000fd900000,0x00000000ff57fee8,0x0000000100000000)
  to   space 42496K, 0% used [0x00000000fad00000,0x00000000fad00000,0x00000000fd680000)
 ParOldGen       total 64512K, used 48696K [0x00000000a2a00000, 0x00000000a6900000, 0x00000000e0e00000)
  object space 64512K, 75% used [0x00000000a2a00000,0x00000000a598e1b8,0x00000000a6900000)
 Metaspace       used 9470K, capacity 9514K, committed 9600K, reserved 1056768K
  class space    used 1348K, capacity 1361K, committed 1408K, reserved 1048576K
}
Event: 18.918 GC heap before
{Heap before GC invocations=13 (full 0):
 PSYoungGen      total 464896K, used 454143K [0x00000000e0e00000, 0x0000000100000000, 0x0000000100000000)
  eden space 424960K, 100% used [0x00000000e0e00000,0x00000000fad00000,0x00000000fad00000)
  from space 39936K, 73% used [0x00000000fd900000,0x00000000ff57fee8,0x0000000100000000)
  to   space 42496K, 0% used [0x00000000fad00000,0x00000000fad00000,0x00000000fd680000)
 ParOldGen       total 64512K, used 48696K [0x00000000a2a00000, 0x00000000a6900000, 0x00000000e0e00000)
  object space 64512K, 75% used [0x00000000a2a00000,0x00000000a598e1b8,0x00000000a6900000)
 Metaspace       used 9516K, capacity 9578K, committed 9856K, reserved 1058816K
  class space    used 1348K, capacity 1361K, committed 1408K, reserved 1048576K
Event: 18.978 GC heap after
Heap after GC invocations=13 (full 0):
 PSYoungGen      total 467456K, used 42484K [0x00000000e0e00000, 0x0000000100000000, 0x0000000100000000)
  eden space 424960K, 0% used [0x00000000e0e00000,0x00000000e0e00000,0x00000000fad00000)
  from space 42496K, 99% used [0x00000000fad00000,0x00000000fd67d250,0x00000000fd680000)
  to   space 42496K, 0% used [0x00000000fd680000,0x00000000fd680000,0x0000000100000000)
 ParOldGen       total 69632K, used 69204K [0x00000000a2a00000, 0x00000000a6e00000, 0x00000000e0e00000)
  object space 69632K, 99% used [0x00000000a2a00000,0x00000000a6d95260,0x00000000a6e00000)
 Metaspace       used 9516K, capacity 9578K, committed 9856K, reserved 1058816K
  class space    used 1348K, capacity 1361K, committed 1408K, reserved 1048576K
}
Event: 18.978 GC heap before
{Heap before GC invocations=14 (full 1):
 PSYoungGen      total 467456K, used 42484K [0x00000000e0e00000, 0x0000000100000000, 0x0000000100000000)
  eden space 424960K, 0% used [0x00000000e0e00000,0x00000000e0e00000,0x00000000fad00000)
  from space 42496K, 99% used [0x00000000fad00000,0x00000000fd67d250,0x00000000fd680000)
  to   space 42496K, 0% used [0x00000000fd680000,0x00000000fd680000,0x0000000100000000)
 ParOldGen       total 69632K, used 69204K [0x00000000a2a00000, 0x00000000a6e00000, 0x00000000e0e00000)
  object space 69632K, 99% used [0x00000000a2a00000,0x00000000a6d95260,0x00000000a6e00000)
 Metaspace       used 9516K, capacity 9578K, committed 9856K, reserved 1058816K
  class space    used 1348K, capacity 1361K, committed 1408K, reserved 1048576K
Event: 19.037 GC heap after
Heap after GC invocations=14 (full 1):
 PSYoungGen      total 467456K, used 0K [0x00000000e0e00000, 0x0000000100000000, 0x0000000100000000)
  eden space 424960K, 0% used [0x00000000e0e00000,0x00000000e0e00000,0x00000000fad00000)
  from space 42496K, 0% used [0x00000000fad00000,0x00000000fad00000,0x00000000fd680000)
  to   space 42496K, 0% used [0x00000000fd680000,0x00000000fd680000,0x0000000100000000)
 ParOldGen       total 110592K, used 66461K [0x00000000a2a00000, 0x00000000a9600000, 0x00000000e0e00000)
  object space 110592K, 60% used [0x00000000a2a00000,0x00000000a6ae74c0,0x00000000a9600000)
 Metaspace       used 9516K, capacity 9578K, committed 9856K, reserved 1058816K
  class space    used 1348K, capacity 1361K, committed 1408K, reserved 1048576K
}
Event: 21.533 GC heap before
{Heap before GC invocations=15 (full 1):
 PSYoungGen      total 467456K, used 246086K [0x00000000e0e00000, 0x0000000100000000, 0x0000000100000000)
  eden space 424960K, 57% used [0x00000000e0e00000,0x00000000efe519c0,0x00000000fad00000)
  from space 42496K, 0% used [0x00000000fad00000,0x00000000fad00000,0x00000000fd680000)
  to   space 42496K, 0% used [0x00000000fd680000,0x00000000fd680000,0x0000000100000000)
 ParOldGen       total 110592K, used 66461K [0x00000000a2a00000, 0x00000000a9600000, 0x00000000e0e00000)
  object space 110592K, 60% used [0x00000000a2a00000,0x00000000a6ae74c0,0x00000000a9600000)
 Metaspace       used 21010K, capacity 21077K, committed 21248K, reserved 1067008K
  class space    used 3252K, capacity 3288K, committed 3328K, reserved 1048576K
Event: 21.583 GC heap after
Heap after GC invocations=15 (full 1):
 PSYoungGen      total 415232K, used 42480K [0x00000000e0e00000, 0x0000000100000000, 0x0000000100000000)
  eden space 372736K, 0% used [0x00000000e0e00000,0x00000000e0e00000,0x00000000f7a00000)
  from space 42496K, 99% used [0x00000000fd680000,0x00000000ffffc238,0x0000000100000000)
  to   space 68608K, 0% used [0x00000000f7a00000,0x00000000f7a00000,0x00000000fbd00000)
 ParOldGen       total 110592K, used 86823K [0x00000000a2a00000, 0x00000000a9600000, 0x00000000e0e00000)
  object space 110592K, 78% used [0x00000000a2a00000,0x00000000a7ec9c08,0x00000000a9600000)
 Metaspace       used 21010K, capacity 21077K, committed 21248K, reserved 1067008K
  class space    used 3252K, capacity 3288K, committed 3328K, reserved 1048576K
}
Event: 21.583 GC heap before
{Heap before GC invocations=16 (full 2):
 PSYoungGen      total 415232K, used 42480K [0x00000000e0e00000, 0x0000000100000000, 0x0000000100000000)
  eden space 372736K, 0% used [0x00000000e0e00000,0x00000000e0e00000,0x00000000f7a00000)
  from space 42496K, 99% used [0x00000000fd680000,0x00000000ffffc238,0x0000000100000000)
  to   space 68608K, 0% used [0x00000000f7a00000,0x00000000f7a00000,0x00000000fbd00000)
 ParOldGen       total 110592K, used 86823K [0x00000000a2a00000, 0x00000000a9600000, 0x00000000e0e00000)
  object space 110592K, 78% used [0x00000000a2a00000,0x00000000a7ec9c08,0x00000000a9600000)
 Metaspace       used 21010K, capacity 21077K, committed 21248K, reserved 1067008K
  class space    used 3252K, capacity 3288K, committed 3328K, reserved 1048576K
Event: 21.719 GC heap after
Heap after GC invocations=16 (full 2):
 PSYoungGen      total 415232K, used 0K [0x00000000e0e00000, 0x0000000100000000, 0x0000000100000000)
  eden space 372736K, 0% used [0x00000000e0e00000,0x00000000e0e00000,0x00000000f7a00000)
  from space 42496K, 0% used [0x00000000fd680000,0x00000000fd680000,0x0000000100000000)
  to   space 68608K, 0% used [0x00000000f7a00000,0x00000000f7a00000,0x00000000fbd00000)
 ParOldGen       total 133120K, used 72678K [0x00000000a2a00000, 0x00000000aac00000, 0x00000000e0e00000)
  object space 133120K, 54% used [0x00000000a2a00000,0x00000000a70f9900,0x00000000aac00000)
 Metaspace       used 21010K, capacity 21077K, committed 21248K, reserved 1067008K
  class space    used 3252K, capacity 3288K, committed 3328K, reserved 1048576K
}

Deoptimization events (10 events):
Event: 26.626 Thread 0x000000000118b800 Uncommon trap: reason=unstable_if action=reinterpret pc=0x00007f3019f41c54 method=java.io.UnixFileSystem.normalize(Ljava/lang/String;)Ljava/lang/String; @ 60
Event: 26.626 Thread 0x000000000118b800 Uncommon trap: reason=class_check action=maybe_recompile pc=0x00007f3019db636c method=org.reflections.Reflections.scan(Ljava/net/URL;)V @ 4
Event: 26.629 Thread 0x000000000118b800 Uncommon trap: reason=unstable_if action=reinterpret pc=0x00007f3019f21038 method=org.reflections.util.ConfigurationBuilder.getMetadataAdapter()Lorg/reflections/adapters/MetadataAdapter; @ 4
Event: 26.631 Thread 0x000000000118b800 Uncommon trap: reason=class_check action=maybe_recompile pc=0x00007f3019dd7afc method=sun.misc.URLClassPath.getLoader(I)Lsun/misc/URLClassPath$Loader; @ 94
Event: 26.631 Thread 0x000000000118b800 Uncommon trap: reason=class_check action=maybe_recompile pc=0x00007f301a4ec9cc method=sun.misc.URLClassPath.getResource(Ljava/lang/String;Z)Lsun/misc/Resource; @ 62
Event: 26.640 Thread 0x000000000118b800 Uncommon trap: reason=unstable_if action=reinterpret pc=0x00007f3019f63bcc method=java.lang.CharacterDataLatin1.toUpperCase(I)I @ 12
Event: 26.640 Thread 0x000000000118b800 Uncommon trap: reason=unstable_if action=reinterpret pc=0x00007f3019daa2f4 method=java.lang.CharacterDataLatin1.toUpperCase(I)I @ 12
Event: 26.642 Thread 0x000000000118b800 Uncommon trap: reason=class_check action=maybe_recompile pc=0x00007f3019dd7b5c method=sun.misc.URLClassPath.getLoader(I)Lsun/misc/URLClassPath$Loader; @ 193
Event: 26.781 Thread 0x000000000118b800 Uncommon trap: reason=class_check action=maybe_recompile pc=0x00007f3019dd7b5c method=sun.misc.URLClassPath.getLoader(I)Lsun/misc/URLClassPath$Loader; @ 193
Event: 26.789 Thread 0x000000000118b800 Uncommon trap: reason=class_check action=maybe_recompile pc=0x00007f3019dd7b5c method=sun.misc.URLClassPath.getLoader(I)Lsun/misc/URLClassPath$Loader; @ 193

Internal exceptions (10 events):
Event: 8.602 Thread 0x000000000118b800 Exception <a 'java/security/PrivilegedActionException'> (0x00000000e135e500) thrown at [/HUDSON/workspace/8-2-build-linux-amd64/jdk8u60/4407/hotspot/src/share/vm/prims/jvm.cpp, line 1386]
Event: 8.602 Thread 0x000000000118b800 Exception <a 'java/security/PrivilegedActionException'> (0x00000000e135e710) thrown at [/HUDSON/workspace/8-2-build-linux-amd64/jdk8u60/4407/hotspot/src/share/vm/prims/jvm.cpp, line 1386]
Event: 8.602 Thread 0x000000000118b800 Exception <a 'java/security/PrivilegedActionException'> (0x00000000e1361050) thrown at [/HUDSON/workspace/8-2-build-linux-amd64/jdk8u60/4407/hotspot/src/share/vm/prims/jvm.cpp, line 1386]
Event: 8.602 Thread 0x000000000118b800 Exception <a 'java/security/PrivilegedActionException'> (0x00000000e1361260) thrown at [/HUDSON/workspace/8-2-build-linux-amd64/jdk8u60/4407/hotspot/src/share/vm/prims/jvm.cpp, line 1386]
Event: 13.616 Thread 0x000000000118b800 Implicit null exception at 0x00007f3019f66cff to 0x00007f3019f67755
Event: 19.338 Thread 0x000000000118b800 Implicit null exception at 0x00007f3019fcaaa7 to 0x00007f3019fcad59
Event: 19.338 Thread 0x000000000118b800 Implicit null exception at 0x00007f3019fb8200 to 0x00007f3019fb83c9
Event: 19.558 Thread 0x000000000118b800 Exception <a 'java/lang/ArrayIndexOutOfBoundsException'> (0x00000000e73d3e78) thrown at [/HUDSON/workspace/8-2-build-linux-amd64/jdk8u60/4407/hotspot/src/share/vm/runtime/sharedRuntime.cpp, line 605]
Event: 19.558 Thread 0x000000000118b800 Exception <a 'java/lang/ArrayIndexOutOfBoundsException'> (0x00000000e73d4d80) thrown at [/HUDSON/workspace/8-2-build-linux-amd64/jdk8u60/4407/hotspot/src/share/vm/runtime/sharedRuntime.cpp, line 605]
Event: 19.604 Thread 0x000000000118b800 Exception <a 'java/lang/ArrayIndexOutOfBoundsException': 286> (0x00000000e74d60b8) thrown at [/HUDSON/workspace/8-2-build-linux-amd64/jdk8u60/4407/hotspot/src/share/vm/interpreter/interpreterRuntime.cpp, line 366]

Events (10 events):
Event: 26.962 loading class com/sun/jna/NativeString
Event: 26.962 loading class com/sun/jna/NativeString done
Event: 26.963 loading class org/broadinstitute/gatk/queue/util/Retry$
Event: 26.963 loading class org/broadinstitute/gatk/queue/util/Retry$ done
Event: 26.964 loading class org/broadinstitute/gatk/queue/util/RetryException
Event: 26.964 loading class org/broadinstitute/gatk/queue/util/RetryException done
Event: 26.964 loading class org/broadinstitute/gatk/queue/engine/drmaa/DrmaaJobRunner$$anonfun$start$1
Event: 26.964 loading class org/broadinstitute/gatk/queue/engine/drmaa/DrmaaJobRunner$$anonfun$start$1 done
Event: 29.385 loading class org/broadinstitute/gatk/queue/engine/QGraph$$anonfun$runJobs$2
Event: 29.385 loading class org/broadinstitute/gatk/queue/engine/QGraph$$anonfun$runJobs$2 done


Dynamic libraries:
00400000-00401000 r-xp 00000000 00:1e 8232201                            /gapp/x64linux/opt/java/jdk/jdk1.8.0_60/bin/java
00600000-00601000 rw-p 00000000 00:1e 8232201                            /gapp/x64linux/opt/java/jdk/jdk1.8.0_60/bin/java
01182000-0342e000 rw-p 00000000 00:00 0                                  [heap]
a2a00000-aac00000 rw-p 00000000 00:00 0 
aac00000-e0e00000 ---p 00000000 00:00 0 
e0e00000-100000000 rw-p 00000000 00:00 0 
100000000-1005a0000 rw-p 00000000 00:00 0 
1005a0000-140000000 ---p 00000000 00:00 0 
7f3004000000-7f3005eb7000 rw-p 00000000 00:00 0 
7f3005eb7000-7f3008000000 ---p 00000000 00:00 0 
7f300bde7000-7f300bdfd000 r-xp 00000000 08:03 26169480                   /lib/libresolv-2.11.1.so
7f300bdfd000-7f300bffc000 ---p 00016000 08:03 26169480                   /lib/libresolv-2.11.1.so
7f300bffc000-7f300bffd000 r--p 00015000 08:03 26169480                   /lib/libresolv-2.11.1.so
7f300bffd000-7f300bffe000 rw-p 00016000 08:03 26169480                   /lib/libresolv-2.11.1.so
7f300bffe000-7f300c000000 rw-p 00000000 00:00 0 
7f300c000000-7f300d61c000 rw-p 00000000 00:00 0 
7f300d61c000-7f3010000000 ---p 00000000 00:00 0 
7f3010032000-7f3010067000 r--s 00000000 08:03 31114242                   /var/cache/nscd/group
7f3010067000-7f301006c000 r-xp 00000000 08:03 26169472                   /lib/libnss_dns-2.11.1.so
7f301006c000-7f301026b000 ---p 00005000 08:03 26169472                   /lib/libnss_dns-2.11.1.so
7f301026b000-7f301026c000 r--p 00004000 08:03 26169472                   /lib/libnss_dns-2.11.1.so
7f301026c000-7f301026d000 rw-p 00005000 08:03 26169472                   /lib/libnss_dns-2.11.1.so
7f301026d000-7f301026e000 ---p 00000000 00:00 0 
7f301026e000-7f3010a6e000 rw-p 00000000 00:00 0 
7f3010a6e000-7f3010a85000 r-xp 00000000 08:03 26171005                   /lib/libnsl-2.11.1.so
7f3010a85000-7f3010c84000 ---p 00017000 08:03 26171005                   /lib/libnsl-2.11.1.so
7f3010c84000-7f3010c85000 r--p 00016000 08:03 26171005                   /lib/libnsl-2.11.1.so
7f3010c85000-7f3010c86000 rw-p 00017000 08:03 26171005                   /lib/libnsl-2.11.1.so
7f3010c86000-7f3010c88000 rw-p 00000000 00:00 0 
7f3010c88000-7f3010d91000 r-xp 00000000 08:03 18383236                   /opt/lsf9/9.1/linux2.6-glibc2.3-x86_64/lib/liblsf.so
7f3010d91000-7f3010e91000 ---p 00109000 08:03 18383236                   /opt/lsf9/9.1/linux2.6-glibc2.3-x86_64/lib/liblsf.so
7f3010e91000-7f3010eaf000 rw-p 00109000 08:03 18383236                   /opt/lsf9/9.1/linux2.6-glibc2.3-x86_64/lib/liblsf.so
7f3010eaf000-7f3010ff5000 rw-p 00000000 00:00 0 
7f3010ff5000-7f3011244000 r-xp 00000000 08:03 18383227                   /opt/lsf9/9.1/linux2.6-glibc2.3-x86_64/lib/libbat.so
7f3011244000-7f3011344000 ---p 0024f000 08:03 18383227                   /opt/lsf9/9.1/linux2.6-glibc2.3-x86_64/lib/libbat.so
7f3011344000-7f3011369000 rw-p 0024f000 08:03 18383227                   /opt/lsf9/9.1/linux2.6-glibc2.3-x86_64/lib/libbat.so
7f3011369000-7f30113a0000 rw-p 00000000 00:00 0 
7f30113a0000-7f30113c8000 r-xp 00000000 08:03 966685                     /tmp/idas-local/lib/libdrmaa.so.0.1.1
7f30113c8000-7f30115c8000 ---p 00028000 08:03 966685                     /tmp/idas-local/lib/libdrmaa.so.0.1.1
7f30115c8000-7f30115c9000 r--p 00028000 08:03 966685                     /tmp/idas-local/lib/libdrmaa.so.0.1.1
7f30115c9000-7f30115ca000 rw-p 00029000 08:03 966685                     /tmp/idas-local/lib/libdrmaa.so.0.1.1
7f30115ca000-7f30115df000 r-xp 00000000 08:03 180612                     /tmp/jna1570977200023235466.tmp
7f30115df000-7f30116de000 ---p 00015000 08:03 180612                     /tmp/jna1570977200023235466.tmp
7f30116de000-7f30116e0000 rw-p 00014000 08:03 180612                     /tmp/jna1570977200023235466.tmp
7f30116e0000-7f3011760000 rw-p 00000000 00:00 0 
7f3011760000-7f30118e0000 ---p 00000000 00:00 0 
7f30118e0000-7f3011ae0000 rw-p 00000000 00:00 0 
7f3011ae0000-7f3011ce0000 rw-p 00000000 00:00 0 
7f3011ce0000-7f3011ee0000 rw-p 00000000 00:00 0 
7f3011ee0000-7f3011ef1000 r-xp 00000000 00:1e 8232090                    /gapp/x64linux/opt/java/jdk/jdk1.8.0_60/jre/lib/amd64/libnio.so
7f3011ef1000-7f30120f0000 ---p 00011000 00:1e 8232090                    /gapp/x64linux/opt/java/jdk/jdk1.8.0_60/jre/lib/amd64/libnio.so
7f30120f0000-7f30120f1000 rw-p 00010000 00:1e 8232090                    /gapp/x64linux/opt/java/jdk/jdk1.8.0_60/jre/lib/amd64/libnio.so
7f30120f1000-7f30122f1000 rw-p 00000000 00:00 0 
7f30122f1000-7f30124f1000 rw-p 00000000 00:00 0 
7f30124f1000-7f30126f1000 rw-p 00000000 00:00 0 
7f30126f1000-7f30128f1000 rw-p 00000000 00:00 0 
7f30128f1000-7f3012af1000 rw-p 00000000 00:00 0 
7f3012af1000-7f3012af2000 r--s 0000a000 00:1e 8232121                    /gapp/x64linux/opt/java/jdk/jdk1.8.0_60/jre/lib/ext/jaccess.jar
7f3012af2000-7f3012b0e000 r--s 00393000 00:1e 8232124                    /gapp/x64linux/opt/java/jdk/jdk1.8.0_60/jre/lib/ext/cldrdata.jar
7f3012b0e000-7f3012b18000 r--s 00116000 00:1e 8232117                    /gapp/x64linux/opt/java/jdk/jdk1.8.0_60/jre/lib/ext/localedata.jar
7f3012b18000-7f3012b19000 r--s 00009000 00:1e 8232118                    /gapp/x64linux/opt/java/jdk/jdk1.8.0_60/jre/lib/ext/sunec.jar
7f3012b19000-7f3012b33000 r--s 001d2000 00:1e 8232120                    /gapp/x64linux/opt/java/jdk/jdk1.8.0_60/jre/lib/ext/nashorn.jar
7f3012b33000-7f3012b37000 r--s 0003a000 00:1e 8232126                    /gapp/x64linux/opt/java/jdk/jdk1.8.0_60/jre/lib/ext/sunpkcs11.jar
7f3012b37000-7f3012bcd000 r--s 01107000 00:1e 8232123                    /gapp/x64linux/opt/java/jdk/jdk1.8.0_60/jre/lib/ext/jfxrt.jar
7f3012bcd000-7f3012dcd000 rw-p 00000000 00:00 0 
7f3012dcd000-7f3012fcd000 rw-p 00000000 00:00 0 
7f3012fcd000-7f3012fd3000 r--s 0003f000 00:1e 8232119                    /gapp/x64linux/opt/java/jdk/jdk1.8.0_60/jre/lib/ext/sunjce_provider.jar
7f3012fd4000-7f3012fd8000 rw-p 00000000 00:00 0 
7f3012fd8000-7f3012fdd000 r--s 00083000 00:1e 8232109                    /gapp/x64linux/opt/java/jdk/jdk1.8.0_60/jre/lib/jfr.jar
7f3012fdd000-7f3012fe0000 r--s 0001a000 00:1e 8232025                    /gapp/x64linux/opt/java/jdk/jdk1.8.0_60/jre/lib/jce.jar
7f3012fe0000-7f3012fe4000 r--s 00095000 00:1e 8232111                    /gapp/x64linux/opt/java/jdk/jdk1.8.0_60/jre/lib/jsse.jar
7f3012fe4000-7f3012fe5000 rw-s 00000000 08:03 180614                     /tmp/ffinyiwOJ (deleted)
7f3012fe5000-7f3012fe6000 r-xs 00000000 08:03 180614                     /tmp/ffinyiwOJ (deleted)
7f3012fe6000-7f3012fec000 r--s 002f8000 00:1e 8232024                    /gapp/x64linux/opt/java/jdk/jdk1.8.0_60/jre/lib/charsets.jar
7f3012fec000-7f3012fff000 r--s 00344000 00:1e 8232138                    /gapp/x64linux/opt/java/jdk/jdk1.8.0_60/jre/lib/resources.jar
7f3012fff000-7f3013001000 r--s 00001000 00:1e 8232125                    /gapp/x64linux/opt/java/jdk/jdk1.8.0_60/jre/lib/ext/dnsns.jar
7f3013001000-7f3013002000 r--s 00010000 00:1e 8232122                    /gapp/x64linux/opt/java/jdk/jdk1.8.0_60/jre/lib/ext/zipfs.jar
7f3013002000-7f301300e000 r-xp 00000000 08:03 26171009                   /lib/libnss_files-2.11.1.so
7f301300e000-7f301320d000 ---p 0000c000 08:03 26171009                   /lib/libnss_files-2.11.1.so
7f301320d000-7f301320e000 r--p 0000b000 08:03 26171009                   /lib/libnss_files-2.11.1.so
7f301320e000-7f301320f000 rw-p 0000c000 08:03 26171009                   /lib/libnss_files-2.11.1.so
7f301320f000-7f3013225000 r-xp 00000000 00:1e 8232063                    /gapp/x64linux/opt/java/jdk/jdk1.8.0_60/jre/lib/amd64/libnet.so
7f3013225000-7f3013425000 ---p 00016000 00:1e 8232063                    /gapp/x64linux/opt/java/jdk/jdk1.8.0_60/jre/lib/amd64/libnet.so
7f3013425000-7f3013426000 rw-p 00016000 00:1e 8232063                    /gapp/x64linux/opt/java/jdk/jdk1.8.0_60/jre/lib/amd64/libnet.so
7f3013426000-7f301342a000 r--s 00015000 00:26 4308981320                 /gscmnt/gc2801/analytics/jeldred/GenomeSTRiP/svtoolkit/lib/gatk/xz-1.5.jar
7f301342a000-7f301342f000 r--s 00016000 00:26 4308981319                 /gscmnt/gc2801/analytics/jeldred/GenomeSTRiP/svtoolkit/lib/gatk/xml-apis-1.0.b2.jar
7f301342f000-7f3013431000 r--s 00005000 00:26 4308981318                 /gscmnt/gc2801/analytics/jeldred/GenomeSTRiP/svtoolkit/lib/gatk/stax-api-1.0.1.jar
7f3013431000-7f3013434000 r--s 00029000 00:26 4308981317                 /gscmnt/gc2801/analytics/jeldred/GenomeSTRiP/svtoolkit/lib/gatk/stax-1.2.0.jar
7f3013434000-7f3013436000 r--s 000f0000 00:26 4308981316                 /gscmnt/gc2801/analytics/jeldred/GenomeSTRiP/svtoolkit/lib/gatk/snappy-java-1.0.3-rc3.jar
7f3013436000-7f3013438000 r--s 00005000 00:26 4308981315                 /gscmnt/gc2801/analytics/jeldred/GenomeSTRiP/svtoolkit/lib/gatk/slf4j-api-1.6.1.jar
7f3013438000-7f301343f000 r--s 00030000 00:26 4308981314                 /gscmnt/gc2801/analytics/jeldred/GenomeSTRiP/svtoolkit/lib/gatk/simple-xml-2.0.4.jar
7f301343f000-7f3013441000 r--s 00018000 00:26 4308981313                 /gscmnt/gc2801/analytics/jeldred/GenomeSTRiP/svtoolkit/lib/gatk/servlet-api-2.5.jar
7f3013441000-7f3013476000 r--s 002d2000 00:26 4308981312                 /gscmnt/gc2801/analytics/jeldred/GenomeSTRiP/svtoolkit/lib/gatk/scala-reflect-2.10.2.jar
7f3013476000-7f30134e8000 r--s 00659000 00:26 4308981311                 /gscmnt/gc2801/analytics/jeldred/GenomeSTRiP/svtoolkit/lib/gatk/scala-library-2.10.2.jar
7f30134e8000-7f301350b000 rw-p 00000000 00:00 0 
7f301350b000-7f3013608000 r--s 00cc2000 00:26 4308981310                 /gscmnt/gc2801/analytics/jeldred/GenomeSTRiP/svtoolkit/lib/gatk/scala-compiler-2.10.2.jar
7f3013608000-7f301360b000 r--s 0001b000 00:26 4308981309                 /gscmnt/gc2801/analytics/jeldred/GenomeSTRiP/svtoolkit/lib/gatk/reflections-0.9.9-RC1.jar
7f301360b000-7f301361a000 r--s 000d0000 00:26 4308981308                 /gscmnt/gc2801/analytics/jeldred/GenomeSTRiP/svtoolkit/lib/gatk/picard-1.141.jar
7f301361a000-7f3013621000 r--s 00072000 00:26 4308981307                 /gscmnt/gc2801/analytics/jeldred/GenomeSTRiP/svtoolkit/lib/gatk/mail-1.4.4.jar
7f3013621000-7f3013628000 r--s 00059000 00:26 4308981306                 /gscmnt/gc2801/analytics/jeldred/GenomeSTRiP/svtoolkit/lib/gatk/log4j-1.2.15.jar
7f3013628000-7f301362b000 r--s 00006000 00:26 4308981304                 /gscmnt/gc2801/analytics/jeldred/GenomeSTRiP/svtoolkit/lib/gatk/jsr305-1.3.9.jar
7f301362b000-7f301362f000 r--s 000e4000 00:26 4308981303                 /gscmnt/gc2801/analytics/jeldred/GenomeSTRiP/svtoolkit/lib/gatk/jna-3.2.7.jar
7f301362f000-7f3013636000 r--s 00035000 00:26 4308981302                 /gscmnt/gc2801/analytics/jeldred/GenomeSTRiP/svtoolkit/lib/gatk/jgrapht-0.8.3.jar
7f3013636000-7f301363a000 r--s 00028000 00:26 4308981301                 /gscmnt/gc2801/analytics/jeldred/GenomeSTRiP/svtoolkit/lib/gatk/jetty-util-6.1.26.jar
7f301363a000-7f3013641000 r--s 0007d000 00:26 4308981300                 /gscmnt/gc2801/analytics/jeldred/GenomeSTRiP/svtoolkit/lib/gatk/jetty-6.1.26.jar
7f3013641000-7f301364a000 r--s 00072000 00:26 4308981299                 /gscmnt/gc2801/analytics/jeldred/GenomeSTRiP/svtoolkit/lib/gatk/jets3t-0.8.1.jar
7f301364a000-7f301364c000 r--s 0000d000 00:26 4308981298                 /gscmnt/gc2801/analytics/jeldred/GenomeSTRiP/svtoolkit/lib/gatk/jcommander-1.35.jar
7f301364c000-7f3013655000 r--s 00098000 00:26 4308981297                 /gscmnt/gc2801/analytics/jeldred/GenomeSTRiP/svtoolkit/lib/gatk/javassist-3.16.1-GA.jar
7f3013655000-7f3013656000 r--s 00004000 00:26 4308981296                 /gscmnt/gc2801/analytics/jeldred/GenomeSTRiP/svtoolkit/lib/gatk/java-xmlbuilder-0.4.jar
7f3013656000-7f301365a000 r--s 0002f000 00:26 4308981295                 /gscmnt/gc2801/analytics/jeldred/GenomeSTRiP/svtoolkit/lib/gatk/jackson-core-2.1.3.jar
7f301365a000-7f301365f000 r--s 00028000 00:26 4308981294                 /gscmnt/gc2801/analytics/jeldred/GenomeSTRiP/svtoolkit/lib/gatk/httpcore-4.1.jar
7f301365f000-7f3013667000 r--s 0004e000 00:26 4308981293                 /gscmnt/gc2801/analytics/jeldred/GenomeSTRiP/svtoolkit/lib/gatk/httpclient-4.1.1.jar
7f3013667000-7f301367e000 r--s 00125000 00:26 4308981292                 /gscmnt/gc2801/analytics/jeldred/GenomeSTRiP/svtoolkit/lib/gatk/htsjdk-1.141.jar
7f301367e000-7f30136a9000 r--s 001fc000 00:26 4308981291                 /gscmnt/gc2801/analytics/jeldred/GenomeSTRiP/svtoolkit/lib/gatk/guava-18.0.jar
7f30136a9000-7f30136ae000 r--s 0002a000 00:26 4308981290                 /gscmnt/gc2801/analytics/jeldred/GenomeSTRiP/svtoolkit/lib/gatk/gson-2.2.2.jar
7f30136ae000-7f30136b0000 r--s 00009000 00:26 4308981289                 /gscmnt/gc2801/analytics/jeldred/GenomeSTRiP/svtoolkit/lib/gatk/gov.nist.math.jama-1.1.1.jar
7f30136b0000-7f30136b1000 r--s 00001000 00:26 4308981288                 /gscmnt/gc2801/analytics/jeldred/GenomeSTRiP/svtoolkit/lib/gatk/google-oauth-client-jetty-1.19.0.jar
7f30136b1000-7f30136b2000 r--s 00002000 00:26 4308981287                 /gscmnt/gc2801/analytics/jeldred/GenomeSTRiP/svtoolkit/lib/gatk/google-oauth-client-java6-1.19.0.jar
7f30136b2000-7f30136b4000 r--s 0000d000 00:26 4308981286                 /gscmnt/gc2801/analytics/jeldred/GenomeSTRiP/svtoolkit/lib/gatk/google-oauth-client-1.19.0.jar
7f30136b4000-7f30136b5000 r--s 00001000 00:26 4308981285                 /gscmnt/gc2801/analytics/jeldred/GenomeSTRiP/svtoolkit/lib/gatk/google-http-client-jackson2-1.19.0.jar
7f30136b5000-7f30136bc000 r--s 0003c000 00:26 4308981284                 /gscmnt/gc2801/analytics/jeldred/GenomeSTRiP/svtoolkit/lib/gatk/google-http-client-1.19.0.jar
7f30136bc000-7f30136bf000 r--s 0000d000 00:26 4308981283                 /gscmnt/gc2801/analytics/jeldred/GenomeSTRiP/svtoolkit/lib/gatk/google-genomics-utils-v1beta2-0.19.jar
7f30136bf000-7f30136c3000 r--s 0001e000 00:26 4308981282                 /gscmnt/gc2801/analytics/jeldred/GenomeSTRiP/svtoolkit/lib/gatk/google-api-services-genomics-v1beta2-rev9-1.19.0.jar
7f30136c3000-7f30136c4000 r--s 00000000 00:26 4308981281                 /gscmnt/gc2801/analytics/jeldred/GenomeSTRiP/svtoolkit/lib/gatk/google-api-client-java6-1.19.0.jar
7f30136c4000-7f30136c9000 r--s 0002a000 00:26 4308981280                 /gscmnt/gc2801/analytics/jeldred/GenomeSTRiP/svtoolkit/lib/gatk/google-api-client-1.19.0.jar
7f30136c9000-7f30136ee000 r--s 00181000 00:26 4308981279                 /gscmnt/gc2801/analytics/jeldred/GenomeSTRiP/svtoolkit/lib/gatk/gatk-utils-3.5.jar
7f30136ee000-7f30136f7000 r--s 00077000 00:26 4308981278                 /gscmnt/gc2801/analytics/jeldred/GenomeSTRiP/svtoolkit/lib/gatk/gatk-tools-public-3.5.jar
7f30136f7000-7f3013702000 r--s 000e7000 00:26 4308981276                 /gscmnt/gc2801/analytics/jeldred/GenomeSTRiP/svtoolkit/lib/gatk/gatk-queue-extensions-public-3.5.jar
7f3013702000-7f3013710000 r--s 00092000 00:26 4308981274                 /gscmnt/gc2801/analytics/jeldred/GenomeSTRiP/svtoolkit/lib/gatk/gatk-queue-3.5.jar
7f3013710000-7f301371a000 r--s 0007c000 00:26 4308981273                 /gscmnt/gc2801/analytics/jeldred/GenomeSTRiP/svtoolkit/lib/gatk/gatk-engine-3.5.jar
7f301371a000-7f301372a000 r--s 000d2000 00:26 4308981272                 /gscmnt/gc2801/analytics/jeldred/GenomeSTRiP/svtoolkit/lib/gatk/freemarker-2.3.18.jar
7f301372a000-7f3013754000 rw-p 00000000 00:00 0 
7f3013754000-7f3013879000 r--s 00ec4000 00:26 4308981271                 /gscmnt/gc2801/analytics/jeldred/GenomeSTRiP/svtoolkit/lib/gatk/fastutil-6.5.3.jar
7f3013879000-7f301387a000 r--s 00002000 00:26 4308981270                 /gscmnt/gc2801/analytics/jeldred/GenomeSTRiP/svtoolkit/lib/gatk/drmaa-gridengine-6.2u5.jar
7f301387a000-7f301387c000 r--s 00009000 00:26 4308981269                 /gscmnt/gc2801/analytics/jeldred/GenomeSTRiP/svtoolkit/lib/gatk/drmaa-common-1.0.jar
7f301387c000-7f3013881000 r--s 00048000 00:26 4308981268                 /gscmnt/gc2801/analytics/jeldred/GenomeSTRiP/svtoolkit/lib/gatk/dom4j-1.6.1.jar
7f3013881000-7f3013888000 r--s 00028000 00:26 4308981267                 /gscmnt/gc2801/analytics/jeldred/GenomeSTRiP/svtoolkit/lib/gatk/concurrent-1.3.4.jar
7f3013888000-7f301389b000 r--s 000df000 00:26 4308981266                 /gscmnt/gc2801/analytics/jeldred/GenomeSTRiP/svtoolkit/lib/gatk/commons-math-2.2.jar
7f301389b000-7f301389d000 r--s 0000d000 00:26 4308981265                 /gscmnt/gc2801/analytics/jeldred/GenomeSTRiP/svtoolkit/lib/gatk/commons-logging-1.1.1.jar
7f301389d000-7f30138a2000 r--s 00040000 00:26 4308981264                 /gscmnt/gc2801/analytics/jeldred/GenomeSTRiP/svtoolkit/lib/gatk/commons-lang-2.5.jar
7f30138a2000-7f30138a8000 r--s 0003c000 00:26 4308981263                 /gscmnt/gc2801/analytics/jeldred/GenomeSTRiP/svtoolkit/lib/gatk/commons-jexl-2.1.1.jar
7f30138a8000-7f30138ab000 r--s 00025000 00:26 4308981262                 /gscmnt/gc2801/analytics/jeldred/GenomeSTRiP/svtoolkit/lib/gatk/commons-io-2.1.jar
7f30138ab000-7f30138b1000 r--s 00045000 00:26 4308981261                 /gscmnt/gc2801/analytics/jeldred/GenomeSTRiP/svtoolkit/lib/gatk/commons-httpclient-3.1.jar
7f30138b1000-7f30138b2000 r--s 00007000 00:26 4308981260                 /gscmnt/gc2801/analytics/jeldred/GenomeSTRiP/svtoolkit/lib/gatk/commons-email-1.2.jar
7f30138b2000-7f30138b7000 r--s 00036000 00:26 4308981259                 /gscmnt/gc2801/analytics/jeldred/GenomeSTRiP/svtoolkit/lib/gatk/commons-compress-1.4.1.jar
7f30138b7000-7f30138c5000 r--s 0007f000 00:26 4308981258                 /gscmnt/gc2801/analytics/jeldred/GenomeSTRiP/svtoolkit/lib/gatk/commons-collections-3.2.1.jar
7f30138c5000-7f30138c7000 r--s 0000d000 00:26 4308981257                 /gscmnt/gc2801/analytics/jeldred/GenomeSTRiP/svtoolkit/lib/gatk/commons-codec-1.4.jar
7f30138c7000-7f30138d5000 r--s 00081000 00:26 4308981256                 /gscmnt/gc2801/analytics/jeldred/GenomeSTRiP/svtoolkit/lib/gatk/colt-1.2.0.jar
7f30138d5000-7f30138da000 r--s 00030000 00:26 4308981255                 /gscmnt/gc2801/analytics/jeldred/GenomeSTRiP/svtoolkit/lib/gatk/cofoja-1.2-20140817.jar
7f30138da000-7f301399d000 r--s 00bca000 00:24 5440820644                 /gscmnt/gc2802/halllab/idas/jira/BIO-1662/vendor/local/jars/GenomeAnalysisTK-3.5-idas-experimental-e4c9106-2016.03.23.jar
7f301399d000-7f3013a50000 r--s 006a9000 00:26 4308981248                 /gscmnt/gc2801/analytics/jeldred/GenomeSTRiP/svtoolkit/lib/depend/aws-java-sdk-1.3.23.jar
7f3013a50000-7f3013a51000 ---p 00000000 00:00 0 
7f3013a51000-7f3013b51000 rw-p 00000000 00:00 0 
7f3013b51000-7f3013b54000 ---p 00000000 00:00 0 
7f3013b54000-7f3013c52000 rw-p 00000000 00:00 0 
7f3013c52000-7f3013c55000 ---p 00000000 00:00 0 
7f3013c55000-7f3013d53000 rw-p 00000000 00:00 0 
7f3013d53000-7f3013d56000 ---p 00000000 00:00 0 
7f3013d56000-7f3013e54000 rw-p 00000000 00:00 0 
7f3013e54000-7f3013e57000 ---p 00000000 00:00 0 
7f3013e57000-7f3013f55000 rw-p 00000000 00:00 0 
7f3013f55000-7f3013f58000 ---p 00000000 00:00 0 
7f3013f58000-7f3014056000 rw-p 00000000 00:00 0 
7f3014056000-7f3014095000 r--p 00000000 08:03 13914187                   /usr/lib/locale/en_US.utf8/LC_CTYPE
7f3014095000-7f3014098000 ---p 00000000 00:00 0 
7f3014098000-7f3014196000 rw-p 00000000 00:00 0 
7f3014196000-7f3014199000 ---p 00000000 00:00 0 
7f3014199000-7f3014297000 rw-p 00000000 00:00 0 
7f3014297000-7f3014298000 ---p 00000000 00:00 0 
7f3014298000-7f301534c000 rw-p 00000000 00:00 0 
7f301534c000-7f3015524000 r--s 03d17000 00:1e 8232108                    /gapp/x64linux/opt/java/jdk/jdk1.8.0_60/jre/lib/rt.jar
7f3015524000-7f3018fb8000 rw-p 00000000 00:00 0 
7f3018fb8000-7f3018fb9000 ---p 00000000 00:00 0 
7f3018fb9000-7f30190b9000 rw-p 00000000 00:00 0 
7f30190b9000-7f30190ba000 ---p 00000000 00:00 0 
7f30190ba000-7f30191ba000 rw-p 00000000 00:00 0 
7f30191ba000-7f30191bb000 ---p 00000000 00:00 0 
7f30191bb000-7f30192bb000 rw-p 00000000 00:00 0 
7f30192bb000-7f30192bc000 ---p 00000000 00:00 0 
7f30192bc000-7f30193fd000 rw-p 00000000 00:00 0 
7f30193fd000-7f30195ae000 ---p 00000000 00:00 0 
7f30195ae000-7f30195ef000 rw-p 00000000 00:00 0 
7f30195ef000-7f30197a0000 ---p 00000000 00:00 0 
7f30197a0000-7f3019899000 rw-p 00000000 00:00 0 
7f3019899000-7f30198d7000 rw-p 00000000 00:00 0 
7f30198d7000-7f3019c5a000 ---p 00000000 00:00 0 
7f3019c5a000-7f301ab9a000 rwxp 00000000 00:00 0 
7f301ab9a000-7f3028c5a000 ---p 00000000 00:00 0 
7f3028c5a000-7f3028c74000 r-xp 00000000 00:1e 8232058                    /gapp/x64linux/opt/java/jdk/jdk1.8.0_60/jre/lib/amd64/libzip.so
7f3028c74000-7f3028e74000 ---p 0001a000 00:1e 8232058                    /gapp/x64linux/opt/java/jdk/jdk1.8.0_60/jre/lib/amd64/libzip.so
7f3028e74000-7f3028e75000 rw-p 0001a000 00:1e 8232058                    /gapp/x64linux/opt/java/jdk/jdk1.8.0_60/jre/lib/amd64/libzip.so
7f3028e75000-7f3028e9f000 r-xp 00000000 00:1e 8232036                    /gapp/x64linux/opt/java/jdk/jdk1.8.0_60/jre/lib/amd64/libjava.so
7f3028e9f000-7f302909f000 ---p 0002a000 00:1e 8232036                    /gapp/x64linux/opt/java/jdk/jdk1.8.0_60/jre/lib/amd64/libjava.so
7f302909f000-7f30290a1000 rw-p 0002a000 00:1e 8232036                    /gapp/x64linux/opt/java/jdk/jdk1.8.0_60/jre/lib/amd64/libjava.so
7f30290a1000-7f30290ae000 r-xp 00000000 00:1e 8232052                    /gapp/x64linux/opt/java/jdk/jdk1.8.0_60/jre/lib/amd64/libverify.so
7f30290ae000-7f30292ae000 ---p 0000d000 00:1e 8232052                    /gapp/x64linux/opt/java/jdk/jdk1.8.0_60/jre/lib/amd64/libverify.so
7f30292ae000-7f30292b0000 rw-p 0000d000 00:1e 8232052                    /gapp/x64linux/opt/java/jdk/jdk1.8.0_60/jre/lib/amd64/libverify.so
7f30292b0000-7f30292b7000 r-xp 00000000 08:03 26169478                   /lib/librt-2.11.1.so
7f30292b7000-7f30294b6000 ---p 00007000 08:03 26169478                   /lib/librt-2.11.1.so
7f30294b6000-7f30294b7000 r--p 00006000 08:03 26169478                   /lib/librt-2.11.1.so
7f30294b7000-7f30294b8000 rw-p 00007000 08:03 26169478                   /lib/librt-2.11.1.so
7f30294b8000-7f302953a000 r-xp 00000000 08:03 26169471                   /lib/libm-2.11.1.so
7f302953a000-7f3029739000 ---p 00082000 08:03 26169471                   /lib/libm-2.11.1.so
7f3029739000-7f302973a000 r--p 00081000 08:03 26169471                   /lib/libm-2.11.1.so
7f302973a000-7f302973b000 rw-p 00082000 08:03 26169471                   /lib/libm-2.11.1.so
7f302973b000-7f302a3f9000 r-xp 00000000 00:1e 8232074                    /gapp/x64linux/opt/java/jdk/jdk1.8.0_60/jre/lib/amd64/server/libjvm.so
7f302a3f9000-7f302a5f8000 ---p 00cbe000 00:1e 8232074                    /gapp/x64linux/opt/java/jdk/jdk1.8.0_60/jre/lib/amd64/server/libjvm.so
7f302a5f8000-7f302a6d0000 rw-p 00cbd000 00:1e 8232074                    /gapp/x64linux/opt/java/jdk/jdk1.8.0_60/jre/lib/amd64/server/libjvm.so
7f302a6d0000-7f302a715000 rw-p 00000000 00:00 0 
7f302a715000-7f302a894000 r-xp 00000000 08:03 26171010                   /lib/libc-2.11.1.so
7f302a894000-7f302aa94000 ---p 0017f000 08:03 26171010                   /lib/libc-2.11.1.so
7f302aa94000-7f302aa98000 r--p 0017f000 08:03 26171010                   /lib/libc-2.11.1.so
7f302aa98000-7f302aa99000 rw-p 00183000 08:03 26171010                   /lib/libc-2.11.1.so
7f302aa99000-7f302aa9e000 rw-p 00000000 00:00 0 
7f302aa9e000-7f302aaa0000 r-xp 00000000 08:03 26171008                   /lib/libdl-2.11.1.so
7f302aaa0000-7f302aca0000 ---p 00002000 08:03 26171008                   /lib/libdl-2.11.1.so
7f302aca0000-7f302aca1000 r--p 00002000 08:03 26171008                   /lib/libdl-2.11.1.so
7f302aca1000-7f302aca2000 rw-p 00003000 08:03 26171008                   /lib/libdl-2.11.1.so
7f302aca2000-7f302acb7000 r-xp 00000000 00:1e 8231119                    /gapp/x64linux/opt/java/jdk/jdk1.8.0_60/lib/amd64/jli/libjli.so
7f302acb7000-7f302aeb7000 ---p 00015000 00:1e 8231119                    /gapp/x64linux/opt/java/jdk/jdk1.8.0_60/lib/amd64/jli/libjli.so
7f302aeb7000-7f302aeb8000 rw-p 00015000 00:1e 8231119                    /gapp/x64linux/opt/java/jdk/jdk1.8.0_60/lib/amd64/jli/libjli.so
7f302aeb8000-7f302aed0000 r-xp 00000000 08:03 26171004                   /lib/libpthread-2.11.1.so
7f302aed0000-7f302b0cf000 ---p 00018000 08:03 26171004                   /lib/libpthread-2.11.1.so
7f302b0cf000-7f302b0d0000 r--p 00017000 08:03 26171004                   /lib/libpthread-2.11.1.so
7f302b0d0000-7f302b0d1000 rw-p 00018000 08:03 26171004                   /lib/libpthread-2.11.1.so
7f302b0d1000-7f302b0d5000 rw-p 00000000 00:00 0 
7f302b0d5000-7f302b0f5000 r-xp 00000000 08:03 26169483                   /lib/ld-2.11.1.so
7f302b0f5000-7f302b0f7000 r--s 0000b000 00:26 4308981277                 /gscmnt/gc2801/analytics/jeldred/GenomeSTRiP/svtoolkit/lib/gatk/gatk-tools-java-1.1.jar
7f302b0f7000-7f302b0f9000 r--s 00008000 00:26 4308981275                 /gscmnt/gc2801/analytics/jeldred/GenomeSTRiP/svtoolkit/lib/gatk/gatk-queue-extensions-generator-3.5.jar
7f302b0f9000-7f302b0fe000 r--s 00037000 00:26 4308981254                 /gscmnt/gc2801/analytics/jeldred/GenomeSTRiP/svtoolkit/lib/gatk/asm-all-5.0.4.jar
7f302b0fe000-7f302b100000 r--s 00002000 00:26 4308981253                 /gscmnt/gc2801/analytics/jeldred/GenomeSTRiP/svtoolkit/lib/gatk/ant-launcher-1.8.2.jar
7f302b100000-7f302b11e000 r--s 001bb000 00:26 4308981252                 /gscmnt/gc2801/analytics/jeldred/GenomeSTRiP/svtoolkit/lib/gatk/ant-1.8.2.jar
7f302b11e000-7f302b120000 r--s 0000e000 00:26 4308981251                 /gscmnt/gc2801/analytics/jeldred/GenomeSTRiP/svtoolkit/lib/gatk/activation-1.1.jar
7f302b120000-7f302b121000 r--s 00000000 00:26 4308981250                 /gscmnt/gc2801/analytics/jeldred/GenomeSTRiP/svtoolkit/lib/gatk/Queue.jar
7f302b121000-7f302b130000 r--s 00141000 00:26 4301113855                 /gscmnt/gc2801/analytics/jeldred/GenomeSTRiP/svtoolkit/lib/SVToolkit.jar
7f302b130000-7f302b131000 r--p 00000000 08:03 13914192                   /usr/lib/locale/en_US.utf8/LC_NUMERIC
7f302b131000-7f302b132000 r--p 00000000 08:03 13914195                   /usr/lib/locale/en_US.utf8/LC_TIME
7f302b132000-7f302b133000 r--p 00000000 08:03 13914190                   /usr/lib/locale/en_US.utf8/LC_MONETARY
7f302b133000-7f302b134000 r--p 00000000 08:03 13914196                   /usr/lib/locale/en_US.utf8/LC_MESSAGES/SYS_LC_MESSAGES
7f302b134000-7f302b135000 r--p 00000000 08:03 13914193                   /usr/lib/locale/en_US.utf8/LC_PAPER
7f302b135000-7f302b136000 r--p 00000000 08:03 13914191                   /usr/lib/locale/en_US.utf8/LC_NAME
7f302b136000-7f302b137000 r--p 00000000 08:03 13914185                   /usr/lib/locale/en_US.utf8/LC_ADDRESS
7f302b137000-7f302b138000 r--p 00000000 08:03 13914194                   /usr/lib/locale/en_US.utf8/LC_TELEPHONE
7f302b138000-7f302b139000 r--p 00000000 08:03 13914189                   /usr/lib/locale/en_US.utf8/LC_MEASUREMENT
7f302b139000-7f302b140000 r--s 00000000 08:03 30588971                   /usr/lib/gconv/gconv-modules.cache
7f302b140000-7f302b141000 r--p 00000000 08:03 13914188                   /usr/lib/locale/en_US.utf8/LC_IDENTIFICATION
7f302b141000-7f302b1ae000 rw-p 00000000 00:00 0 
7f302b1ae000-7f302b1b6000 rw-s 00000000 08:03 907459                     /tmp/hsperfdata_idas/18249
7f302b1b6000-7f302b1eb000 r--s 00000000 08:03 31114243                   /var/cache/nscd/passwd
7f302b1eb000-7f302b1ec000 rw-p 00000000 00:00 0 
7f302b1ec000-7f302b1ed000 r--p 00000000 00:00 0 
7f302b1ed000-7f302b1f0000 ---p 00000000 00:00 0 
7f302b1f0000-7f302b2f4000 rw-p 00000000 00:00 0 
7f302b2f4000-7f302b2f5000 r--p 0001f000 08:03 26169483                   /lib/ld-2.11.1.so
7f302b2f5000-7f302b2f6000 rw-p 00020000 08:03 26169483                   /lib/ld-2.11.1.so
7f302b2f6000-7f302b2f7000 rw-p 00000000 00:00 0 
7fff79fbe000-7fff79fe0000 rw-p 00000000 00:00 0                          [stack]
7fff79fff000-7fff7a000000 r-xp 00000000 00:00 0                          [vdso]
ffffffffff600000-ffffffffff601000 r-xp 00000000 00:00 0                  [vsyscall]

VM Arguments:
java_command: org.broadinstitute.gatk.queue.QCommandLine -S /gscmnt/gc2801/analytics/jeldred/scripts/Hello.q -disableJobReport -l DEBUG -jobRunner Drmaa -jobQueue short -run
java_class_path (initial): /gscmnt/gc2801/analytics/jeldred/GenomeSTRiP/svtoolkit/lib/SVToolkit.jar:/gscmnt/gc2802/halllab/idas/jira/BIO-1662/vendor/local/jars/GenomeAnalysisTK-3.5-idas-experimental-e4c9106-2016.03.23.jar:/gscmnt/gc2801/analytics/jeldred/GenomeSTRiP/svtoolkit/lib/gatk/Queue.jar
Launcher Type: SUN_STANDARD

Environment Variables:
JAVA_HOME=/gapp/x64linux/opt/java/jdk/jdk1.8.0_60
PATH=/gapp/x64linux/opt/java/jdk/jdk1.8.0_60/bin:/gscmnt/gc2801/analytics/jeldred/GenomeSTRiP/bin:/gapp/x64linux/opt/java/jdk/jdk1.8.0_60/bin:/gscuser/idas/.goenv/shims:/gscuser/idas/.Renv/shims:/gscuser/idas/.plenv/shims:/gscuser/idas/.pyenv/plugins/pyenv-virtualenv/shims:/gscuser/idas/.pyenv/libexec:/gscuser/idas/.pyenv/plugins/python-build/bin:/gscuser/idas/.pyenv/plugins/pyenv-virtualenv/bin:/gscuser/idas/.pyenv/shims:/gscuser/idas/.rbenv/shims:/gscuser/idas/.goenv/bin:/gscuser/idas/.Renv/bin:/gscuser/idas/.pyenv/bin:/gscuser/idas/.rbenv/bin:/gscuser/idas/.plenv/bin:/gscuser/idas/vim74/bin:/gscuser/idas/software/cmake/bin:/bin:/gscuser/idas/bin:/gapp/noarch/bin:/gapp/x64linux/bin:/gapp/ia32linux/bin:/gsc/scripts/opt/genome/current/user/bin:/gsc/scripts/bin:/gsc/scripts/opt/lims/snapshots/current/bin:/gsc/bin:/gsc/java/bin:/opt/lsf9/9.1/linux2.6-glibc2.3-x86_64/etc:/opt/lsf9/9.1/linux2.6-glibc2.3-x86_64/bin:/usr/local/bin:/usr/bin:/bin:/usr/sbin:/gsc/scripts/gsc/info:/gsc/scripts/opt/lims/snapshots/current/bin:/gsc/pkg/oracle/10gR2/db_1/bin
LD_LIBRARY_PATH=/tmp/idas-local/lib:/gapp/x64linux/lib:/gapp/ia32linux/lib:/gsc/lib:/usr/local/lib:/usr/lib:/lib:/opt/lsf9/9.1/linux2.6-glibc2.3-x86_64/lib:/gsc/pkg/oracle/10gR2/db_1/lib
SHELL=/bin/bash
DISPLAY=linus261.gsc.wustl.edu:10.0

Signal Handlers:
SIGSEGV: [libjvm.so+0xaba070], sa_mask[0]=11111111011111111101111111111110, sa_flags=SA_RESTART|SA_SIGINFO
SIGBUS: [libjvm.so+0xaba070], sa_mask[0]=11111111011111111101111111111110, sa_flags=SA_RESTART|SA_SIGINFO
SIGFPE: [libjvm.so+0x917630], sa_mask[0]=11111111011111111101111111111110, sa_flags=SA_RESTART|SA_SIGINFO
SIGPIPE: [libjvm.so+0x917630], sa_mask[0]=11111111011111111101111111111110, sa_flags=SA_RESTART|SA_SIGINFO
SIGXFSZ: [libjvm.so+0x917630], sa_mask[0]=11111111011111111101111111111110, sa_flags=SA_RESTART|SA_SIGINFO
SIGILL: [libjvm.so+0x917630], sa_mask[0]=11111111011111111101111111111110, sa_flags=SA_RESTART|SA_SIGINFO
SIGUSR1: SIG_DFL, sa_mask[0]=00000000000000000000000000000000, sa_flags=none
SIGUSR2: [libjvm.so+0x918c60], sa_mask[0]=00000000000000000000000000000000, sa_flags=SA_RESTART|SA_SIGINFO
SIGHUP: [libjvm.so+0x91a060], sa_mask[0]=11111111011111111101111111111110, sa_flags=SA_RESTART|SA_SIGINFO
SIGINT: [libjvm.so+0x91a060], sa_mask[0]=11111111011111111101111111111110, sa_flags=SA_RESTART|SA_SIGINFO
SIGTERM: [libjvm.so+0x91a060], sa_mask[0]=11111111011111111101111111111110, sa_flags=SA_RESTART|SA_SIGINFO
SIGQUIT: [libjvm.so+0x91a060], sa_mask[0]=11111111011111111101111111111110, sa_flags=SA_RESTART|SA_SIGINFO


---------------  S Y S T E M  ---------------

OS:DISTRIB_ID=Ubuntu
DISTRIB_RELEASE=10.04
DISTRIB_CODENAME=lucid
DISTRIB_DESCRIPTION="Ubuntu 10.04.1 LTS"

uname:Linux 2.6.35-31-generic #62~lucid1-Ubuntu SMP Thu Nov 10 18:44:56 UTC 2011 x86_64
libc:glibc 2.11.1 NPTL 2.11.1 
rlimit: STACK 8192k, CORE infinity, NPROC infinity, NOFILE 1024, AS infinity
load average:0.52 0.17 0.10

/proc/meminfo:
MemTotal:        6117920 kB
MemFree:          134548 kB
Buffers:          359048 kB
Cached:          3962740 kB
SwapCached:         1680 kB
Active:          3294548 kB
Inactive:        2070356 kB
Active(anon):     880132 kB
Inactive(anon):   164468 kB
Active(file):    2414416 kB
Inactive(file):  1905888 kB
Unevictable:          72 kB
Mlocked:              72 kB
SwapTotal:       1775176 kB
SwapFree:        1761436 kB
Dirty:               692 kB
Writeback:             0 kB
AnonPages:       1041508 kB
Mapped:            40892 kB
Shmem:              1560 kB
Slab:             431848 kB
SReclaimable:     317904 kB
SUnreclaim:       113944 kB
KernelStack:        2328 kB
PageTables:         9616 kB
NFS_Unstable:          0 kB
Bounce:                0 kB
WritebackTmp:          0 kB
CommitLimit:     4834136 kB
Committed_AS:    1403680 kB
VmallocTotal:   34359738367 kB
VmallocUsed:      144276 kB
VmallocChunk:   34359590396 kB
HardwareCorrupted:     0 kB
HugePages_Total:       0
HugePages_Free:        0
HugePages_Rsvd:        0
HugePages_Surp:        0
Hugepagesize:       2048 kB
DirectMap4k:       28644 kB
DirectMap2M:     6260736 kB


CPU:total 4 (4 cores per cpu, 1 threads per core) family 6 model 26 stepping 5, cmov, cx8, fxsr, mmx, sse, sse2, sse3, ssse3, sse4.1, sse4.2, popcnt, tsc, tscinvbit, tscinv

/proc/cpuinfo:
processor	: 0
vendor_id	: GenuineIntel
cpu family	: 6
model		: 26
model name	: Intel(R) Xeon(R) CPU           E5504  @ 2.00GHz
stepping	: 5
cpu MHz		: 1994.937
cache size	: 4096 KB
physical id	: 0
siblings	: 4
core id		: 0
cpu cores	: 4
apicid		: 0
initial apicid	: 0
fpu		: yes
fpu_exception	: yes
cpuid level	: 11
wp		: yes
flags		: fpu vme de pse tsc msr pae mce cx8 apic sep mtrr pge mca cmov pat pse36 clflush dts acpi mmx fxsr sse sse2 ss ht tm pbe syscall nx rdtscp lm constant_tsc arch_perfmon pebs bts rep_good xtopology nonstop_tsc aperfmperf pni dtes64 monitor ds_cpl vmx est tm2 ssse3 cx16 xtpr pdcm dca sse4_1 sse4_2 popcnt lahf_lm dts tpr_shadow vnmi flexpriority ept vpid
bogomips	: 3989.87
clflush size	: 64
cache_alignment	: 64
address sizes	: 40 bits physical, 48 bits virtual
power management:

processor	: 1
vendor_id	: GenuineIntel
cpu family	: 6
model		: 26
model name	: Intel(R) Xeon(R) CPU           E5504  @ 2.00GHz
stepping	: 5
cpu MHz		: 1994.937
cache size	: 4096 KB
physical id	: 0
siblings	: 4
core id		: 1
cpu cores	: 4
apicid		: 2
initial apicid	: 2
fpu		: yes
fpu_exception	: yes
cpuid level	: 11
wp		: yes
flags		: fpu vme de pse tsc msr pae mce cx8 apic sep mtrr pge mca cmov pat pse36 clflush dts acpi mmx fxsr sse sse2 ss ht tm pbe syscall nx rdtscp lm constant_tsc arch_perfmon pebs bts rep_good xtopology nonstop_tsc aperfmperf pni dtes64 monitor ds_cpl vmx est tm2 ssse3 cx16 xtpr pdcm dca sse4_1 sse4_2 popcnt lahf_lm dts tpr_shadow vnmi flexpriority ept vpid
bogomips	: 3989.94
clflush size	: 64
cache_alignment	: 64
address sizes	: 40 bits physical, 48 bits virtual
power management:

processor	: 2
vendor_id	: GenuineIntel
cpu family	: 6
model		: 26
model name	: Intel(R) Xeon(R) CPU           E5504  @ 2.00GHz
stepping	: 5
cpu MHz		: 1994.937
cache size	: 4096 KB
physical id	: 0
siblings	: 4
core id		: 2
cpu cores	: 4
apicid		: 4
initial apicid	: 4
fpu		: yes
fpu_exception	: yes
cpuid level	: 11
wp		: yes
flags		: fpu vme de pse tsc msr pae mce cx8 apic sep mtrr pge mca cmov pat pse36 clflush dts acpi mmx fxsr sse sse2 ss ht tm pbe syscall nx rdtscp lm constant_tsc arch_perfmon pebs bts rep_good xtopology nonstop_tsc aperfmperf pni dtes64 monitor ds_cpl vmx est tm2 ssse3 cx16 xtpr pdcm dca sse4_1 sse4_2 popcnt lahf_lm dts tpr_shadow vnmi flexpriority ept vpid
bogomips	: 3989.94
clflush size	: 64
cache_alignment	: 64
address sizes	: 40 bits physical, 48 bits virtual
power management:

processor	: 3
vendor_id	: GenuineIntel
cpu family	: 6
model		: 26
model name	: Intel(R) Xeon(R) CPU           E5504  @ 2.00GHz
stepping	: 5
cpu MHz		: 1994.937
cache size	: 4096 KB
physical id	: 0
siblings	: 4
core id		: 3
cpu cores	: 4
apicid		: 6
initial apicid	: 6
fpu		: yes
fpu_exception	: yes
cpuid level	: 11
wp		: yes
flags		: fpu vme de pse tsc msr pae mce cx8 apic sep mtrr pge mca cmov pat pse36 clflush dts acpi mmx fxsr sse sse2 ss ht tm pbe syscall nx rdtscp lm constant_tsc arch_perfmon pebs bts rep_good xtopology nonstop_tsc aperfmperf pni dtes64 monitor ds_cpl vmx est tm2 ssse3 cx16 xtpr pdcm dca sse4_1 sse4_2 popcnt lahf_lm dts tpr_shadow vnmi flexpriority ept vpid
bogomips	: 3989.94
clflush size	: 64
cache_alignment	: 64
address sizes	: 40 bits physical, 48 bits virtual
power management:



Memory: 4k page, physical 6117920k(134548k free), swap 1775176k(1761436k free)

vm_info: Java HotSpot(TM) 64-Bit Server VM (25.60-b23) for linux-amd64 JRE (1.8.0_60-b27), built on Aug  4 2015 12:19:40 by "java_re" with gcc 4.3.0 20080428 (Red Hat 4.3.0-8)

time: Thu Mar 24 16:52:49 2016
elapsed time: 29 seconds (0d 0h 0m 29s)

