#
# A fatal error has been detected by the Java Runtime Environment:
#
#  SIGSEGV (0xb) at pc=0x00007f426c572ebd, pid=21025, tid=139923274123008
#
# JRE version: Java(TM) SE Runtime Environment (8.0_60-b27) (build 1.8.0_60-b27)
# Java VM: Java HotSpot(TM) 64-Bit Server VM (25.60-b23 mixed mode linux-amd64 compressed oops)
# Problematic frame:
# C  [libc.so.6+0x7eebd]  cfree+0x1d
#
# Failed to write core dump. Core dumps have been disabled. To enable core dumping, try "ulimit -c unlimited" before starting Java again
#
# If you would like to submit a bug report, please visit:
#   http://bugreport.java.com/bugreport/crash.jsp
# The crash happened outside the Java Virtual Machine in native code.
# See problematic frame for where to report the bug.
#

---------------  T H R E A D  ---------------

Current thread (0x0000000002491800):  JavaThread "main" [_thread_in_native, id=21026, stack(0x00007f426cfcc000,0x00007f426d0cd000)]

siginfo: si_signo: 11 (SIGSEGV), si_code: 128 (SI_KERNEL), si_addr: 0x0000000000000000

Registers:
RAX=0x0000000000000000, RBX=0x0000000000002723, RCX=0x000000000000002e, RDX=0x0000000000000000
RSP=0x00007f426d0c5ed0, RBP=0x00007f426d0c73d0, RSI=0x0000000000000000, RDI=0x7473756c6366736c
R8 =0x0000000000000041, R9 =0x0101010101010101, R10=0x00007f426c6209f0, R11=0x00007f426c57adba
R12=0x0000000000000001, R13=0x0000000000000000, R14=0x0000000000000005, R15=0x00007f42488d0db0
RIP=0x00007f426c572ebd, EFLAGS=0x0000000000010206, CSGSFS=0x0000000000000033, ERR=0x0000000000000000
  TRAPNO=0x000000000000000d

Top of Stack: (sp=0x00007f426d0c5ed0)
0x00007f426d0c5ed0:   3431313957705330 00007f4257705470
0x00007f426d0c5ee0:   0000000057705490 00007f425765f800
0x00007f426d0c5ef0:   0000000000002723 00007f424ec24e4a
0x00007f426d0c5f00:   00000030540df300 00007f4254ea6518
0x00007f426d0c5f10:   00007f4257705470 0000000057705490
0x00007f426d0c5f20:   00007f425765f800 00007f42576ea438
0x00007f426d0c5f30:   0000000057705410 00007f42576f57b8
0x00007f426d0c5f40:   00000000576f5798 00007f4257705490
0x00007f426d0c5f50:   0000000b5765f800 00007f42540d0d70
0x00007f426d0c5f60:   000000005765f6b0 00007f4257705410
0x00007f426d0c5f70:   00000000576ea438 0000000057b91a28
0x00007f426d0c5f80:   0000000057705490 000000005765f800
0x00007f426d0c5f90:   000000004f615928 00007f425765f6b0
0x00007f426d0c5fa0:   00007f424f602ac0 00000000576f5778
0x00007f426d0c5fb0:   00007f4257705430 00000000576ffe90
0x00007f426d0c5fc0:   00007f424f93d8d8 00007f425765f6b0
0x00007f426d0c5fd0:   00007f4257705410 00007f42577054b0
0x00007f426d0c5fe0:   00007f424f615928 0000000057705430
0x00007f426d0c5ff0:   00007f424f602aa0 00007f424f602aa0
0x00007f426d0c6000:   000000005765f6b0 00007f42577052f0
0x00007f426d0c6010:   00007f42577054b0 000000004f615628
0x00007f426d0c6020:   000000004f6156e8 00007f424f6156e8
0x00007f426d0c6030:   00007f42577052d0 00007f424f602ac0
0x00007f426d0c6040:   00007f42577054b0 000000054f602aa0
0x00007f426d0c6050:   00000001577053f0 00007f424f602aa0
0x00007f426d0c6060:   ffffffff4f6629e8 00007f42577053d0
0x00007f426d0c6070:   00007f42577052f0 00000000577054b0
0x00007f426d0c6080:   00007f4257b919c8 00007f424f602aa0
0x00007f426d0c6090:   0000000057705250 00007f4200000000
0x00007f426d0c60a0:   0000000057705250 000000004f615648
0x00007f426d0c60b0:   0000000057705230 000000004f6629e8
0x00007f426d0c60c0:   000000004f602ac0 00007f424f602ac0 

Instructions: (pc=0x00007f426c572ebd)
0x00007f426c572e9d:   1f 40 00 53 48 83 ec 20 48 8b 05 b4 40 30 00 48
0x00007f426c572ead:   8b 00 48 85 c0 0f 85 68 01 00 00 48 85 ff 74 72
0x00007f426c572ebd:   48 8b 77 f8 4c 8d 47 f0 40 f6 c6 02 75 6d 83 e6
0x00007f426c572ecd:   04 48 8d 1d 4b 5f 30 00 74 0c 4c 89 c0 48 25 00 

Register to memory mapping:

RAX=0x0000000000000000 is an unknown value
RBX=0x0000000000002723 is an unknown value
RCX=0x000000000000002e is an unknown value
RDX=0x0000000000000000 is an unknown value
RSP=0x00007f426d0c5ed0 is pointing into the stack for thread: 0x0000000002491800
RBP=0x00007f426d0c73d0 is pointing into the stack for thread: 0x0000000002491800
RSI=0x0000000000000000 is an unknown value
RDI=0x7473756c6366736c is an unknown value
R8 =0x0000000000000041 is an unknown value
R9 =0x0101010101010101 is an unknown value
R10=0x00007f426c6209f0: <offset 0x12c9f0> in /lib/libc.so.6 at 0x00007f426c4f4000
R11=0x00007f426c57adba: memset+0x7a in /lib/libc.so.6 at 0x00007f426c4f4000
R12=0x0000000000000001 is an unknown value
R13=0x0000000000000000 is an unknown value
R14=0x0000000000000005 is an unknown value
R15=0x00007f42488d0db0 is an unknown value


Stack: [0x00007f426cfcc000,0x00007f426d0cd000],  sp=0x00007f426d0c5ed0,  free space=999k
Native frames: (J=compiled Java code, j=interpreted, Vv=VM code, C=native code)
C  [libc.so.6+0x7eebd]  cfree+0x1d
C  [libbat.so+0x7104b]  modifyJobInformation+0x1d63
C  [libbat.so+0x50e17]  lsb_submit2+0x656
C  [libbat.so+0x760ba]  lsb_submit_withretry+0x38
C  [libbat.so+0x507b1]  lsb_submit+0x183
C  [libdrmaa.so+0xade7]  lsfdrmaa_session_run_bulk+0x237

Java frames: (J=compiled Java code, j=interpreted, Vv=VM code)
j  org.broadinstitute.gatk.utils.jna.drmaa.v1_0.LibDrmaa.drmaa_run_job(Lcom/sun/jna/Pointer;Lcom/sun/jna/NativeLong;Lcom/sun/jna/Pointer;Lcom/sun/jna/Pointer;Lcom/sun/jna/NativeLong;)I+0
j  org.broadinstitute.gatk.utils.jna.drmaa.v1_0.JnaSession.runJob(Lorg/ggf/drmaa/JobTemplate;)Ljava/lang/String;+473
j  org.broadinstitute.gatk.queue.engine.drmaa.DrmaaJobRunner.liftedTree1$1(Lorg/ggf/drmaa/JobTemplate;)V+15
j  org.broadinstitute.gatk.queue.engine.drmaa.DrmaaJobRunner.start()V+264
j  org.broadinstitute.gatk.queue.engine.FunctionEdge.start()V+219
j  org.broadinstitute.gatk.queue.engine.QGraph.runJobs()V+366
j  org.broadinstitute.gatk.queue.engine.QGraph.run()V+160
j  org.broadinstitute.gatk.queue.QCommandLine.execute()I+336
j  org.broadinstitute.gatk.utils.commandline.CommandLineProgram.start(Lorg/broadinstitute/gatk/utils/commandline/CommandLineProgram;[Ljava/lang/String;Z)V+312
j  org.broadinstitute.gatk.utils.commandline.CommandLineProgram.start(Lorg/broadinstitute/gatk/utils/commandline/CommandLineProgram;[Ljava/lang/String;)V+3
j  org.broadinstitute.gatk.queue.QCommandLine$.main([Ljava/lang/String;)V+26
j  org.broadinstitute.gatk.queue.QCommandLine.main([Ljava/lang/String;)V+4
v  ~StubRoutines::call_stub

---------------  P R O C E S S  ---------------

Java Threads: ( => current thread )
  0x000000000255e000 JavaThread "Service Thread" daemon [_thread_blocked, id=21044, stack(0x00007f4255930000,0x00007f4255a31000)]
  0x00007f4250002000 JavaThread "C1 CompilerThread2" daemon [_thread_blocked, id=21043, stack(0x00007f4255a31000,0x00007f4255b32000)]
  0x0000000002551800 JavaThread "C2 CompilerThread1" daemon [_thread_blocked, id=21042, stack(0x00007f4255b32000,0x00007f4255c33000)]
  0x000000000254e800 JavaThread "C2 CompilerThread0" daemon [_thread_blocked, id=21041, stack(0x00007f4255c33000,0x00007f4255d34000)]
  0x000000000254d000 JavaThread "Signal Dispatcher" daemon [_thread_blocked, id=21040, stack(0x00007f4255d34000,0x00007f4255e35000)]
  0x000000000250c000 JavaThread "Finalizer" daemon [_thread_blocked, id=21033, stack(0x00007f4255e74000,0x00007f4255f75000)]
  0x0000000002504800 JavaThread "Reference Handler" daemon [_thread_blocked, id=21032, stack(0x00007f4255f75000,0x00007f4256076000)]
=>0x0000000002491800 JavaThread "main" [_thread_in_native, id=21026, stack(0x00007f426cfcc000,0x00007f426d0cd000)]

Other Threads:
  0x00000000024ff000 VMThread [stack: 0x00007f4256076000,0x00007f4256177000] [id=21031]
  0x0000000002561800 WatcherThread [stack: 0x00007f425582f000,0x00007f4255930000] [id=21045]

VM state:not at safepoint (normal execution)

VM Mutex/Monitor currently owned by a thread: None

Heap:
 PSYoungGen      total 422400K, used 147354K [0x00000000e0e00000, 0x0000000100000000, 0x0000000100000000)
  eden space 387072K, 38% used [0x00000000e0e00000,0x00000000e9de6918,0x00000000f8800000)
  from space 35328K, 0% used [0x00000000f8800000,0x00000000f8800000,0x00000000faa80000)
  to   space 62464K, 0% used [0x00000000fc300000,0x00000000fc300000,0x0000000100000000)
 ParOldGen       total 103424K, used 44534K [0x00000000a2a00000, 0x00000000a8f00000, 0x00000000e0e00000)
  object space 103424K, 43% used [0x00000000a2a00000,0x00000000a557d838,0x00000000a8f00000)
 Metaspace       used 34626K, capacity 34741K, committed 34944K, reserved 1079296K
  class space    used 5654K, capacity 5688K, committed 5760K, reserved 1048576K

Card table byte_map: [0x00007f425b38d000,0x00007f425b679000] byte_map_base: 0x00007f425ae78000

Marking Bits: (ParMarkBitMap*) 0x00007f426c4c8de0
 Begin Bits: [0x00007f4257ee7000, 0x00007f425963f000)
 End Bits:   [0x00007f425963f000, 0x00007f425ad97000)

Polling page: 0x00007f426cfcb000

CodeCache: size=245760Kb used=14372Kb max_used=14372Kb free=231387Kb
 bounds [0x00007f425ba39000, 0x00007f425c8c9000, 0x00007f426aa39000]
 total_blobs=4876 nmethods=4479 adapters=307
 compilation: enabled

Compilation events (10 events):
Event: 27.418 Thread 0x00007f4250002000 4829       3       com.sun.jna.Pointer::getPointer (10 bytes)
Event: 27.418 Thread 0x00007f4250002000 nmethod 4829 0x00007f425bf24950 code [0x00007f425bf24ac0, 0x00007f425bf24c48]
Event: 27.418 Thread 0x00007f4250002000 4831       3       org.broadinstitute.gatk.utils.jna.drmaa.v1_0.JnaSession::checkError (365 bytes)
Event: 27.421 Thread 0x00007f4250002000 nmethod 4831 0x00007f425bd0fd50 code [0x00007f425bd10200, 0x00007f425bd125c8]
Event: 27.421 Thread 0x00007f4250002000 4832   !   3       com.sun.jna.Pointer::getString (94 bytes)
Event: 27.422 Thread 0x00007f4250002000 nmethod 4832 0x00007f425bd50710 code [0x00007f425bd509c0, 0x00007f425bd51ef8]
Event: 27.422 Thread 0x00007f4250002000 4833       3       com.sun.jna.Memory::getString (13 bytes)
Event: 27.422 Thread 0x00007f4250002000 nmethod 4833 0x00007f425bd0f7d0 code [0x00007f425bd0f960, 0x00007f425bd0fc38]
Event: 27.422 Thread 0x00007f4250002000 4834       3       com.sun.jna.Pointer::getString (11 bytes)
Event: 27.422 Thread 0x00007f4250002000 nmethod 4834 0x00007f425bd0f450 code [0x00007f425bd0f5c0, 0x00007f425bd0f748]

GC Heap History (10 events):
Event: 4.816 GC heap before
{Heap before GC invocations=9 (full 0):
 PSYoungGen      total 405504K, used 405501K [0x00000000e0e00000, 0x00000000fc800000, 0x0000000100000000)
  eden space 376832K, 100% used [0x00000000e0e00000,0x00000000f7e00000,0x00000000f7e00000)
  from space 28672K, 99% used [0x00000000fa000000,0x00000000fbbff4d8,0x00000000fbc00000)
  to   space 34816K, 0% used [0x00000000f7e00000,0x00000000f7e00000,0x00000000fa000000)
 ParOldGen       total 64512K, used 28251K [0x00000000a2a00000, 0x00000000a6900000, 0x00000000e0e00000)
  object space 64512K, 43% used [0x00000000a2a00000,0x00000000a4596c28,0x00000000a6900000)
 Metaspace       used 9448K, capacity 9514K, committed 9600K, reserved 1056768K
  class space    used 1348K, capacity 1361K, committed 1408K, reserved 1048576K
Event: 4.866 GC heap after
Heap after GC invocations=9 (full 0):
 PSYoungGen      total 411648K, used 34791K [0x00000000e0e00000, 0x0000000100000000, 0x0000000100000000)
  eden space 376832K, 0% used [0x00000000e0e00000,0x00000000e0e00000,0x00000000f7e00000)
  from space 34816K, 99% used [0x00000000f7e00000,0x00000000f9ff9f78,0x00000000fa000000)
  to   space 49664K, 0% used [0x00000000fcf80000,0x00000000fcf80000,0x0000000100000000)
 ParOldGen       total 64512K, used 49189K [0x00000000a2a00000, 0x00000000a6900000, 0x00000000e0e00000)
  object space 64512K, 76% used [0x00000000a2a00000,0x00000000a5a09780,0x00000000a6900000)
 Metaspace       used 9448K, capacity 9514K, committed 9600K, reserved 1056768K
  class space    used 1348K, capacity 1361K, committed 1408K, reserved 1048576K
}
Event: 4.867 GC heap before
{Heap before GC invocations=10 (full 1):
 PSYoungGen      total 411648K, used 34791K [0x00000000e0e00000, 0x0000000100000000, 0x0000000100000000)
  eden space 376832K, 0% used [0x00000000e0e00000,0x00000000e0e00000,0x00000000f7e00000)
  from space 34816K, 99% used [0x00000000f7e00000,0x00000000f9ff9f78,0x00000000fa000000)
  to   space 49664K, 0% used [0x00000000fcf80000,0x00000000fcf80000,0x0000000100000000)
 ParOldGen       total 64512K, used 49189K [0x00000000a2a00000, 0x00000000a6900000, 0x00000000e0e00000)
  object space 64512K, 76% used [0x00000000a2a00000,0x00000000a5a09780,0x00000000a6900000)
 Metaspace       used 9448K, capacity 9514K, committed 9600K, reserved 1056768K
  class space    used 1348K, capacity 1361K, committed 1408K, reserved 1048576K
Event: 4.909 GC heap after
Heap after GC invocations=10 (full 1):
 PSYoungGen      total 411648K, used 0K [0x00000000e0e00000, 0x0000000100000000, 0x0000000100000000)
  eden space 376832K, 0% used [0x00000000e0e00000,0x00000000e0e00000,0x00000000f7e00000)
  from space 34816K, 0% used [0x00000000f7e00000,0x00000000f7e00000,0x00000000fa000000)
  to   space 49664K, 0% used [0x00000000fcf80000,0x00000000fcf80000,0x0000000100000000)
 ParOldGen       total 101888K, used 54274K [0x00000000a2a00000, 0x00000000a8d80000, 0x00000000e0e00000)
  object space 101888K, 53% used [0x00000000a2a00000,0x00000000a5f00a80,0x00000000a8d80000)
 Metaspace       used 9448K, capacity 9514K, committed 9600K, reserved 1056768K
  class space    used 1348K, capacity 1361K, committed 1408K, reserved 1048576K
}
Event: 6.458 GC heap before
{Heap before GC invocations=11 (full 1):
 PSYoungGen      total 411648K, used 376832K [0x00000000e0e00000, 0x0000000100000000, 0x0000000100000000)
  eden space 376832K, 100% used [0x00000000e0e00000,0x00000000f7e00000,0x00000000f7e00000)
  from space 34816K, 0% used [0x00000000f7e00000,0x00000000f7e00000,0x00000000fa000000)
  to   space 49664K, 0% used [0x00000000fcf80000,0x00000000fcf80000,0x0000000100000000)
 ParOldGen       total 101888K, used 54274K [0x00000000a2a00000, 0x00000000a8d80000, 0x00000000e0e00000)
  object space 101888K, 53% used [0x00000000a2a00000,0x00000000a5f00a80,0x00000000a8d80000)
 Metaspace       used 16727K, capacity 16852K, committed 17024K, reserved 1062912K
  class space    used 2550K, capacity 2584K, committed 2688K, reserved 1048576K
Event: 6.514 GC heap after
Heap after GC invocations=11 (full 1):
 PSYoungGen      total 436736K, used 49648K [0x00000000e0e00000, 0x0000000100000000, 0x0000000100000000)
  eden space 387072K, 0% used [0x00000000e0e00000,0x00000000e0e00000,0x00000000f8800000)
  from space 49664K, 99% used [0x00000000fcf80000,0x00000000ffffc198,0x0000000100000000)
  to   space 61440K, 0% used [0x00000000f8800000,0x00000000f8800000,0x00000000fc400000)
 ParOldGen       total 101888K, used 61660K [0x00000000a2a00000, 0x00000000a8d80000, 0x00000000e0e00000)
  object space 101888K, 60% used [0x00000000a2a00000,0x00000000a6637320,0x00000000a8d80000)
 Metaspace       used 16727K, capacity 16852K, committed 17024K, reserved 1062912K
  class space    used 2550K, capacity 2584K, committed 2688K, reserved 1048576K
}
Event: 7.238 GC heap before
{Heap before GC invocations=12 (full 1):
 PSYoungGen      total 436736K, used 127518K [0x00000000e0e00000, 0x0000000100000000, 0x0000000100000000)
  eden space 387072K, 20% used [0x00000000e0e00000,0x00000000e5a0b730,0x00000000f8800000)
  from space 49664K, 99% used [0x00000000fcf80000,0x00000000ffffc198,0x0000000100000000)
  to   space 61440K, 0% used [0x00000000f8800000,0x00000000f8800000,0x00000000fc400000)
 ParOldGen       total 101888K, used 61660K [0x00000000a2a00000, 0x00000000a8d80000, 0x00000000e0e00000)
  object space 101888K, 60% used [0x00000000a2a00000,0x00000000a6637320,0x00000000a8d80000)
 Metaspace       used 20997K, capacity 21077K, committed 21248K, reserved 1067008K
  class space    used 3260K, capacity 3288K, committed 3328K, reserved 1048576K
Event: 7.265 GC heap after
Heap after GC invocations=12 (full 1):
 PSYoungGen      total 422400K, used 35092K [0x00000000e0e00000, 0x0000000100000000, 0x0000000100000000)
  eden space 387072K, 0% used [0x00000000e0e00000,0x00000000e0e00000,0x00000000f8800000)
  from space 35328K, 99% used [0x00000000f8800000,0x00000000faa45328,0x00000000faa80000)
  to   space 62464K, 0% used [0x00000000fc300000,0x00000000fc300000,0x0000000100000000)
 ParOldGen       total 101888K, used 65081K [0x00000000a2a00000, 0x00000000a8d80000, 0x00000000e0e00000)
  object space 101888K, 63% used [0x00000000a2a00000,0x00000000a698e780,0x00000000a8d80000)
 Metaspace       used 20997K, capacity 21077K, committed 21248K, reserved 1067008K
  class space    used 3260K, capacity 3288K, committed 3328K, reserved 1048576K
}
Event: 7.265 GC heap before
{Heap before GC invocations=13 (full 2):
 PSYoungGen      total 422400K, used 35092K [0x00000000e0e00000, 0x0000000100000000, 0x0000000100000000)
  eden space 387072K, 0% used [0x00000000e0e00000,0x00000000e0e00000,0x00000000f8800000)
  from space 35328K, 99% used [0x00000000f8800000,0x00000000faa45328,0x00000000faa80000)
  to   space 62464K, 0% used [0x00000000fc300000,0x00000000fc300000,0x0000000100000000)
 ParOldGen       total 101888K, used 65081K [0x00000000a2a00000, 0x00000000a8d80000, 0x00000000e0e00000)
  object space 101888K, 63% used [0x00000000a2a00000,0x00000000a698e780,0x00000000a8d80000)
 Metaspace       used 20997K, capacity 21077K, committed 21248K, reserved 1067008K
  class space    used 3260K, capacity 3288K, committed 3328K, reserved 1048576K
Event: 7.377 GC heap after
Heap after GC invocations=13 (full 2):
 PSYoungGen      total 422400K, used 0K [0x00000000e0e00000, 0x0000000100000000, 0x0000000100000000)
  eden space 387072K, 0% used [0x00000000e0e00000,0x00000000e0e00000,0x00000000f8800000)
  from space 35328K, 0% used [0x00000000f8800000,0x00000000f8800000,0x00000000faa80000)
  to   space 62464K, 0% used [0x00000000fc300000,0x00000000fc300000,0x0000000100000000)
 ParOldGen       total 103424K, used 44534K [0x00000000a2a00000, 0x00000000a8f00000, 0x00000000e0e00000)
  object space 103424K, 43% used [0x00000000a2a00000,0x00000000a557d838,0x00000000a8f00000)
 Metaspace       used 20997K, capacity 21077K, committed 21248K, reserved 1067008K
  class space    used 3260K, capacity 3288K, committed 3328K, reserved 1048576K
}

Deoptimization events (10 events):
Event: 11.282 Thread 0x0000000002491800 Uncommon trap: reason=class_check action=maybe_recompile pc=0x00007f425bbcdc84 method=sun.misc.URLClassPath.getLoader(I)Lsun/misc/URLClassPath$Loader; @ 94
Event: 11.282 Thread 0x0000000002491800 Uncommon trap: reason=class_check action=maybe_recompile pc=0x00007f425c1eeba4 method=sun.misc.URLClassPath.getResource(Ljava/lang/String;Z)Lsun/misc/Resource; @ 62
Event: 11.289 Thread 0x0000000002491800 Uncommon trap: reason=unstable_if action=reinterpret pc=0x00007f425be8d58c method=java.lang.CharacterDataLatin1.toUpperCase(I)I @ 12
Event: 11.289 Thread 0x0000000002491800 Uncommon trap: reason=unstable_if action=reinterpret pc=0x00007f425be56180 method=java.lang.CharacterDataLatin1.toUpperCase(I)I @ 12
Event: 11.290 Thread 0x0000000002491800 Uncommon trap: reason=class_check action=maybe_recompile pc=0x00007f425bbcdcb8 method=sun.misc.URLClassPath.getLoader(I)Lsun/misc/URLClassPath$Loader; @ 193
Event: 11.318 Thread 0x0000000002491800 Uncommon trap: reason=unstable_if action=reinterpret pc=0x00007f425bcf5a80 method=java.util.Properties.loadConvert([CII[C)Ljava/lang/String; @ 417
Event: 11.395 Thread 0x0000000002491800 Uncommon trap: reason=unstable_if action=reinterpret pc=0x00007f425bd61344 method=java.util.Properties$LineReader.readLine()I @ 77
Event: 11.395 Thread 0x0000000002491800 Uncommon trap: reason=unstable_if action=reinterpret pc=0x00007f425c12b2d4 method=java.util.Properties.load0(Ljava/util/Properties$LineReader;)V @ 12
Event: 11.418 Thread 0x0000000002491800 Uncommon trap: reason=class_check action=maybe_recompile pc=0x00007f425bbcdcb8 method=sun.misc.URLClassPath.getLoader(I)Lsun/misc/URLClassPath$Loader; @ 193
Event: 11.424 Thread 0x0000000002491800 Uncommon trap: reason=class_check action=maybe_recompile pc=0x00007f425bbcdcb8 method=sun.misc.URLClassPath.getLoader(I)Lsun/misc/URLClassPath$Loader; @ 193

Internal exceptions (10 events):
Event: 0.275 Thread 0x0000000002491800 Exception <a 'java/security/PrivilegedActionException'> (0x00000000e10fb550) thrown at [/HUDSON/workspace/8-2-build-linux-amd64/jdk8u60/4407/hotspot/src/share/vm/prims/jvm.cpp, line 1386]
Event: 0.275 Thread 0x0000000002491800 Exception <a 'java/security/PrivilegedActionException'> (0x00000000e10fb760) thrown at [/HUDSON/workspace/8-2-build-linux-amd64/jdk8u60/4407/hotspot/src/share/vm/prims/jvm.cpp, line 1386]
Event: 0.275 Thread 0x0000000002491800 Exception <a 'java/security/PrivilegedActionException'> (0x00000000e10fe0a0) thrown at [/HUDSON/workspace/8-2-build-linux-amd64/jdk8u60/4407/hotspot/src/share/vm/prims/jvm.cpp, line 1386]
Event: 0.275 Thread 0x0000000002491800 Exception <a 'java/security/PrivilegedActionException'> (0x00000000e10fe2b0) thrown at [/HUDSON/workspace/8-2-build-linux-amd64/jdk8u60/4407/hotspot/src/share/vm/prims/jvm.cpp, line 1386]
Event: 1.433 Thread 0x0000000002491800 Implicit null exception at 0x00007f425bcf59c3 to 0x00007f425bcf640d
Event: 5.878 Thread 0x0000000002491800 Implicit null exception at 0x00007f425bd7a267 to 0x00007f425bd7a449
Event: 5.878 Thread 0x0000000002491800 Implicit null exception at 0x00007f425bd4e4bf to 0x00007f425bd4e5c9
Event: 5.953 Thread 0x0000000002491800 Exception <a 'java/lang/ArrayIndexOutOfBoundsException'> (0x00000000f6571220) thrown at [/HUDSON/workspace/8-2-build-linux-amd64/jdk8u60/4407/hotspot/src/share/vm/runtime/sharedRuntime.cpp, line 605]
Event: 5.953 Thread 0x0000000002491800 Exception <a 'java/lang/ArrayIndexOutOfBoundsException'> (0x00000000f6572128) thrown at [/HUDSON/workspace/8-2-build-linux-amd64/jdk8u60/4407/hotspot/src/share/vm/runtime/sharedRuntime.cpp, line 605]
Event: 5.995 Thread 0x0000000002491800 Exception <a 'java/lang/ArrayIndexOutOfBoundsException': 286> (0x00000000f6673460) thrown at [/HUDSON/workspace/8-2-build-linux-amd64/jdk8u60/4407/hotspot/src/share/vm/interpreter/interpreterRuntime.cpp, line 366]

Events (10 events):
Event: 11.566 loading class scala/Console$
Event: 11.566 loading class scala/Console$ done
Event: 11.567 loading class scala/util/DynamicVariable
Event: 11.567 loading class scala/util/DynamicVariable done
Event: 11.568 loading class scala/util/DynamicVariable$$anon$1
Event: 11.568 loading class scala/util/DynamicVariable$$anon$1 done
Event: 16.569 loading class java/util/StringJoiner
Event: 16.569 loading class java/util/StringJoiner done
Event: 27.100 loading class org/broadinstitute/gatk/queue/engine/QGraph$$anonfun$runJobs$2
Event: 27.100 loading class org/broadinstitute/gatk/queue/engine/QGraph$$anonfun$runJobs$2 done


Dynamic libraries:
00400000-00401000 r-xp 00000000 00:1f 8232201                            /gapp/x64linux/opt/java/jdk/jdk1.8.0_60/bin/java
00600000-00601000 rw-p 00000000 00:1f 8232201                            /gapp/x64linux/opt/java/jdk/jdk1.8.0_60/bin/java
02488000-05e7f000 rw-p 00000000 00:00 0                                  [heap]
a2a00000-a8f00000 rw-p 00000000 00:00 0 
a8f00000-e0e00000 ---p 00000000 00:00 0 
e0e00000-100000000 rw-p 00000000 00:00 0 
100000000-1005a0000 rw-p 00000000 00:00 0 
1005a0000-140000000 ---p 00000000 00:00 0 
7f4248000000-7f424a203000 rw-p 00000000 00:00 0 
7f424a203000-7f424c000000 ---p 00000000 00:00 0 
7f424dd5d000-7f424dd73000 r-xp 00000000 08:03 26169480                   /lib/libresolv-2.11.1.so
7f424dd73000-7f424df72000 ---p 00016000 08:03 26169480                   /lib/libresolv-2.11.1.so
7f424df72000-7f424df73000 r--p 00015000 08:03 26169480                   /lib/libresolv-2.11.1.so
7f424df73000-7f424df74000 rw-p 00016000 08:03 26169480                   /lib/libresolv-2.11.1.so
7f424df74000-7f424df76000 rw-p 00000000 00:00 0 
7f424df76000-7f424df7b000 r-xp 00000000 08:03 26169472                   /lib/libnss_dns-2.11.1.so
7f424df7b000-7f424e17a000 ---p 00005000 08:03 26169472                   /lib/libnss_dns-2.11.1.so
7f424e17a000-7f424e17b000 r--p 00004000 08:03 26169472                   /lib/libnss_dns-2.11.1.so
7f424e17b000-7f424e17c000 rw-p 00005000 08:03 26169472                   /lib/libnss_dns-2.11.1.so
7f424e17c000-7f424e17d000 ---p 00000000 00:00 0 
7f424e17d000-7f424e97d000 rw-p 00000000 00:00 0 
7f424e97d000-7f424e994000 r-xp 00000000 08:03 26171005                   /lib/libnsl-2.11.1.so
7f424e994000-7f424eb93000 ---p 00017000 08:03 26171005                   /lib/libnsl-2.11.1.so
7f424eb93000-7f424eb94000 r--p 00016000 08:03 26171005                   /lib/libnsl-2.11.1.so
7f424eb94000-7f424eb95000 rw-p 00017000 08:03 26171005                   /lib/libnsl-2.11.1.so
7f424eb95000-7f424eb97000 rw-p 00000000 00:00 0 
7f424eb97000-7f424eca0000 r-xp 00000000 08:03 18383236                   /opt/lsf9/9.1/linux2.6-glibc2.3-x86_64/lib/liblsf.so
7f424eca0000-7f424eda0000 ---p 00109000 08:03 18383236                   /opt/lsf9/9.1/linux2.6-glibc2.3-x86_64/lib/liblsf.so
7f424eda0000-7f424edbe000 rw-p 00109000 08:03 18383236                   /opt/lsf9/9.1/linux2.6-glibc2.3-x86_64/lib/liblsf.so
7f424edbe000-7f424ef04000 rw-p 00000000 00:00 0 
7f424ef04000-7f424f153000 r-xp 00000000 08:03 18383227                   /opt/lsf9/9.1/linux2.6-glibc2.3-x86_64/lib/libbat.so
7f424f153000-7f424f253000 ---p 0024f000 08:03 18383227                   /opt/lsf9/9.1/linux2.6-glibc2.3-x86_64/lib/libbat.so
7f424f253000-7f424f278000 rw-p 0024f000 08:03 18383227                   /opt/lsf9/9.1/linux2.6-glibc2.3-x86_64/lib/libbat.so
7f424f278000-7f424f2af000 rw-p 00000000 00:00 0 
7f424f2af000-7f424f2d7000 r-xp 00000000 08:03 966685                     /tmp/idas-local/lib/libdrmaa.so.0.1.1
7f424f2d7000-7f424f4d7000 ---p 00028000 08:03 966685                     /tmp/idas-local/lib/libdrmaa.so.0.1.1
7f424f4d7000-7f424f4d8000 r--p 00028000 08:03 966685                     /tmp/idas-local/lib/libdrmaa.so.0.1.1
7f424f4d8000-7f424f4d9000 rw-p 00029000 08:03 966685                     /tmp/idas-local/lib/libdrmaa.so.0.1.1
7f424f4d9000-7f424f4ee000 r-xp 00000000 08:03 180759                     /tmp/jna8211144791973577691.tmp
7f424f4ee000-7f424f5ed000 ---p 00015000 08:03 180759                     /tmp/jna8211144791973577691.tmp
7f424f5ed000-7f424f5ef000 rw-p 00014000 08:03 180759                     /tmp/jna8211144791973577691.tmp
7f424f5ef000-7f424f66f000 rw-p 00000000 00:00 0 
7f424f66f000-7f424f7ef000 ---p 00000000 00:00 0 
7f424f7ef000-7f424f9ef000 rw-p 00000000 00:00 0 
7f424f9ef000-7f424fbef000 rw-p 00000000 00:00 0 
7f424fbef000-7f424fdef000 rw-p 00000000 00:00 0 
7f424fdef000-7f424fe00000 r-xp 00000000 00:1f 8232090                    /gapp/x64linux/opt/java/jdk/jdk1.8.0_60/jre/lib/amd64/libnio.so
7f424fe00000-7f424ffff000 ---p 00011000 00:1f 8232090                    /gapp/x64linux/opt/java/jdk/jdk1.8.0_60/jre/lib/amd64/libnio.so
7f424ffff000-7f4250000000 rw-p 00010000 00:1f 8232090                    /gapp/x64linux/opt/java/jdk/jdk1.8.0_60/jre/lib/amd64/libnio.so
7f4250000000-7f42524bf000 rw-p 00000000 00:00 0 
7f42524bf000-7f4254000000 ---p 00000000 00:00 0 
7f4254036000-7f425403a000 rw-p 00000000 00:00 0 
7f425403a000-7f425406f000 r--s 00000000 08:03 31114242                   /var/cache/nscd/group
7f425406f000-7f425426f000 rw-p 00000000 00:00 0 
7f425426f000-7f425446f000 rw-p 00000000 00:00 0 
7f425446f000-7f425466f000 rw-p 00000000 00:00 0 
7f425466f000-7f4254673000 r--s 0003a000 00:1f 8232126                    /gapp/x64linux/opt/java/jdk/jdk1.8.0_60/jre/lib/ext/sunpkcs11.jar
7f4254673000-7f4254675000 r--s 00001000 00:1f 8232125                    /gapp/x64linux/opt/java/jdk/jdk1.8.0_60/jre/lib/ext/dnsns.jar
7f4254675000-7f4254691000 r--s 00393000 00:1f 8232124                    /gapp/x64linux/opt/java/jdk/jdk1.8.0_60/jre/lib/ext/cldrdata.jar
7f4254691000-7f4254891000 rw-p 00000000 00:00 0 
7f4254891000-7f4254a91000 rw-p 00000000 00:00 0 
7f4254a93000-7f4254b29000 r--s 01107000 00:1f 8232123                    /gapp/x64linux/opt/java/jdk/jdk1.8.0_60/jre/lib/ext/jfxrt.jar
7f4254b29000-7f4254b2a000 r--s 00010000 00:1f 8232122                    /gapp/x64linux/opt/java/jdk/jdk1.8.0_60/jre/lib/ext/zipfs.jar
7f4254b2a000-7f4254b2b000 r--s 0000a000 00:1f 8232121                    /gapp/x64linux/opt/java/jdk/jdk1.8.0_60/jre/lib/ext/jaccess.jar
7f4254b2b000-7f4254b45000 r--s 001d2000 00:1f 8232120                    /gapp/x64linux/opt/java/jdk/jdk1.8.0_60/jre/lib/ext/nashorn.jar
7f4254b45000-7f4254d45000 rw-p 00000000 00:00 0 
7f4254d45000-7f4254f45000 rw-p 00000000 00:00 0 
7f4254f50000-7f4254f56000 r--s 0003f000 00:1f 8232119                    /gapp/x64linux/opt/java/jdk/jdk1.8.0_60/jre/lib/ext/sunjce_provider.jar
7f4254f56000-7f4254f57000 r--s 00009000 00:1f 8232118                    /gapp/x64linux/opt/java/jdk/jdk1.8.0_60/jre/lib/ext/sunec.jar
7f4254f57000-7f4254f61000 r--s 00116000 00:1f 8232117                    /gapp/x64linux/opt/java/jdk/jdk1.8.0_60/jre/lib/ext/localedata.jar
7f4254f61000-7f4254f6d000 r-xp 00000000 08:03 26171009                   /lib/libnss_files-2.11.1.so
7f4254f6d000-7f425516c000 ---p 0000c000 08:03 26171009                   /lib/libnss_files-2.11.1.so
7f425516c000-7f425516d000 r--p 0000b000 08:03 26171009                   /lib/libnss_files-2.11.1.so
7f425516d000-7f425516e000 rw-p 0000c000 08:03 26171009                   /lib/libnss_files-2.11.1.so
7f425516e000-7f4255184000 r-xp 00000000 00:1f 8232063                    /gapp/x64linux/opt/java/jdk/jdk1.8.0_60/jre/lib/amd64/libnet.so
7f4255184000-7f4255384000 ---p 00016000 00:1f 8232063                    /gapp/x64linux/opt/java/jdk/jdk1.8.0_60/jre/lib/amd64/libnet.so
7f4255384000-7f4255385000 rw-p 00016000 00:1f 8232063                    /gapp/x64linux/opt/java/jdk/jdk1.8.0_60/jre/lib/amd64/libnet.so
7f4255385000-7f42553f2000 rw-p 00000000 00:00 0 
7f42553f2000-7f42556b8000 r--s 02918000 00:24 5406900028                 /gscmnt/gc2802/halllab/idas/jira/BIO-1662/vendor/github/gatk-protected/protected/gatk-queue-package-distribution/target/gatk-queue-package-distribution-3.5.jar
7f42556b8000-7f425577c000 r--s 00bca000 00:24 5406900040                 /gscmnt/gc2802/halllab/idas/jira/BIO-1662/vendor/local/jars/GenomeAnalysisTK-3.5-idas-experimental-9420569-2016.03.31.jar
7f425577c000-7f425582f000 r--s 006a9000 00:24 4308981248                 /gscmnt/gc2801/analytics/jeldred/GenomeSTRiP/svtoolkit/lib/depend/aws-java-sdk-1.3.23.jar
7f425582f000-7f4255830000 ---p 00000000 00:00 0 
7f4255830000-7f4255930000 rw-p 00000000 00:00 0 
7f4255930000-7f4255933000 ---p 00000000 00:00 0 
7f4255933000-7f4255a31000 rw-p 00000000 00:00 0 
7f4255a31000-7f4255a34000 ---p 00000000 00:00 0 
7f4255a34000-7f4255b32000 rw-p 00000000 00:00 0 
7f4255b32000-7f4255b35000 ---p 00000000 00:00 0 
7f4255b35000-7f4255c33000 rw-p 00000000 00:00 0 
7f4255c33000-7f4255c36000 ---p 00000000 00:00 0 
7f4255c36000-7f4255d34000 rw-p 00000000 00:00 0 
7f4255d34000-7f4255d37000 ---p 00000000 00:00 0 
7f4255d37000-7f4255e35000 rw-p 00000000 00:00 0 
7f4255e35000-7f4255e74000 r--p 00000000 08:03 13914187                   /usr/lib/locale/en_US.utf8/LC_CTYPE
7f4255e74000-7f4255e77000 ---p 00000000 00:00 0 
7f4255e77000-7f4255f75000 rw-p 00000000 00:00 0 
7f4255f75000-7f4255f78000 ---p 00000000 00:00 0 
7f4255f78000-7f4256076000 rw-p 00000000 00:00 0 
7f4256076000-7f4256077000 ---p 00000000 00:00 0 
7f4256077000-7f425712b000 rw-p 00000000 00:00 0 
7f425712b000-7f4257303000 r--s 03d17000 00:1f 8232108                    /gapp/x64linux/opt/java/jdk/jdk1.8.0_60/jre/lib/rt.jar
7f4257303000-7f425ad97000 rw-p 00000000 00:00 0 
7f425ad97000-7f425ad98000 ---p 00000000 00:00 0 
7f425ad98000-7f425ae98000 rw-p 00000000 00:00 0 
7f425ae98000-7f425ae99000 ---p 00000000 00:00 0 
7f425ae99000-7f425af99000 rw-p 00000000 00:00 0 
7f425af99000-7f425af9a000 ---p 00000000 00:00 0 
7f425af9a000-7f425b09a000 rw-p 00000000 00:00 0 
7f425b09a000-7f425b09b000 ---p 00000000 00:00 0 
7f425b09b000-7f425b1ce000 rw-p 00000000 00:00 0 
7f425b1ce000-7f425b38d000 ---p 00000000 00:00 0 
7f425b38d000-7f425b3c0000 rw-p 00000000 00:00 0 
7f425b3c0000-7f425b57f000 ---p 00000000 00:00 0 
7f425b57f000-7f425b678000 rw-p 00000000 00:00 0 
7f425b678000-7f425b6b4000 rw-p 00000000 00:00 0 
7f425b6b4000-7f425ba39000 ---p 00000000 00:00 0 
7f425ba39000-7f425c8c9000 rwxp 00000000 00:00 0 
7f425c8c9000-7f426aa39000 ---p 00000000 00:00 0 
7f426aa39000-7f426aa53000 r-xp 00000000 00:1f 8232058                    /gapp/x64linux/opt/java/jdk/jdk1.8.0_60/jre/lib/amd64/libzip.so
7f426aa53000-7f426ac53000 ---p 0001a000 00:1f 8232058                    /gapp/x64linux/opt/java/jdk/jdk1.8.0_60/jre/lib/amd64/libzip.so
7f426ac53000-7f426ac54000 rw-p 0001a000 00:1f 8232058                    /gapp/x64linux/opt/java/jdk/jdk1.8.0_60/jre/lib/amd64/libzip.so
7f426ac54000-7f426ac7e000 r-xp 00000000 00:1f 8232036                    /gapp/x64linux/opt/java/jdk/jdk1.8.0_60/jre/lib/amd64/libjava.so
7f426ac7e000-7f426ae7e000 ---p 0002a000 00:1f 8232036                    /gapp/x64linux/opt/java/jdk/jdk1.8.0_60/jre/lib/amd64/libjava.so
7f426ae7e000-7f426ae80000 rw-p 0002a000 00:1f 8232036                    /gapp/x64linux/opt/java/jdk/jdk1.8.0_60/jre/lib/amd64/libjava.so
7f426ae80000-7f426ae8d000 r-xp 00000000 00:1f 8232052                    /gapp/x64linux/opt/java/jdk/jdk1.8.0_60/jre/lib/amd64/libverify.so
7f426ae8d000-7f426b08d000 ---p 0000d000 00:1f 8232052                    /gapp/x64linux/opt/java/jdk/jdk1.8.0_60/jre/lib/amd64/libverify.so
7f426b08d000-7f426b08f000 rw-p 0000d000 00:1f 8232052                    /gapp/x64linux/opt/java/jdk/jdk1.8.0_60/jre/lib/amd64/libverify.so
7f426b08f000-7f426b096000 r-xp 00000000 08:03 26169478                   /lib/librt-2.11.1.so
7f426b096000-7f426b295000 ---p 00007000 08:03 26169478                   /lib/librt-2.11.1.so
7f426b295000-7f426b296000 r--p 00006000 08:03 26169478                   /lib/librt-2.11.1.so
7f426b296000-7f426b297000 rw-p 00007000 08:03 26169478                   /lib/librt-2.11.1.so
7f426b297000-7f426b319000 r-xp 00000000 08:03 26169471                   /lib/libm-2.11.1.so
7f426b319000-7f426b518000 ---p 00082000 08:03 26169471                   /lib/libm-2.11.1.so
7f426b518000-7f426b519000 r--p 00081000 08:03 26169471                   /lib/libm-2.11.1.so
7f426b519000-7f426b51a000 rw-p 00082000 08:03 26169471                   /lib/libm-2.11.1.so
7f426b51a000-7f426c1d8000 r-xp 00000000 00:1f 8232074                    /gapp/x64linux/opt/java/jdk/jdk1.8.0_60/jre/lib/amd64/server/libjvm.so
7f426c1d8000-7f426c3d7000 ---p 00cbe000 00:1f 8232074                    /gapp/x64linux/opt/java/jdk/jdk1.8.0_60/jre/lib/amd64/server/libjvm.so
7f426c3d7000-7f426c4af000 rw-p 00cbd000 00:1f 8232074                    /gapp/x64linux/opt/java/jdk/jdk1.8.0_60/jre/lib/amd64/server/libjvm.so
7f426c4af000-7f426c4f4000 rw-p 00000000 00:00 0 
7f426c4f4000-7f426c673000 r-xp 00000000 08:03 26171010                   /lib/libc-2.11.1.so
7f426c673000-7f426c873000 ---p 0017f000 08:03 26171010                   /lib/libc-2.11.1.so
7f426c873000-7f426c877000 r--p 0017f000 08:03 26171010                   /lib/libc-2.11.1.so
7f426c877000-7f426c878000 rw-p 00183000 08:03 26171010                   /lib/libc-2.11.1.so
7f426c878000-7f426c87d000 rw-p 00000000 00:00 0 
7f426c87d000-7f426c87f000 r-xp 00000000 08:03 26171008                   /lib/libdl-2.11.1.so
7f426c87f000-7f426ca7f000 ---p 00002000 08:03 26171008                   /lib/libdl-2.11.1.so
7f426ca7f000-7f426ca80000 r--p 00002000 08:03 26171008                   /lib/libdl-2.11.1.so
7f426ca80000-7f426ca81000 rw-p 00003000 08:03 26171008                   /lib/libdl-2.11.1.so
7f426ca81000-7f426ca96000 r-xp 00000000 00:1f 8231119                    /gapp/x64linux/opt/java/jdk/jdk1.8.0_60/lib/amd64/jli/libjli.so
7f426ca96000-7f426cc96000 ---p 00015000 00:1f 8231119                    /gapp/x64linux/opt/java/jdk/jdk1.8.0_60/lib/amd64/jli/libjli.so
7f426cc96000-7f426cc97000 rw-p 00015000 00:1f 8231119                    /gapp/x64linux/opt/java/jdk/jdk1.8.0_60/lib/amd64/jli/libjli.so
7f426cc97000-7f426ccaf000 r-xp 00000000 08:03 26171004                   /lib/libpthread-2.11.1.so
7f426ccaf000-7f426ceae000 ---p 00018000 08:03 26171004                   /lib/libpthread-2.11.1.so
7f426ceae000-7f426ceaf000 r--p 00017000 08:03 26171004                   /lib/libpthread-2.11.1.so
7f426ceaf000-7f426ceb0000 rw-p 00018000 08:03 26171004                   /lib/libpthread-2.11.1.so
7f426ceb0000-7f426ceb4000 rw-p 00000000 00:00 0 
7f426ceb4000-7f426ced4000 r-xp 00000000 08:03 26169483                   /lib/ld-2.11.1.so
7f426ced7000-7f426cedc000 r--s 00083000 00:1f 8232109                    /gapp/x64linux/opt/java/jdk/jdk1.8.0_60/jre/lib/jfr.jar
7f426cedc000-7f426cee2000 r--s 002f8000 00:1f 8232024                    /gapp/x64linux/opt/java/jdk/jdk1.8.0_60/jre/lib/charsets.jar
7f426cee2000-7f426cef5000 r--s 00344000 00:1f 8232138                    /gapp/x64linux/opt/java/jdk/jdk1.8.0_60/jre/lib/resources.jar
7f426cef5000-7f426cef8000 r--s 0001a000 00:1f 8232025                    /gapp/x64linux/opt/java/jdk/jdk1.8.0_60/jre/lib/jce.jar
7f426cef8000-7f426cefc000 r--s 00095000 00:1f 8232111                    /gapp/x64linux/opt/java/jdk/jdk1.8.0_60/jre/lib/jsse.jar
7f426cefe000-7f426ceff000 rw-s 00000000 08:03 180760                     /tmp/ffijGaPOA (deleted)
7f426ceff000-7f426cf00000 r-xs 00000000 08:03 180760                     /tmp/ffijGaPOA (deleted)
7f426cf00000-7f426cf0f000 r--s 00141000 00:24 4301113855                 /gscmnt/gc2801/analytics/jeldred/GenomeSTRiP/svtoolkit/lib/SVToolkit.jar
7f426cf0f000-7f426cf10000 r--p 00000000 08:03 13914192                   /usr/lib/locale/en_US.utf8/LC_NUMERIC
7f426cf10000-7f426cf11000 r--p 00000000 08:03 13914195                   /usr/lib/locale/en_US.utf8/LC_TIME
7f426cf11000-7f426cf12000 r--p 00000000 08:03 13914190                   /usr/lib/locale/en_US.utf8/LC_MONETARY
7f426cf12000-7f426cf13000 r--p 00000000 08:03 13914196                   /usr/lib/locale/en_US.utf8/LC_MESSAGES/SYS_LC_MESSAGES
7f426cf13000-7f426cf14000 r--p 00000000 08:03 13914193                   /usr/lib/locale/en_US.utf8/LC_PAPER
7f426cf14000-7f426cf15000 r--p 00000000 08:03 13914191                   /usr/lib/locale/en_US.utf8/LC_NAME
7f426cf15000-7f426cf16000 r--p 00000000 08:03 13914185                   /usr/lib/locale/en_US.utf8/LC_ADDRESS
7f426cf16000-7f426cf17000 r--p 00000000 08:03 13914194                   /usr/lib/locale/en_US.utf8/LC_TELEPHONE
7f426cf17000-7f426cf18000 r--p 00000000 08:03 13914189                   /usr/lib/locale/en_US.utf8/LC_MEASUREMENT
7f426cf18000-7f426cf1f000 r--s 00000000 08:03 30588971                   /usr/lib/gconv/gconv-modules.cache
7f426cf1f000-7f426cf20000 r--p 00000000 08:03 13914188                   /usr/lib/locale/en_US.utf8/LC_IDENTIFICATION
7f426cf20000-7f426cf8d000 rw-p 00000000 00:00 0 
7f426cf8d000-7f426cf95000 rw-s 00000000 08:03 907469                     /tmp/hsperfdata_idas/21025
7f426cf95000-7f426cfca000 r--s 00000000 08:03 31114243                   /var/cache/nscd/passwd
7f426cfca000-7f426cfcb000 rw-p 00000000 00:00 0 
7f426cfcb000-7f426cfcc000 r--p 00000000 00:00 0 
7f426cfcc000-7f426cfcf000 ---p 00000000 00:00 0 
7f426cfcf000-7f426d0d3000 rw-p 00000000 00:00 0 
7f426d0d3000-7f426d0d4000 r--p 0001f000 08:03 26169483                   /lib/ld-2.11.1.so
7f426d0d4000-7f426d0d5000 rw-p 00020000 08:03 26169483                   /lib/ld-2.11.1.so
7f426d0d5000-7f426d0d6000 rw-p 00000000 00:00 0 
7fffeb307000-7fffeb32a000 rw-p 00000000 00:00 0                          [stack]
7fffeb3c9000-7fffeb3ca000 r-xp 00000000 00:00 0                          [vdso]
ffffffffff600000-ffffffffff601000 r-xp 00000000 00:00 0                  [vsyscall]

VM Arguments:
java_command: org.broadinstitute.gatk.queue.QCommandLine -S /gscmnt/gc2801/analytics/jeldred/scripts/Hello.q -disableJobReport -l DEBUG -jobRunner Drmaa -jobQueue short -run
java_class_path (initial): /gscmnt/gc2801/analytics/jeldred/GenomeSTRiP/svtoolkit/lib/SVToolkit.jar:/gscmnt/gc2802/halllab/idas/jira/BIO-1662/vendor/local/jars/GenomeAnalysisTK-3.5-idas-experimental-9420569-2016.03.31.jar:/gscmnt/gc2802/halllab/idas/jira/BIO-1662/vendor/github/gatk-protected/protected/gatk-queue-package-distribution/target/gatk-queue-package-distribution-3.5.jar
Launcher Type: SUN_STANDARD

Environment Variables:
JAVA_HOME=/gapp/x64linux/opt/java/jdk/jdk1.8.0_60
PATH=/gapp/x64linux/opt/java/jdk/jdk1.8.0_60/bin:/gscmnt/gc2801/analytics/jeldred/GenomeSTRiP/bin:/gscuser/idas/software/scala/scala-2.11.8/bin:/gapp/x64linux/opt/java/jdk/jdk1.8.0_60/bin:/gscuser/idas/.goenv/shims:/gscuser/idas/.Renv/shims:/gscuser/idas/.plenv/shims:/gscuser/idas/.pyenv/plugins/pyenv-virtualenv/shims:/gscuser/idas/.pyenv/libexec:/gscuser/idas/.pyenv/plugins/python-build/bin:/gscuser/idas/.pyenv/plugins/pyenv-virtualenv/bin:/gscuser/idas/.pyenv/shims:/gscuser/idas/.rbenv/shims:/gscuser/idas/.goenv/bin:/gscuser/idas/.Renv/bin:/gscuser/idas/.pyenv/bin:/gscuser/idas/.rbenv/bin:/gscuser/idas/.plenv/bin:/gscuser/idas/vim74/bin:/gscuser/idas/software/cmake/bin:/bin:/gscuser/idas/bin:/gapp/noarch/bin:/gapp/x64linux/bin:/gapp/ia32linux/bin:/gsc/scripts/opt/genome/current/user/bin:/gsc/scripts/bin:/gsc/scripts/opt/lims/snapshots/current/bin:/gsc/bin:/gsc/java/bin:/opt/lsf9/9.1/linux2.6-glibc2.3-x86_64/etc:/opt/lsf9/9.1/linux2.6-glibc2.3-x86_64/bin:/usr/local/bin:/usr/bin:/bin:/usr/sbin:/gsc/scripts/gsc/info:/gsc/scripts/opt/lims/snapshots/current/bin:/gsc/pkg/oracle/10gR2/db_1/bin
LD_LIBRARY_PATH=/tmp/idas-local/lib:/gapp/x64linux/lib:/gapp/ia32linux/lib:/gsc/lib:/usr/local/lib:/usr/lib:/lib:/gapp/x64linux/lib:/gapp/ia32linux/lib:/gsc/lib:/usr/local/lib:/usr/lib:/lib:/opt/lsf9/9.1/linux2.6-glibc2.3-x86_64/lib:/gsc/pkg/oracle/10gR2/db_1/lib:/gsc/pkg/oracle/10gR2/db_1/lib
SHELL=/bin/bash
DISPLAY=linus261.gsc.wustl.edu:10.0

Signal Handlers:
SIGSEGV: [libjvm.so+0xaba070], sa_mask[0]=11111111011111111101111111111110, sa_flags=SA_RESTART|SA_SIGINFO
SIGBUS: [libjvm.so+0xaba070], sa_mask[0]=11111111011111111101111111111110, sa_flags=SA_RESTART|SA_SIGINFO
SIGFPE: [libjvm.so+0x917630], sa_mask[0]=11111111011111111101111111111110, sa_flags=SA_RESTART|SA_SIGINFO
SIGPIPE: [libjvm.so+0x917630], sa_mask[0]=11111111011111111101111111111110, sa_flags=SA_RESTART|SA_SIGINFO
SIGXFSZ: [libjvm.so+0x917630], sa_mask[0]=11111111011111111101111111111110, sa_flags=SA_RESTART|SA_SIGINFO
SIGILL: [libjvm.so+0x917630], sa_mask[0]=11111111011111111101111111111110, sa_flags=SA_RESTART|SA_SIGINFO
SIGUSR1: SIG_DFL, sa_mask[0]=00000000000000000000000000000000, sa_flags=none
SIGUSR2: [libjvm.so+0x918c60], sa_mask[0]=00000000000000000000000000000000, sa_flags=SA_RESTART|SA_SIGINFO
SIGHUP: [libjvm.so+0x91a060], sa_mask[0]=11111111011111111101111111111110, sa_flags=SA_RESTART|SA_SIGINFO
SIGINT: [libjvm.so+0x91a060], sa_mask[0]=11111111011111111101111111111110, sa_flags=SA_RESTART|SA_SIGINFO
SIGTERM: [libjvm.so+0x91a060], sa_mask[0]=11111111011111111101111111111110, sa_flags=SA_RESTART|SA_SIGINFO
SIGQUIT: [libjvm.so+0x91a060], sa_mask[0]=11111111011111111101111111111110, sa_flags=SA_RESTART|SA_SIGINFO


---------------  S Y S T E M  ---------------

OS:DISTRIB_ID=Ubuntu
DISTRIB_RELEASE=10.04
DISTRIB_CODENAME=lucid
DISTRIB_DESCRIPTION="Ubuntu 10.04.1 LTS"

uname:Linux 2.6.35-31-generic #62~lucid1-Ubuntu SMP Thu Nov 10 18:44:56 UTC 2011 x86_64
libc:glibc 2.11.1 NPTL 2.11.1 
rlimit: STACK 8192k, CORE 0k, NPROC infinity, NOFILE 1024, AS infinity
load average:0.43 0.72 0.77

/proc/meminfo:
MemTotal:        6117920 kB
MemFree:         1024880 kB
Buffers:          474712 kB
Cached:          2983868 kB
SwapCached:         1708 kB
Active:          2578908 kB
Inactive:        1851056 kB
Active(anon):     818544 kB
Inactive(anon):   154236 kB
Active(file):    1760364 kB
Inactive(file):  1696820 kB
Unevictable:          72 kB
Mlocked:              72 kB
SwapTotal:       1775176 kB
SwapFree:        1761440 kB
Dirty:               508 kB
Writeback:             0 kB
AnonPages:        969644 kB
Mapped:            51324 kB
Shmem:              1560 kB
Slab:             474708 kB
SReclaimable:     348964 kB
SUnreclaim:       125744 kB
KernelStack:        2648 kB
PageTables:        10120 kB
NFS_Unstable:          0 kB
Bounce:                0 kB
WritebackTmp:          0 kB
CommitLimit:     4834136 kB
Committed_AS:    1615780 kB
VmallocTotal:   34359738367 kB
VmallocUsed:      144276 kB
VmallocChunk:   34359590396 kB
HardwareCorrupted:     0 kB
HugePages_Total:       0
HugePages_Free:        0
HugePages_Rsvd:        0
HugePages_Surp:        0
Hugepagesize:       2048 kB
DirectMap4k:       28644 kB
DirectMap2M:     6260736 kB


CPU:total 4 (4 cores per cpu, 1 threads per core) family 6 model 26 stepping 5, cmov, cx8, fxsr, mmx, sse, sse2, sse3, ssse3, sse4.1, sse4.2, popcnt, tsc, tscinvbit, tscinv

/proc/cpuinfo:
processor	: 0
vendor_id	: GenuineIntel
cpu family	: 6
model		: 26
model name	: Intel(R) Xeon(R) CPU           E5504  @ 2.00GHz
stepping	: 5
cpu MHz		: 1994.937
cache size	: 4096 KB
physical id	: 0
siblings	: 4
core id		: 0
cpu cores	: 4
apicid		: 0
initial apicid	: 0
fpu		: yes
fpu_exception	: yes
cpuid level	: 11
wp		: yes
flags		: fpu vme de pse tsc msr pae mce cx8 apic sep mtrr pge mca cmov pat pse36 clflush dts acpi mmx fxsr sse sse2 ss ht tm pbe syscall nx rdtscp lm constant_tsc arch_perfmon pebs bts rep_good xtopology nonstop_tsc aperfmperf pni dtes64 monitor ds_cpl vmx est tm2 ssse3 cx16 xtpr pdcm dca sse4_1 sse4_2 popcnt lahf_lm dts tpr_shadow vnmi flexpriority ept vpid
bogomips	: 3989.87
clflush size	: 64
cache_alignment	: 64
address sizes	: 40 bits physical, 48 bits virtual
power management:

processor	: 1
vendor_id	: GenuineIntel
cpu family	: 6
model		: 26
model name	: Intel(R) Xeon(R) CPU           E5504  @ 2.00GHz
stepping	: 5
cpu MHz		: 1994.937
cache size	: 4096 KB
physical id	: 0
siblings	: 4
core id		: 1
cpu cores	: 4
apicid		: 2
initial apicid	: 2
fpu		: yes
fpu_exception	: yes
cpuid level	: 11
wp		: yes
flags		: fpu vme de pse tsc msr pae mce cx8 apic sep mtrr pge mca cmov pat pse36 clflush dts acpi mmx fxsr sse sse2 ss ht tm pbe syscall nx rdtscp lm constant_tsc arch_perfmon pebs bts rep_good xtopology nonstop_tsc aperfmperf pni dtes64 monitor ds_cpl vmx est tm2 ssse3 cx16 xtpr pdcm dca sse4_1 sse4_2 popcnt lahf_lm dts tpr_shadow vnmi flexpriority ept vpid
bogomips	: 3989.94
clflush size	: 64
cache_alignment	: 64
address sizes	: 40 bits physical, 48 bits virtual
power management:

processor	: 2
vendor_id	: GenuineIntel
cpu family	: 6
model		: 26
model name	: Intel(R) Xeon(R) CPU           E5504  @ 2.00GHz
stepping	: 5
cpu MHz		: 1994.937
cache size	: 4096 KB
physical id	: 0
siblings	: 4
core id		: 2
cpu cores	: 4
apicid		: 4
initial apicid	: 4
fpu		: yes
fpu_exception	: yes
cpuid level	: 11
wp		: yes
flags		: fpu vme de pse tsc msr pae mce cx8 apic sep mtrr pge mca cmov pat pse36 clflush dts acpi mmx fxsr sse sse2 ss ht tm pbe syscall nx rdtscp lm constant_tsc arch_perfmon pebs bts rep_good xtopology nonstop_tsc aperfmperf pni dtes64 monitor ds_cpl vmx est tm2 ssse3 cx16 xtpr pdcm dca sse4_1 sse4_2 popcnt lahf_lm dts tpr_shadow vnmi flexpriority ept vpid
bogomips	: 3989.94
clflush size	: 64
cache_alignment	: 64
address sizes	: 40 bits physical, 48 bits virtual
power management:

processor	: 3
vendor_id	: GenuineIntel
cpu family	: 6
model		: 26
model name	: Intel(R) Xeon(R) CPU           E5504  @ 2.00GHz
stepping	: 5
cpu MHz		: 1994.937
cache size	: 4096 KB
physical id	: 0
siblings	: 4
core id		: 3
cpu cores	: 4
apicid		: 6
initial apicid	: 6
fpu		: yes
fpu_exception	: yes
cpuid level	: 11
wp		: yes
flags		: fpu vme de pse tsc msr pae mce cx8 apic sep mtrr pge mca cmov pat pse36 clflush dts acpi mmx fxsr sse sse2 ss ht tm pbe syscall nx rdtscp lm constant_tsc arch_perfmon pebs bts rep_good xtopology nonstop_tsc aperfmperf pni dtes64 monitor ds_cpl vmx est tm2 ssse3 cx16 xtpr pdcm dca sse4_1 sse4_2 popcnt lahf_lm dts tpr_shadow vnmi flexpriority ept vpid
bogomips	: 3989.94
clflush size	: 64
cache_alignment	: 64
address sizes	: 40 bits physical, 48 bits virtual
power management:



Memory: 4k page, physical 6117920k(1024880k free), swap 1775176k(1761440k free)

vm_info: Java HotSpot(TM) 64-Bit Server VM (25.60-b23) for linux-amd64 JRE (1.8.0_60-b27), built on Aug  4 2015 12:19:40 by "java_re" with gcc 4.3.0 20080428 (Red Hat 4.3.0-8)

time: Thu Mar 31 10:46:45 2016
elapsed time: 39 seconds (0d 0h 0m 39s)

